2024-05-21 19:09:58.670 | INFO     | prover_rir.proof_search:__init__:113 - Using gen_type: goal_driven_tactic.
2024-05-21 19:09:58.675 | INFO     | prover_rir.proof_search:__init__:113 - Using gen_type: goal_driven_tactic.
2024-05-21 19:09:58.677 | INFO     | prover_rir.proof_search:search:119 - Proving Theorem(repo=LeanGitRepo(url='https://github.com/leanprover-community/mathlib4', commit='fe4454af900584467d21f4fd4fe951d29d9332a7'), file_path=PosixPath('Mathlib/SetTheory/Game/PGame.lean'), full_name='SetTheory.PGame.leftMoves_add_cases')
2024-05-21 19:09:58.681 | INFO     | prover_rir.proof_search:search:119 - Proving Theorem(repo=LeanGitRepo(url='https://github.com/leanprover-community/mathlib4', commit='fe4454af900584467d21f4fd4fe951d29d9332a7'), file_path=PosixPath('Mathlib/NumberTheory/LegendreSymbol/JacobiSymbol.lean'), full_name='jacobiSym.eq_zero_iff_not_coprime')
2024-05-21 19:09:58.732 | INFO     | prover_rir.proof_search:__init__:113 - Using gen_type: goal_driven_tactic.
2024-05-21 19:09:58.738 | INFO     | prover_rir.proof_search:search:119 - Proving Theorem(repo=LeanGitRepo(url='https://github.com/leanprover-community/mathlib4', commit='fe4454af900584467d21f4fd4fe951d29d9332a7'), file_path=PosixPath('Mathlib/Data/Finset/Basic.lean'), full_name='Finset.union_subset_left')
2024-05-21 19:09:58.850 | INFO     | prover_rir.proof_search:__init__:113 - Using gen_type: goal_driven_tactic.
2024-05-21 19:09:58.857 | INFO     | prover_rir.proof_search:search:119 - Proving Theorem(repo=LeanGitRepo(url='https://github.com/leanprover-community/mathlib4', commit='fe4454af900584467d21f4fd4fe951d29d9332a7'), file_path=PosixPath('Mathlib/MeasureTheory/Function/SimpleFuncDenseLp.lean'), full_name='MeasureTheory.Lp.simpleFunc.toLp_add')
2024-05-21 19:09:58.899 | INFO     | prover_rir.proof_search:__init__:113 - Using gen_type: goal_driven_tactic.
2024-05-21 19:09:58.905 | INFO     | prover_rir.proof_search:search:119 - Proving Theorem(repo=LeanGitRepo(url='https://github.com/leanprover-community/mathlib4', commit='fe4454af900584467d21f4fd4fe951d29d9332a7'), file_path=PosixPath('Mathlib/Data/List/Sigma.lean'), full_name='List.NodupKeys.sublist')
2024-05-21 19:09:58.914 | INFO     | prover_rir.proof_search:__init__:113 - Using gen_type: goal_driven_tactic.
2024-05-21 19:09:58.919 | INFO     | prover_rir.proof_search:search:119 - Proving Theorem(repo=LeanGitRepo(url='https://github.com/leanprover-community/mathlib4', commit='fe4454af900584467d21f4fd4fe951d29d9332a7'), file_path=PosixPath('Mathlib/Probability/Distributions/Geometric.lean'), full_name='ProbabilityTheory.geometricPMFRealSum')
2024-05-21 19:09:58.946 | INFO     | prover_rir.proof_search:__init__:113 - Using gen_type: goal_driven_tactic.
2024-05-21 19:09:58.952 | INFO     | prover_rir.proof_search:__init__:113 - Using gen_type: goal_driven_tactic.
2024-05-21 19:09:58.952 | INFO     | prover_rir.proof_search:search:119 - Proving Theorem(repo=LeanGitRepo(url='https://github.com/leanprover-community/mathlib4', commit='fe4454af900584467d21f4fd4fe951d29d9332a7'), file_path=PosixPath('Mathlib/Order/UpperLower/Basic.lean'), full_name='isUpperSet_preimage_toDual_iff')
2024-05-21 19:09:58.959 | INFO     | prover_rir.proof_search:search:119 - Proving Theorem(repo=LeanGitRepo(url='https://github.com/leanprover-community/mathlib4', commit='fe4454af900584467d21f4fd4fe951d29d9332a7'), file_path=PosixPath('Mathlib/Order/ConditionallyCompleteLattice/Basic.lean'), full_name='OrderIso.map_ciSup')
2024-05-21 19:09:58.974 | INFO     | prover_rir.proof_search:__init__:113 - Using gen_type: goal_driven_tactic.
2024-05-21 19:09:58.980 | INFO     | prover_rir.proof_search:search:119 - Proving Theorem(repo=LeanGitRepo(url='https://github.com/leanprover-community/mathlib4', commit='fe4454af900584467d21f4fd4fe951d29d9332a7'), file_path=PosixPath('Mathlib/Analysis/Analytic/Basic.lean'), full_name='HasFPowerSeriesOnBall.eventually_eq_zero')
2024-05-21 19:09:59.047 | INFO     | prover_rir.proof_search:__init__:113 - Using gen_type: goal_driven_tactic.
2024-05-21 19:09:59.053 | INFO     | prover_rir.proof_search:search:119 - Proving Theorem(repo=LeanGitRepo(url='https://github.com/leanprover-community/mathlib4', commit='fe4454af900584467d21f4fd4fe951d29d9332a7'), file_path=PosixPath('Mathlib/SetTheory/Ordinal/Principal.lean'), full_name='Ordinal.mul_omega')
2024-05-21 19:09:59.795 | INFO     | prover_rir.proof_search:__init__:113 - Using gen_type: goal_driven_tactic.
2024-05-21 19:09:59.802 | INFO     | prover_rir.proof_search:search:119 - Proving Theorem(repo=LeanGitRepo(url='https://github.com/leanprover-community/mathlib4', commit='fe4454af900584467d21f4fd4fe951d29d9332a7'), file_path=PosixPath('Mathlib/Order/Bounds/Basic.lean'), full_name='IsLeast.dual')
2024-05-21 19:09:59.894 | INFO     | prover_rir.proof_search:__init__:113 - Using gen_type: goal_driven_tactic.
2024-05-21 19:09:59.902 | INFO     | prover_rir.proof_search:search:119 - Proving Theorem(repo=LeanGitRepo(url='https://github.com/leanprover-community/mathlib4', commit='fe4454af900584467d21f4fd4fe951d29d9332a7'), file_path=PosixPath('Mathlib/Order/Hom/Lattice.lean'), full_name='LatticeHom.coe_toSupHom')
2024-05-21 19:09:59.922 | INFO     | prover_rir.proof_search:__init__:113 - Using gen_type: goal_driven_tactic.
2024-05-21 19:09:59.929 | INFO     | prover_rir.proof_search:search:119 - Proving Theorem(repo=LeanGitRepo(url='https://github.com/leanprover-community/mathlib4', commit='fe4454af900584467d21f4fd4fe951d29d9332a7'), file_path=PosixPath('Mathlib/Order/Bounds/Basic.lean'), full_name='not_bddBelow_iff')
2024-05-21 19:12:50.024 | INFO     | prover_rir.proof_search:_best_first_search:209 - Failed early!
2024-05-21 19:12:53.665 | INFO     | prover_rir.proof_search:_best_first_search:209 - Failed early!
2024-05-21 19:12:56.007 | INFO     | prover_rir.proof_search:_best_first_search:213 - Found a proof!
2024-05-21 19:13:02.004 | INFO     | prover_rir.proof_search:_best_first_search:209 - Failed early!
2024-05-21 19:13:01.964 | INFO     | prover_rir.proof_search:_best_first_search:209 - Failed early!
2024-05-21 19:13:02.225 | INFO     | prover_rir.proof_search:_best_first_search:209 - Failed early!
