2024-05-23 06:17:00.725 | INFO     | prover_rir.proof_search:__init__:113 - Using gen_type: goal_driven_tactic.
2024-05-23 06:17:00.731 | INFO     | prover_rir.proof_search:search:119 - Proving Theorem(repo=LeanGitRepo(url='https://github.com/yangky11/miniF2F-lean4', commit='9e445f5435407f014b88b44a98436d50dd7abd00'), file_path=PosixPath('MiniF2F/Test.lean'), full_name='mathd_algebra_275')
2024-05-23 06:17:00.747 | INFO     | prover_rir.proof_search:__init__:113 - Using gen_type: goal_driven_tactic.
2024-05-23 06:17:00.753 | INFO     | prover_rir.proof_search:search:119 - Proving Theorem(repo=LeanGitRepo(url='https://github.com/yangky11/miniF2F-lean4', commit='9e445f5435407f014b88b44a98436d50dd7abd00'), file_path=PosixPath('MiniF2F/Test.lean'), full_name='imo_1977_p6')
2024-05-23 06:17:01.747 | INFO     | prover_rir.proof_search:__init__:113 - Using gen_type: goal_driven_tactic.
2024-05-23 06:17:01.753 | INFO     | prover_rir.proof_search:search:119 - Proving Theorem(repo=LeanGitRepo(url='https://github.com/yangky11/miniF2F-lean4', commit='9e445f5435407f014b88b44a98436d50dd7abd00'), file_path=PosixPath('MiniF2F/Test.lean'), full_name='aime_1983_p1')
2024-05-23 06:17:02.619 | INFO     | prover_rir.proof_search:__init__:113 - Using gen_type: goal_driven_tactic.
2024-05-23 06:17:02.625 | INFO     | prover_rir.proof_search:search:119 - Proving Theorem(repo=LeanGitRepo(url='https://github.com/yangky11/miniF2F-lean4', commit='9e445f5435407f014b88b44a98436d50dd7abd00'), file_path=PosixPath('MiniF2F/Test.lean'), full_name='mathd_numbertheory_541')
2024-05-23 06:17:55.660 | INFO     | prover_rir.proof_search:_best_first_search:213 - Found a proof!
2024-05-23 06:18:02.086 | INFO     | prover_rir.proof_search:search:179 - Search Result:

Theorem:
  Repository: LeanGitRepo(url='https://github.com/yangky11/miniF2F-lean4', commit='9e445f5435407f014b88b44a98436d50dd7abd00')
  File Path: MiniF2F/Test.lean
  Full Name: mathd_algebra_275

Status: Status.PROVED

Proof:
  simpa using h

Search Statistics:
  Planner Time: 1.7294466539751738
  Actor Time: 6.025565332034603
  Environment Time: 0.19137772102840245
  Total Time: 7.946758239995688
  Total Nodes: 8
  Searched Nodes: 1
2024-05-23 06:18:02.088 | INFO     | prover_rir.proof_search:search:180 - 
---------------------------------

2024-05-23 06:18:02.096 | INFO     | prover_rir.proof_search:search:119 - Proving Theorem(repo=LeanGitRepo(url='https://github.com/yangky11/miniF2F-lean4', commit='9e445f5435407f014b88b44a98436d50dd7abd00'), file_path=PosixPath('MiniF2F/Test.lean'), full_name='mathd_numbertheory_212')
2024-05-23 06:18:33.802 | INFO     | prover_rir.proof_search:_best_first_search:213 - Found a proof!
2024-05-23 06:18:38.272 | INFO     | prover_rir.proof_search:search:179 - Search Result:

Theorem:
  Repository: LeanGitRepo(url='https://github.com/yangky11/miniF2F-lean4', commit='9e445f5435407f014b88b44a98436d50dd7abd00')
  File Path: MiniF2F/Test.lean
  Full Name: mathd_numbertheory_212

Status: Status.PROVED

Proof:
  norm_num

Search Statistics:
  Planner Time: 0.49163764994591475
  Actor Time: 3.9019118640571833
  Environment Time: 0.039544956060126424
  Total Time: 4.433411224978045
  Total Nodes: 2
  Searched Nodes: 1
2024-05-23 06:18:38.273 | INFO     | prover_rir.proof_search:search:180 - 
---------------------------------

2024-05-23 06:18:38.280 | INFO     | prover_rir.proof_search:search:119 - Proving Theorem(repo=LeanGitRepo(url='https://github.com/yangky11/miniF2F-lean4', commit='9e445f5435407f014b88b44a98436d50dd7abd00'), file_path=PosixPath('MiniF2F/Test.lean'), full_name='numbertheory_fxeq4powxp6powxp9powx_f2powmdvdf2pown')
2024-05-23 06:23:38.634 | WARNING  | prover_rir.proof_search:search:158 - Dojo crashed with Unexpected EOF when proving Theorem(repo=LeanGitRepo(url='https://github.com/yangky11/miniF2F-lean4', commit='9e445f5435407f014b88b44a98436d50dd7abd00'), file_path=PosixPath('MiniF2F/Test.lean'), full_name='mathd_numbertheory_541')
2024-05-23 06:23:45.696 | INFO     | prover_rir.proof_search:search:179 - Search Result:

Theorem:
  Repository: LeanGitRepo(url='https://github.com/yangky11/miniF2F-lean4', commit='9e445f5435407f014b88b44a98436d50dd7abd00')
  File Path: MiniF2F/Test.lean
  Full Name: mathd_numbertheory_541

Status: Status.OPEN

Proof: None

Search Statistics:
  Planner Time: 45.65702402568422
  Actor Time: 227.79935116437264
  Environment Time: 73.56240302836522
  Total Time: 335.85836025699973
  Total Nodes: 1738
  Searched Nodes: 28
2024-05-23 06:23:45.697 | INFO     | prover_rir.proof_search:search:180 - 
---------------------------------

2024-05-23 06:23:45.706 | INFO     | prover_rir.proof_search:search:119 - Proving Theorem(repo=LeanGitRepo(url='https://github.com/yangky11/miniF2F-lean4', commit='9e445f5435407f014b88b44a98436d50dd7abd00'), file_path=PosixPath('MiniF2F/Test.lean'), full_name='aime_1990_p15')
2024-05-23 06:24:21.258 | INFO     | prover_rir.proof_search:_best_first_search:192 - Ran out of nodes to search.
2024-05-23 06:24:26.366 | INFO     | prover_rir.proof_search:search:179 - Search Result:

Theorem:
  Repository: LeanGitRepo(url='https://github.com/yangky11/miniF2F-lean4', commit='9e445f5435407f014b88b44a98436d50dd7abd00')
  File Path: MiniF2F/Test.lean
  Full Name: aime_1990_p15

Status: Status.OPEN

Proof: None

Search Statistics:
  Planner Time: 2.1321868621744215
  Actor Time: 7.678734394023195
  Environment Time: 1.2379783554933965
  Total Time: 11.052299966104329
  Total Nodes: 31
  Searched Nodes: 1
2024-05-23 06:24:26.366 | INFO     | prover_rir.proof_search:search:180 - 
---------------------------------

2024-05-23 06:24:26.374 | INFO     | prover_rir.proof_search:search:119 - Proving Theorem(repo=LeanGitRepo(url='https://github.com/yangky11/miniF2F-lean4', commit='9e445f5435407f014b88b44a98436d50dd7abd00'), file_path=PosixPath('MiniF2F/Test.lean'), full_name='mathd_algebra_302')
2024-05-23 06:24:57.826 | INFO     | prover_rir.proof_search:_best_first_search:213 - Found a proof!
2024-05-23 06:25:02.087 | INFO     | prover_rir.proof_search:search:179 - Search Result:

Theorem:
  Repository: LeanGitRepo(url='https://github.com/yangky11/miniF2F-lean4', commit='9e445f5435407f014b88b44a98436d50dd7abd00')
  File Path: MiniF2F/Test.lean
  Full Name: mathd_algebra_302

Status: Status.PROVED

Proof:
  norm_num

Search Statistics:
  Planner Time: 0.49339996883645654
  Actor Time: 5.138916139025241
  Environment Time: 0.31518259132280946
  Total Time: 5.948319992981851
  Total Nodes: 17
  Searched Nodes: 1
2024-05-23 06:25:02.088 | INFO     | prover_rir.proof_search:search:180 - 
---------------------------------

2024-05-23 06:25:02.093 | INFO     | prover_rir.proof_search:search:119 - Proving Theorem(repo=LeanGitRepo(url='https://github.com/yangky11/miniF2F-lean4', commit='9e445f5435407f014b88b44a98436d50dd7abd00'), file_path=PosixPath('MiniF2F/Test.lean'), full_name='imo_1992_p1')
2024-05-23 06:32:14.208 | WARNING  | prover_rir.proof_search:search:158 - Dojo crashed with Unexpected EOF when proving Theorem(repo=LeanGitRepo(url='https://github.com/yangky11/miniF2F-lean4', commit='9e445f5435407f014b88b44a98436d50dd7abd00'), file_path=PosixPath('MiniF2F/Test.lean'), full_name='imo_1977_p6')
2024-05-23 06:32:19.269 | INFO     | prover_rir.proof_search:search:179 - Search Result:

Theorem:
  Repository: LeanGitRepo(url='https://github.com/yangky11/miniF2F-lean4', commit='9e445f5435407f014b88b44a98436d50dd7abd00')
  File Path: MiniF2F/Test.lean
  Full Name: imo_1977_p6

Status: Status.OPEN

Proof: None

Search Statistics:
  Planner Time: 228.5042698911857
  Actor Time: 526.2588577477727
  Environment Time: 107.81304898997769
  Total Time: 855.7887429101393
  Total Nodes: 4379
  Searched Nodes: 90
2024-05-23 06:32:19.269 | INFO     | prover_rir.proof_search:search:180 - 
---------------------------------

2024-05-23 06:32:19.277 | INFO     | prover_rir.proof_search:search:119 - Proving Theorem(repo=LeanGitRepo(url='https://github.com/yangky11/miniF2F-lean4', commit='9e445f5435407f014b88b44a98436d50dd7abd00'), file_path=PosixPath('MiniF2F/Test.lean'), full_name='mathd_numbertheory_427')
2024-05-23 06:33:01.715 | WARNING  | prover_rir.proof_search:search:158 - Dojo crashed with Unexpected EOF when proving Theorem(repo=LeanGitRepo(url='https://github.com/yangky11/miniF2F-lean4', commit='9e445f5435407f014b88b44a98436d50dd7abd00'), file_path=PosixPath('MiniF2F/Test.lean'), full_name='mathd_numbertheory_427')
2024-05-23 06:33:08.159 | INFO     | prover_rir.proof_search:search:179 - Search Result:

Theorem:
  Repository: LeanGitRepo(url='https://github.com/yangky11/miniF2F-lean4', commit='9e445f5435407f014b88b44a98436d50dd7abd00')
  File Path: MiniF2F/Test.lean
  Full Name: mathd_numbertheory_427

Status: Status.OPEN

Proof: None

Search Statistics:
  Planner Time: 0.8764388679992408
  Actor Time: 4.469033130211756
  Environment Time: 6.180989684537053
  Total Time: 855.7887429101393
  Total Nodes: 32
  Searched Nodes: 0
2024-05-23 06:33:08.160 | INFO     | prover_rir.proof_search:search:180 - 
---------------------------------

2024-05-23 06:33:08.168 | INFO     | prover_rir.proof_search:search:119 - Proving Theorem(repo=LeanGitRepo(url='https://github.com/yangky11/miniF2F-lean4', commit='9e445f5435407f014b88b44a98436d50dd7abd00'), file_path=PosixPath('MiniF2F/Test.lean'), full_name='mathd_algebra_215')
2024-05-23 06:37:54.173 | INFO     | prover_rir.proof_search:_best_first_search:205 - Search timed out.
2024-05-23 06:37:59.155 | INFO     | prover_rir.proof_search:search:179 - Search Result:

Theorem:
  Repository: LeanGitRepo(url='https://github.com/yangky11/miniF2F-lean4', commit='9e445f5435407f014b88b44a98436d50dd7abd00')
  File Path: MiniF2F/Test.lean
  Full Name: aime_1983_p1

Status: Status.OPEN

Proof: None

Search Statistics:
  Planner Time: 235.84470903500915
  Actor Time: 739.053462640848
  Environment Time: 232.75011170911603
  Total Time: 1208.1043215198442
  Total Nodes: 5483
  Searched Nodes: 115
2024-05-23 06:37:59.155 | INFO     | prover_rir.proof_search:search:180 - 
---------------------------------

2024-05-23 06:37:59.160 | INFO     | prover_rir.proof_search:search:119 - Proving Theorem(repo=LeanGitRepo(url='https://github.com/yangky11/miniF2F-lean4', commit='9e445f5435407f014b88b44a98436d50dd7abd00'), file_path=PosixPath('MiniF2F/Test.lean'), full_name='induction_11div10tonmn1ton')
2024-05-23 06:38:08.994 | WARNING  | prover_rir.proof_search:search:158 - Dojo crashed with Unexpected EOF when proving Theorem(repo=LeanGitRepo(url='https://github.com/yangky11/miniF2F-lean4', commit='9e445f5435407f014b88b44a98436d50dd7abd00'), file_path=PosixPath('MiniF2F/Test.lean'), full_name='imo_1992_p1')
2024-05-23 06:38:15.952 | INFO     | prover_rir.proof_search:search:179 - Search Result:

Theorem:
  Repository: LeanGitRepo(url='https://github.com/yangky11/miniF2F-lean4', commit='9e445f5435407f014b88b44a98436d50dd7abd00')
  File Path: MiniF2F/Test.lean
  Full Name: imo_1992_p1

Status: Status.OPEN

Proof: None

Search Statistics:
  Planner Time: 75.79400872765109
  Actor Time: 366.12633684952743
  Environment Time: 311.855070310412
  Total Time: 750.7535802519415
  Total Nodes: 2420
  Searched Nodes: 40
2024-05-23 06:38:15.954 | INFO     | prover_rir.proof_search:search:180 - 
---------------------------------

2024-05-23 06:38:15.961 | INFO     | prover_rir.proof_search:search:119 - Proving Theorem(repo=LeanGitRepo(url='https://github.com/yangky11/miniF2F-lean4', commit='9e445f5435407f014b88b44a98436d50dd7abd00'), file_path=PosixPath('MiniF2F/Test.lean'), full_name='mathd_numbertheory_495')
2024-05-23 06:39:03.413 | INFO     | prover_rir.proof_search:_best_first_search:205 - Search timed out.
2024-05-23 06:39:10.532 | INFO     | prover_rir.proof_search:search:179 - Search Result:

Theorem:
  Repository: LeanGitRepo(url='https://github.com/yangky11/miniF2F-lean4', commit='9e445f5435407f014b88b44a98436d50dd7abd00')
  File Path: MiniF2F/Test.lean
  Full Name: numbertheory_fxeq4powxp6powxp9powx_f2powmdvdf2pown

Status: Status.OPEN

Proof: None

Search Statistics:
  Planner Time: 80.75299929385073
  Actor Time: 361.7159347005654
  Environment Time: 762.905018529389
  Total Time: 1205.566081166966
  Total Nodes: 2490
  Searched Nodes: 44
2024-05-23 06:39:10.534 | INFO     | prover_rir.proof_search:search:180 - 
---------------------------------

2024-05-23 06:39:10.539 | INFO     | prover_rir.proof_search:search:119 - Proving Theorem(repo=LeanGitRepo(url='https://github.com/yangky11/miniF2F-lean4', commit='9e445f5435407f014b88b44a98436d50dd7abd00'), file_path=PosixPath('MiniF2F/Test.lean'), full_name='imo_1997_p5')
2024-05-23 06:54:32.646 | INFO     | prover_rir.proof_search:_best_first_search:205 - Search timed out.
2024-05-23 06:54:38.685 | INFO     | prover_rir.proof_search:search:179 - Search Result:

Theorem:
  Repository: LeanGitRepo(url='https://github.com/yangky11/miniF2F-lean4', commit='9e445f5435407f014b88b44a98436d50dd7abd00')
  File Path: MiniF2F/Test.lean
  Full Name: mathd_algebra_215

Status: Status.OPEN

Proof: None

Search Statistics:
  Planner Time: 3.0210316739976406
  Actor Time: 21.99553902610205
  Environment Time: 6.022000959608704
  Total Time: 1259.9859613659792
  Total Nodes: 227
  Searched Nodes: 2
2024-05-23 06:54:38.686 | INFO     | prover_rir.proof_search:search:180 - 
---------------------------------

2024-05-23 06:54:38.694 | INFO     | prover_rir.proof_search:search:119 - Proving Theorem(repo=LeanGitRepo(url='https://github.com/yangky11/miniF2F-lean4', commit='9e445f5435407f014b88b44a98436d50dd7abd00'), file_path=PosixPath('MiniF2F/Test.lean'), full_name='mathd_algebra_346')
2024-05-23 06:55:20.713 | INFO     | prover_rir.proof_search:_best_first_search:213 - Found a proof!
2024-05-23 06:55:27.265 | INFO     | prover_rir.proof_search:search:179 - Search Result:

Theorem:
  Repository: LeanGitRepo(url='https://github.com/yangky11/miniF2F-lean4', commit='9e445f5435407f014b88b44a98436d50dd7abd00')
  File Path: MiniF2F/Test.lean
  Full Name: mathd_algebra_346

Status: Status.PROVED

Proof:
  simp [h₀, h₁, h₀]
  norm_num

Search Statistics:
  Planner Time: 2.346677314955741
  Actor Time: 12.469490490155295
  Environment Time: 3.9541649748571217
  Total Time: 18.77511629415676
  Total Nodes: 64
  Searched Nodes: 2
2024-05-23 06:55:27.266 | INFO     | prover_rir.proof_search:search:180 - 
---------------------------------

2024-05-23 06:55:27.274 | INFO     | prover_rir.proof_search:search:119 - Proving Theorem(repo=LeanGitRepo(url='https://github.com/yangky11/miniF2F-lean4', commit='9e445f5435407f014b88b44a98436d50dd7abd00'), file_path=PosixPath('MiniF2F/Test.lean'), full_name='mathd_algebra_304')
2024-05-23 06:55:53.204 | INFO     | prover_rir.proof_search:_best_first_search:213 - Found a proof!
2024-05-23 06:55:58.624 | INFO     | prover_rir.proof_search:search:179 - Search Result:

Theorem:
  Repository: LeanGitRepo(url='https://github.com/yangky11/miniF2F-lean4', commit='9e445f5435407f014b88b44a98436d50dd7abd00')
  File Path: MiniF2F/Test.lean
  Full Name: mathd_algebra_304

Status: Status.PROVED

Proof:
  norm_num1

Search Statistics:
  Planner Time: 0.19400506396777928
  Actor Time: 3.3757575219497085
  Environment Time: 0.007365582976490259
  Total Time: 3.577307081082836
  Total Nodes: 2
  Searched Nodes: 1
2024-05-23 06:55:58.624 | INFO     | prover_rir.proof_search:search:180 - 
---------------------------------

2024-05-23 06:55:58.632 | INFO     | prover_rir.proof_search:search:119 - Proving Theorem(repo=LeanGitRepo(url='https://github.com/yangky11/miniF2F-lean4', commit='9e445f5435407f014b88b44a98436d50dd7abd00'), file_path=PosixPath('MiniF2F/Test.lean'), full_name='aime_1988_p8')
2024-05-23 06:58:31.243 | INFO     | prover_rir.proof_search:_best_first_search:205 - Search timed out.
2024-05-23 06:58:35.334 | INFO     | prover_rir.proof_search:search:179 - Search Result:

Theorem:
  Repository: LeanGitRepo(url='https://github.com/yangky11/miniF2F-lean4', commit='9e445f5435407f014b88b44a98436d50dd7abd00')
  File Path: MiniF2F/Test.lean
  Full Name: induction_11div10tonmn1ton

Status: Status.OPEN

Proof: None

Search Statistics:
  Planner Time: 52.18318459368311
  Actor Time: 456.8759173997678
  Environment Time: 696.0847860549111
  Total Time: 1205.3818202740513
  Total Nodes: 3903
  Searched Nodes: 68
2024-05-23 06:58:35.335 | INFO     | prover_rir.proof_search:search:180 - 
---------------------------------

2024-05-23 06:58:35.342 | INFO     | prover_rir.proof_search:search:119 - Proving Theorem(repo=LeanGitRepo(url='https://github.com/yangky11/miniF2F-lean4', commit='9e445f5435407f014b88b44a98436d50dd7abd00'), file_path=PosixPath('MiniF2F/Test.lean'), full_name='mathd_algebra_125')
2024-05-23 06:58:49.120 | WARNING  | prover_rir.proof_search:search:158 - Dojo crashed with Unexpected EOF when proving Theorem(repo=LeanGitRepo(url='https://github.com/yangky11/miniF2F-lean4', commit='9e445f5435407f014b88b44a98436d50dd7abd00'), file_path=PosixPath('MiniF2F/Test.lean'), full_name='imo_1997_p5')
2024-05-23 06:58:53.205 | INFO     | prover_rir.proof_search:_best_first_search:205 - Search timed out.
2024-05-23 06:58:55.510 | INFO     | prover_rir.proof_search:search:179 - Search Result:

Theorem:
  Repository: LeanGitRepo(url='https://github.com/yangky11/miniF2F-lean4', commit='9e445f5435407f014b88b44a98436d50dd7abd00')
  File Path: MiniF2F/Test.lean
  Full Name: imo_1997_p5

Status: Status.OPEN

Proof: None

Search Statistics:
  Planner Time: 149.9965489541646
  Actor Time: 473.52320115384646
  Environment Time: 524.2965752654709
  Total Time: 1142.5856832140125
  Total Nodes: 4781
  Searched Nodes: 84
2024-05-23 06:58:55.512 | INFO     | prover_rir.proof_search:search:180 - 
---------------------------------

2024-05-23 06:58:55.520 | INFO     | prover_rir.proof_search:search:119 - Proving Theorem(repo=LeanGitRepo(url='https://github.com/yangky11/miniF2F-lean4', commit='9e445f5435407f014b88b44a98436d50dd7abd00'), file_path=PosixPath('MiniF2F/Test.lean'), full_name='mathd_numbertheory_235')
2024-05-23 06:58:59.667 | INFO     | prover_rir.proof_search:search:179 - Search Result:

Theorem:
  Repository: LeanGitRepo(url='https://github.com/yangky11/miniF2F-lean4', commit='9e445f5435407f014b88b44a98436d50dd7abd00')
  File Path: MiniF2F/Test.lean
  Full Name: mathd_numbertheory_495

Status: Status.OPEN

Proof: None

Search Statistics:
  Planner Time: 199.52180830482394
  Actor Time: 676.1967115148436
  Environment Time: 333.10441593802534
  Total Time: 1209.2203483500052
  Total Nodes: 6078
  Searched Nodes: 100
2024-05-23 06:58:59.669 | INFO     | prover_rir.proof_search:search:180 - 
---------------------------------

2024-05-23 06:58:59.677 | INFO     | prover_rir.proof_search:search:119 - Proving Theorem(repo=LeanGitRepo(url='https://github.com/yangky11/miniF2F-lean4', commit='9e445f5435407f014b88b44a98436d50dd7abd00'), file_path=PosixPath('MiniF2F/Test.lean'), full_name='amc12a_2013_p4')
2024-05-23 06:59:05.864 | INFO     | prover_rir.proof_search:_best_first_search:213 - Found a proof!
2024-05-23 06:59:14.377 | INFO     | prover_rir.proof_search:search:179 - Search Result:

Theorem:
  Repository: LeanGitRepo(url='https://github.com/yangky11/miniF2F-lean4', commit='9e445f5435407f014b88b44a98436d50dd7abd00')
  File Path: MiniF2F/Test.lean
  Full Name: mathd_algebra_125

Status: Status.PROVED

Proof:
  linarith

Search Statistics:
  Planner Time: 0.8847926801536232
  Actor Time: 2.01990799093619
  Environment Time: 0.8446299249771982
  Total Time: 3.7497632219456136
  Total Nodes: 2
  Searched Nodes: 1
2024-05-23 06:59:14.378 | INFO     | prover_rir.proof_search:search:180 - 
---------------------------------

2024-05-23 06:59:14.386 | INFO     | prover_rir.proof_search:search:119 - Proving Theorem(repo=LeanGitRepo(url='https://github.com/yangky11/miniF2F-lean4', commit='9e445f5435407f014b88b44a98436d50dd7abd00'), file_path=PosixPath('MiniF2F/Test.lean'), full_name='imo_1984_p6')
2024-05-23 06:59:30.188 | INFO     | prover_rir.proof_search:_best_first_search:213 - Found a proof!
2024-05-23 06:59:31.717 | INFO     | prover_rir.proof_search:_best_first_search:213 - Found a proof!
2024-05-23 06:59:38.091 | INFO     | prover_rir.proof_search:search:179 - Search Result:

Theorem:
  Repository: LeanGitRepo(url='https://github.com/yangky11/miniF2F-lean4', commit='9e445f5435407f014b88b44a98436d50dd7abd00')
  File Path: MiniF2F/Test.lean
  Full Name: mathd_numbertheory_235

Status: Status.PROVED

Proof:
  rfl

Search Statistics:
  Planner Time: 0.2729824900161475
  Actor Time: 2.483790782978758
  Environment Time: 0.012359420070424676
  Total Time: 2.769505898002535
  Total Nodes: 2
  Searched Nodes: 1
2024-05-23 06:59:38.092 | INFO     | prover_rir.proof_search:search:180 - 
---------------------------------

2024-05-23 06:59:38.101 | INFO     | prover_rir.proof_search:search:119 - Proving Theorem(repo=LeanGitRepo(url='https://github.com/yangky11/miniF2F-lean4', commit='9e445f5435407f014b88b44a98436d50dd7abd00'), file_path=PosixPath('MiniF2F/Test.lean'), full_name='algebra_2varlineareq_fp3zeq11_3tfm1m5zeqn68_feqn10_zeq7')
2024-05-23 06:59:39.073 | INFO     | prover_rir.proof_search:search:179 - Search Result:

Theorem:
  Repository: LeanGitRepo(url='https://github.com/yangky11/miniF2F-lean4', commit='9e445f5435407f014b88b44a98436d50dd7abd00')
  File Path: MiniF2F/Test.lean
  Full Name: amc12a_2013_p4

Status: Status.PROVED

Proof:
  ring

Search Statistics:
  Planner Time: 0.5983598630409688
  Actor Time: 1.9214309258386493
  Environment Time: 0.06262736907228827
  Total Time: 2.5827547051012516
  Total Nodes: 3
  Searched Nodes: 1
2024-05-23 06:59:39.074 | INFO     | prover_rir.proof_search:search:180 - 
---------------------------------

2024-05-23 06:59:39.082 | INFO     | prover_rir.proof_search:search:119 - Proving Theorem(repo=LeanGitRepo(url='https://github.com/yangky11/miniF2F-lean4', commit='9e445f5435407f014b88b44a98436d50dd7abd00'), file_path=PosixPath('MiniF2F/Test.lean'), full_name='amc12b_2021_p13')
2024-05-23 07:00:24.025 | WARNING  | prover_rir.proof_search:search:158 - Dojo crashed with Unexpected EOF when proving Theorem(repo=LeanGitRepo(url='https://github.com/yangky11/miniF2F-lean4', commit='9e445f5435407f014b88b44a98436d50dd7abd00'), file_path=PosixPath('MiniF2F/Test.lean'), full_name='aime_1988_p8')
2024-05-23 07:00:32.215 | INFO     | prover_rir.proof_search:search:179 - Search Result:

Theorem:
  Repository: LeanGitRepo(url='https://github.com/yangky11/miniF2F-lean4', commit='9e445f5435407f014b88b44a98436d50dd7abd00')
  File Path: MiniF2F/Test.lean
  Full Name: aime_1988_p8

Status: Status.OPEN

Proof: None

Search Statistics:
  Planner Time: 55.66233528684825
  Actor Time: 139.1925617940724
  Environment Time: 44.844428156036884
  Total Time: 231.80679608299397
  Total Nodes: 1292
  Searched Nodes: 23
2024-05-23 07:00:32.215 | INFO     | prover_rir.proof_search:search:180 - 
---------------------------------

2024-05-23 07:00:32.221 | INFO     | prover_rir.proof_search:search:119 - Proving Theorem(repo=LeanGitRepo(url='https://github.com/yangky11/miniF2F-lean4', commit='9e445f5435407f014b88b44a98436d50dd7abd00'), file_path=PosixPath('MiniF2F/Test.lean'), full_name='mathd_algebra_209')
2024-05-23 07:02:07.071 | INFO     | prover_rir.proof_search:_best_first_search:213 - Found a proof!
2024-05-23 07:02:13.135 | INFO     | prover_rir.proof_search:search:179 - Search Result:

Theorem:
  Repository: LeanGitRepo(url='https://github.com/yangky11/miniF2F-lean4', commit='9e445f5435407f014b88b44a98436d50dd7abd00')
  File Path: MiniF2F/Test.lean
  Full Name: mathd_algebra_209

Status: Status.PROVED

Proof:
  rw [← h₀]
  simp [h₀, h₂.symm]

Search Statistics:
  Planner Time: 10.381050154333934
  Actor Time: 45.50083594606258
  Environment Time: 13.001050877850503
  Total Time: 68.9138273759745
  Total Nodes: 417
  Searched Nodes: 9
2024-05-23 07:02:13.136 | INFO     | prover_rir.proof_search:search:180 - 
---------------------------------

2024-05-23 07:02:13.146 | INFO     | prover_rir.proof_search:search:119 - Proving Theorem(repo=LeanGitRepo(url='https://github.com/yangky11/miniF2F-lean4', commit='9e445f5435407f014b88b44a98436d50dd7abd00'), file_path=PosixPath('MiniF2F/Test.lean'), full_name='mathd_algebra_513')
2024-05-23 07:02:40.816 | INFO     | prover_rir.proof_search:_best_first_search:213 - Found a proof!
2024-05-23 07:02:45.213 | INFO     | prover_rir.proof_search:search:179 - Search Result:

Theorem:
  Repository: LeanGitRepo(url='https://github.com/yangky11/miniF2F-lean4', commit='9e445f5435407f014b88b44a98436d50dd7abd00')
  File Path: MiniF2F/Test.lean
  Full Name: mathd_algebra_513

Status: Status.PROVED

Proof:
  constructor <;> linarith

Search Statistics:
  Planner Time: 0.5320394870359451
  Actor Time: 2.1850665600504726
  Environment Time: 0.7036572741344571
  Total Time: 3.4218433119822294
  Total Nodes: 16
  Searched Nodes: 1
2024-05-23 07:02:45.214 | INFO     | prover_rir.proof_search:search:180 - 
---------------------------------

2024-05-23 07:02:45.219 | INFO     | prover_rir.proof_search:search:119 - Proving Theorem(repo=LeanGitRepo(url='https://github.com/yangky11/miniF2F-lean4', commit='9e445f5435407f014b88b44a98436d50dd7abd00'), file_path=PosixPath('MiniF2F/Test.lean'), full_name='numbertheory_exk2powkeqapb2mulbpa2_aeq1')
2024-05-23 07:09:14.209 | WARNING  | prover_rir.proof_search:search:158 - Dojo crashed with Unexpected EOF when proving Theorem(repo=LeanGitRepo(url='https://github.com/yangky11/miniF2F-lean4', commit='9e445f5435407f014b88b44a98436d50dd7abd00'), file_path=PosixPath('MiniF2F/Test.lean'), full_name='algebra_2varlineareq_fp3zeq11_3tfm1m5zeqn68_feqn10_zeq7')
2024-05-23 07:09:20.532 | INFO     | prover_rir.proof_search:search:179 - Search Result:

Theorem:
  Repository: LeanGitRepo(url='https://github.com/yangky11/miniF2F-lean4', commit='9e445f5435407f014b88b44a98436d50dd7abd00')
  File Path: MiniF2F/Test.lean
  Full Name: algebra_2varlineareq_fp3zeq11_3tfm1m5zeqn68_feqn10_zeq7

Status: Status.OPEN

Proof: None

Search Statistics:
  Planner Time: 69.873048245674
  Actor Time: 316.48721966077574
  Environment Time: 156.78127114940435
  Total Time: 540.8991076061502
  Total Nodes: 3783
  Searched Nodes: 67
2024-05-23 07:09:20.533 | INFO     | prover_rir.proof_search:search:180 - 
---------------------------------

2024-05-23 07:09:20.539 | INFO     | prover_rir.proof_search:search:119 - Proving Theorem(repo=LeanGitRepo(url='https://github.com/yangky11/miniF2F-lean4', commit='9e445f5435407f014b88b44a98436d50dd7abd00'), file_path=PosixPath('MiniF2F/Test.lean'), full_name='mathd_numbertheory_233')
2024-05-23 07:09:48.289 | INFO     | prover_rir.proof_search:_best_first_search:213 - Found a proof!
2024-05-23 07:09:52.740 | INFO     | prover_rir.proof_search:search:179 - Search Result:

Theorem:
  Repository: LeanGitRepo(url='https://github.com/yangky11/miniF2F-lean4', commit='9e445f5435407f014b88b44a98436d50dd7abd00')
  File Path: MiniF2F/Test.lean
  Full Name: mathd_numbertheory_233

Status: Status.PROVED

Proof:
  simpa using h₀

Search Statistics:
  Planner Time: 0.29608766408637166
  Actor Time: 2.1565658680628985
  Environment Time: 0.07191542722284794
  Total Time: 2.5248839501291513
  Total Nodes: 3
  Searched Nodes: 1
2024-05-23 07:09:52.741 | INFO     | prover_rir.proof_search:search:180 - 
---------------------------------

2024-05-23 07:09:52.748 | INFO     | prover_rir.proof_search:search:119 - Proving Theorem(repo=LeanGitRepo(url='https://github.com/yangky11/miniF2F-lean4', commit='9e445f5435407f014b88b44a98436d50dd7abd00'), file_path=PosixPath('MiniF2F/Test.lean'), full_name='mathd_algebra_44')
2024-05-23 07:10:18.836 | INFO     | prover_rir.proof_search:_best_first_search:213 - Found a proof!
2024-05-23 07:10:24.384 | INFO     | prover_rir.proof_search:search:179 - Search Result:

Theorem:
  Repository: LeanGitRepo(url='https://github.com/yangky11/miniF2F-lean4', commit='9e445f5435407f014b88b44a98436d50dd7abd00')
  File Path: MiniF2F/Test.lean
  Full Name: mathd_algebra_44

Status: Status.PROVED

Proof:
  exact ⟨by linarith, by linarith⟩

Search Statistics:
  Planner Time: 0.7251089229248464
  Actor Time: 2.874940747860819
  Environment Time: 0.5058066563215107
  Total Time: 4.106556071899831
  Total Nodes: 5
  Searched Nodes: 1
2024-05-23 07:10:24.385 | INFO     | prover_rir.proof_search:search:180 - 
---------------------------------

2024-05-23 07:10:24.392 | INFO     | prover_rir.proof_search:search:119 - Proving Theorem(repo=LeanGitRepo(url='https://github.com/yangky11/miniF2F-lean4', commit='9e445f5435407f014b88b44a98436d50dd7abd00'), file_path=PosixPath('MiniF2F/Test.lean'), full_name='mathd_numbertheory_296')
2024-05-23 07:11:32.748 | WARNING  | prover_rir.proof_search:search:158 - Dojo crashed with Unexpected EOF when proving Theorem(repo=LeanGitRepo(url='https://github.com/yangky11/miniF2F-lean4', commit='9e445f5435407f014b88b44a98436d50dd7abd00'), file_path=PosixPath('MiniF2F/Test.lean'), full_name='mathd_numbertheory_296')
2024-05-23 07:11:38.766 | INFO     | prover_rir.proof_search:search:179 - Search Result:

Theorem:
  Repository: LeanGitRepo(url='https://github.com/yangky11/miniF2F-lean4', commit='9e445f5435407f014b88b44a98436d50dd7abd00')
  File Path: MiniF2F/Test.lean
  Full Name: mathd_numbertheory_296

Status: Status.OPEN

Proof: None

Search Statistics:
  Planner Time: 6.016055891988799
  Actor Time: 26.662073565647006
  Environment Time: 7.599733612500131
  Total Time: 35.26565232803114
  Total Nodes: 388
  Searched Nodes: 6
2024-05-23 07:11:38.767 | INFO     | prover_rir.proof_search:search:180 - 
---------------------------------

2024-05-23 07:11:38.776 | INFO     | prover_rir.proof_search:search:119 - Proving Theorem(repo=LeanGitRepo(url='https://github.com/yangky11/miniF2F-lean4', commit='9e445f5435407f014b88b44a98436d50dd7abd00'), file_path=PosixPath('MiniF2F/Test.lean'), full_name='imo_1959_p1')
2024-05-23 07:20:45.971 | INFO     | prover_rir.proof_search:_best_first_search:205 - Search timed out.
2024-05-23 07:20:51.894 | INFO     | prover_rir.proof_search:search:179 - Search Result:

Theorem:
  Repository: LeanGitRepo(url='https://github.com/yangky11/miniF2F-lean4', commit='9e445f5435407f014b88b44a98436d50dd7abd00')
  File Path: MiniF2F/Test.lean
  Full Name: imo_1984_p6

Status: Status.OPEN

Proof: None

Search Statistics:
  Planner Time: 7.774263349128887
  Actor Time: 22.59088912885636
  Environment Time: 630.7894670432433
  Total Time: 1259.9853760711849
  Total Nodes: 225
  Searched Nodes: 4
2024-05-23 07:20:51.895 | INFO     | prover_rir.proof_search:search:180 - 
---------------------------------

2024-05-23 07:20:51.901 | INFO     | prover_rir.proof_search:search:119 - Proving Theorem(repo=LeanGitRepo(url='https://github.com/yangky11/miniF2F-lean4', commit='9e445f5435407f014b88b44a98436d50dd7abd00'), file_path=PosixPath('MiniF2F/Test.lean'), full_name='mathd_algebra_143')
2024-05-23 07:21:09.788 | INFO     | prover_rir.proof_search:_best_first_search:205 - Search timed out.
2024-05-23 07:21:16.447 | INFO     | prover_rir.proof_search:search:179 - Search Result:

Theorem:
  Repository: LeanGitRepo(url='https://github.com/yangky11/miniF2F-lean4', commit='9e445f5435407f014b88b44a98436d50dd7abd00')
  File Path: MiniF2F/Test.lean
  Full Name: amc12b_2021_p13

Status: Status.OPEN

Proof: None

Search Statistics:
  Planner Time: 16.81287889368832
  Actor Time: 78.24121676036157
  Environment Time: 23.73889075126499
  Total Time: 1259.9858942229766
  Total Nodes: 948
  Searched Nodes: 14
2024-05-23 07:21:16.448 | INFO     | prover_rir.proof_search:search:180 - 
---------------------------------

2024-05-23 07:21:16.454 | INFO     | prover_rir.proof_search:search:119 - Proving Theorem(repo=LeanGitRepo(url='https://github.com/yangky11/miniF2F-lean4', commit='9e445f5435407f014b88b44a98436d50dd7abd00'), file_path=PosixPath('MiniF2F/Test.lean'), full_name='algebra_sqineq_at2malt1')
2024-05-23 07:21:28.388 | INFO     | prover_rir.proof_search:_best_first_search:213 - Found a proof!
2024-05-23 07:21:35.070 | INFO     | prover_rir.proof_search:search:179 - Search Result:

Theorem:
  Repository: LeanGitRepo(url='https://github.com/yangky11/miniF2F-lean4', commit='9e445f5435407f014b88b44a98436d50dd7abd00')
  File Path: MiniF2F/Test.lean
  Full Name: mathd_algebra_143

Status: Status.PROVED

Proof:
  simp [h₀, h₁, h₀]
  norm_num

Search Statistics:
  Planner Time: 2.042376442812383
  Actor Time: 4.632591604953632
  Environment Time: 1.5945497239008546
  Total Time: 8.27449635998346
  Total Nodes: 45
  Searched Nodes: 2
2024-05-23 07:21:35.071 | INFO     | prover_rir.proof_search:search:180 - 
---------------------------------

2024-05-23 07:21:35.078 | INFO     | prover_rir.proof_search:search:119 - Proving Theorem(repo=LeanGitRepo(url='https://github.com/yangky11/miniF2F-lean4', commit='9e445f5435407f014b88b44a98436d50dd7abd00'), file_path=PosixPath('MiniF2F/Test.lean'), full_name='amc12b_2021_p3')
2024-05-23 07:23:18.195 | INFO     | prover_rir.proof_search:_best_first_search:205 - Search timed out.
2024-05-23 07:23:22.595 | INFO     | prover_rir.proof_search:search:179 - Search Result:

Theorem:
  Repository: LeanGitRepo(url='https://github.com/yangky11/miniF2F-lean4', commit='9e445f5435407f014b88b44a98436d50dd7abd00')
  File Path: MiniF2F/Test.lean
  Full Name: numbertheory_exk2powkeqapb2mulbpa2_aeq1

Status: Status.OPEN

Proof: None

Search Statistics:
  Planner Time: 147.6777805199381
  Actor Time: 546.7463222744409
  Environment Time: 509.8386427988298
  Total Time: 1204.765834925929
  Total Nodes: 6213
  Searched Nodes: 137
2024-05-23 07:23:22.596 | INFO     | prover_rir.proof_search:search:180 - 
---------------------------------

2024-05-23 07:23:22.601 | INFO     | prover_rir.proof_search:search:119 - Proving Theorem(repo=LeanGitRepo(url='https://github.com/yangky11/miniF2F-lean4', commit='9e445f5435407f014b88b44a98436d50dd7abd00'), file_path=PosixPath('MiniF2F/Test.lean'), full_name='mathd_numbertheory_483')
2024-05-23 07:31:11.134 | WARNING  | prover_rir.proof_search:search:158 - Dojo crashed with Unexpected EOF when proving Theorem(repo=LeanGitRepo(url='https://github.com/yangky11/miniF2F-lean4', commit='9e445f5435407f014b88b44a98436d50dd7abd00'), file_path=PosixPath('MiniF2F/Test.lean'), full_name='algebra_sqineq_at2malt1')
2024-05-23 07:31:17.361 | INFO     | prover_rir.proof_search:search:179 - Search Result:

Theorem:
  Repository: LeanGitRepo(url='https://github.com/yangky11/miniF2F-lean4', commit='9e445f5435407f014b88b44a98436d50dd7abd00')
  File Path: MiniF2F/Test.lean
  Full Name: algebra_sqineq_at2malt1

Status: Status.OPEN

Proof: None

Search Statistics:
  Planner Time: 137.3565487905871
  Actor Time: 276.82652037008666
  Environment Time: 149.6728282268159
  Total Time: 560.985338747967
  Total Nodes: 4203
  Searched Nodes: 59
2024-05-23 07:31:17.361 | INFO     | prover_rir.proof_search:search:180 - 
---------------------------------

2024-05-23 07:31:17.369 | INFO     | prover_rir.proof_search:search:119 - Proving Theorem(repo=LeanGitRepo(url='https://github.com/yangky11/miniF2F-lean4', commit='9e445f5435407f014b88b44a98436d50dd7abd00'), file_path=PosixPath('MiniF2F/Test.lean'), full_name='induction_nfactltnexpnm1ngt3')
2024-05-23 07:31:43.201 | INFO     | prover_rir.proof_search:_best_first_search:209 - Failed early!
2024-05-23 07:31:49.816 | INFO     | prover_rir.proof_search:search:179 - Search Result:

Theorem:
  Repository: LeanGitRepo(url='https://github.com/yangky11/miniF2F-lean4', commit='9e445f5435407f014b88b44a98436d50dd7abd00')
  File Path: MiniF2F/Test.lean
  Full Name: induction_nfactltnexpnm1ngt3

Status: Status.FAILED

Proof: None

Search Statistics:
  Planner Time: 0.4682673590723425
  Actor Time: 2.642033770913258
  Environment Time: 0.6397343152202666
  Total Time: 3.7523922028485686
  Total Nodes: 57
  Searched Nodes: 1
2024-05-23 07:31:49.817 | INFO     | prover_rir.proof_search:search:180 - 
---------------------------------

2024-05-23 07:31:49.823 | INFO     | prover_rir.proof_search:search:119 - Proving Theorem(repo=LeanGitRepo(url='https://github.com/yangky11/miniF2F-lean4', commit='9e445f5435407f014b88b44a98436d50dd7abd00'), file_path=PosixPath('MiniF2F/Test.lean'), full_name='aime_1991_p9')
2024-05-23 07:32:22.381 | INFO     | prover_rir.proof_search:_best_first_search:192 - Ran out of nodes to search.
2024-05-23 07:32:27.800 | INFO     | prover_rir.proof_search:search:179 - Search Result:

Theorem:
  Repository: LeanGitRepo(url='https://github.com/yangky11/miniF2F-lean4', commit='9e445f5435407f014b88b44a98436d50dd7abd00')
  File Path: MiniF2F/Test.lean
  Full Name: aime_1991_p9

Status: Status.OPEN

Proof: None

Search Statistics:
  Planner Time: 1.2246012301184237
  Actor Time: 4.606052150717005
  Environment Time: 1.9385792203247547
  Total Time: 7.775500613031909
  Total Nodes: 178
  Searched Nodes: 2
2024-05-23 07:32:27.802 | INFO     | prover_rir.proof_search:search:180 - 
---------------------------------

2024-05-23 07:32:27.809 | INFO     | prover_rir.proof_search:search:119 - Proving Theorem(repo=LeanGitRepo(url='https://github.com/yangky11/miniF2F-lean4', commit='9e445f5435407f014b88b44a98436d50dd7abd00'), file_path=PosixPath('MiniF2F/Test.lean'), full_name='mathd_numbertheory_353')
2024-05-23 07:32:59.287 | WARNING  | prover_rir.proof_search:search:158 - Dojo crashed with Unexpected EOF when proving Theorem(repo=LeanGitRepo(url='https://github.com/yangky11/miniF2F-lean4', commit='9e445f5435407f014b88b44a98436d50dd7abd00'), file_path=PosixPath('MiniF2F/Test.lean'), full_name='mathd_numbertheory_353')
2024-05-23 07:33:02.018 | INFO     | prover_rir.proof_search:_best_first_search:205 - Search timed out.
2024-05-23 07:33:06.263 | INFO     | prover_rir.proof_search:search:179 - Search Result:

Theorem:
  Repository: LeanGitRepo(url='https://github.com/yangky11/miniF2F-lean4', commit='9e445f5435407f014b88b44a98436d50dd7abd00')
  File Path: MiniF2F/Test.lean
  Full Name: mathd_numbertheory_353

Status: Status.OPEN

Proof: None

Search Statistics:
  Planner Time: 0.6841594851575792
  Actor Time: 1.4145046169869602
  Environment Time: 0.4718126629013568
  Total Time: 7.775500613031909
  Total Nodes: 6
  Searched Nodes: 0
2024-05-23 07:33:06.264 | INFO     | prover_rir.proof_search:search:180 - 
---------------------------------

2024-05-23 07:33:06.271 | INFO     | prover_rir.proof_search:search:119 - Proving Theorem(repo=LeanGitRepo(url='https://github.com/yangky11/miniF2F-lean4', commit='9e445f5435407f014b88b44a98436d50dd7abd00'), file_path=PosixPath('MiniF2F/Test.lean'), full_name='mathd_numbertheory_299')
2024-05-23 07:33:09.102 | INFO     | prover_rir.proof_search:search:179 - Search Result:

Theorem:
  Repository: LeanGitRepo(url='https://github.com/yangky11/miniF2F-lean4', commit='9e445f5435407f014b88b44a98436d50dd7abd00')
  File Path: MiniF2F/Test.lean
  Full Name: imo_1959_p1

Status: Status.OPEN

Proof: None

Search Statistics:
  Planner Time: 2.3935583834536374
  Actor Time: 21.62556181848049
  Environment Time: 7.157076255651191
  Total Time: 1259.9927420609165
  Total Nodes: 373
  Searched Nodes: 4
2024-05-23 07:33:09.103 | INFO     | prover_rir.proof_search:search:180 - 
---------------------------------

2024-05-23 07:33:09.110 | INFO     | prover_rir.proof_search:search:119 - Proving Theorem(repo=LeanGitRepo(url='https://github.com/yangky11/miniF2F-lean4', commit='9e445f5435407f014b88b44a98436d50dd7abd00'), file_path=PosixPath('MiniF2F/Test.lean'), full_name='amc12_2000_p20')
2024-05-23 07:33:37.695 | INFO     | prover_rir.proof_search:_best_first_search:213 - Found a proof!
2024-05-23 07:33:44.288 | INFO     | prover_rir.proof_search:search:179 - Search Result:

Theorem:
  Repository: LeanGitRepo(url='https://github.com/yangky11/miniF2F-lean4', commit='9e445f5435407f014b88b44a98436d50dd7abd00')
  File Path: MiniF2F/Test.lean
  Full Name: mathd_numbertheory_299

Status: Status.PROVED

Proof:
  ring

Search Statistics:
  Planner Time: 0.3653397620655596
  Actor Time: 2.430691074114293
  Environment Time: 0.035913612926378846
  Total Time: 2.8322162399999797
  Total Nodes: 2
  Searched Nodes: 1
2024-05-23 07:33:44.289 | INFO     | prover_rir.proof_search:search:180 - 
---------------------------------

2024-05-23 07:33:44.297 | INFO     | prover_rir.proof_search:search:119 - Proving Theorem(repo=LeanGitRepo(url='https://github.com/yangky11/miniF2F-lean4', commit='9e445f5435407f014b88b44a98436d50dd7abd00'), file_path=PosixPath('MiniF2F/Test.lean'), full_name='mathd_algebra_142')
2024-05-23 07:33:53.145 | WARNING  | prover_rir.proof_search:search:158 - Dojo crashed with Unexpected EOF when proving Theorem(repo=LeanGitRepo(url='https://github.com/yangky11/miniF2F-lean4', commit='9e445f5435407f014b88b44a98436d50dd7abd00'), file_path=PosixPath('MiniF2F/Test.lean'), full_name='amc12b_2021_p3')
2024-05-23 07:34:00.670 | INFO     | prover_rir.proof_search:search:179 - Search Result:

Theorem:
  Repository: LeanGitRepo(url='https://github.com/yangky11/miniF2F-lean4', commit='9e445f5435407f014b88b44a98436d50dd7abd00')
  File Path: MiniF2F/Test.lean
  Full Name: amc12b_2021_p3

Status: Status.OPEN

Proof: None

Search Statistics:
  Planner Time: 111.86260160896927
  Actor Time: 337.124837041134
  Environment Time: 258.22081247507595
  Total Time: 702.1636125580408
  Total Nodes: 4129
  Searched Nodes: 77
2024-05-23 07:34:00.671 | INFO     | prover_rir.proof_search:search:180 - 
---------------------------------

2024-05-23 07:34:00.680 | INFO     | prover_rir.proof_search:search:119 - Proving Theorem(repo=LeanGitRepo(url='https://github.com/yangky11/miniF2F-lean4', commit='9e445f5435407f014b88b44a98436d50dd7abd00'), file_path=PosixPath('MiniF2F/Test.lean'), full_name='imo_1969_p2')
2024-05-23 07:34:18.417 | INFO     | prover_rir.proof_search:_best_first_search:213 - Found a proof!
2024-05-23 07:34:24.872 | INFO     | prover_rir.proof_search:search:179 - Search Result:

Theorem:
  Repository: LeanGitRepo(url='https://github.com/yangky11/miniF2F-lean4', commit='9e445f5435407f014b88b44a98436d50dd7abd00')
  File Path: MiniF2F/Test.lean
  Full Name: mathd_algebra_142

Status: Status.PROVED

Proof:
  linarith

Search Statistics:
  Planner Time: 0.4981314411852509
  Actor Time: 2.675249701132998
  Environment Time: 0.14637840702198446
  Total Time: 3.319998433114961
  Total Nodes: 2
  Searched Nodes: 1
2024-05-23 07:34:24.873 | INFO     | prover_rir.proof_search:search:180 - 
---------------------------------

2024-05-23 07:34:24.878 | INFO     | prover_rir.proof_search:search:119 - Proving Theorem(repo=LeanGitRepo(url='https://github.com/yangky11/miniF2F-lean4', commit='9e445f5435407f014b88b44a98436d50dd7abd00'), file_path=PosixPath('MiniF2F/Test.lean'), full_name='algebra_others_exirrpowirrrat')
2024-05-23 07:44:44.631 | INFO     | prover_rir.proof_search:_best_first_search:205 - Search timed out.
2024-05-23 07:44:51.165 | INFO     | prover_rir.proof_search:search:179 - Search Result:

Theorem:
  Repository: LeanGitRepo(url='https://github.com/yangky11/miniF2F-lean4', commit='9e445f5435407f014b88b44a98436d50dd7abd00')
  File Path: MiniF2F/Test.lean
  Full Name: mathd_numbertheory_483

Status: Status.OPEN

Proof: None

Search Statistics:
  Planner Time: 0.8781436430290341
  Actor Time: 1.771932584932074
  Environment Time: 0.0
  Total Time: 1259.9969291549642
  Total Nodes: 1
  Searched Nodes: 0
2024-05-23 07:44:51.166 | INFO     | prover_rir.proof_search:search:180 - 
---------------------------------

2024-05-23 07:44:51.176 | INFO     | prover_rir.proof_search:search:119 - Proving Theorem(repo=LeanGitRepo(url='https://github.com/yangky11/miniF2F-lean4', commit='9e445f5435407f014b88b44a98436d50dd7abd00'), file_path=PosixPath('MiniF2F/Test.lean'), full_name='amc12a_2021_p22')
2024-05-23 07:53:43.511 | INFO     | prover_rir.proof_search:_best_first_search:205 - Search timed out.
2024-05-23 07:53:47.585 | INFO     | prover_rir.proof_search:search:179 - Search Result:

Theorem:
  Repository: LeanGitRepo(url='https://github.com/yangky11/miniF2F-lean4', commit='9e445f5435407f014b88b44a98436d50dd7abd00')
  File Path: MiniF2F/Test.lean
  Full Name: amc12_2000_p20

Status: Status.OPEN

Proof: None

Search Statistics:
  Planner Time: 127.56599941081367
  Actor Time: 753.8975133670028
  Environment Time: 322.7954447127413
  Total Time: 1204.6887498449069
  Total Nodes: 4379
  Searched Nodes: 103
2024-05-23 07:53:47.585 | INFO     | prover_rir.proof_search:search:180 - 
---------------------------------

2024-05-23 07:53:47.592 | INFO     | prover_rir.proof_search:search:119 - Proving Theorem(repo=LeanGitRepo(url='https://github.com/yangky11/miniF2F-lean4', commit='9e445f5435407f014b88b44a98436d50dd7abd00'), file_path=PosixPath('MiniF2F/Test.lean'), full_name='aime_1990_p4')
2024-05-23 07:54:35.305 | INFO     | prover_rir.proof_search:_best_first_search:205 - Search timed out.
2024-05-23 07:54:42.540 | INFO     | prover_rir.proof_search:search:179 - Search Result:

Theorem:
  Repository: LeanGitRepo(url='https://github.com/yangky11/miniF2F-lean4', commit='9e445f5435407f014b88b44a98436d50dd7abd00')
  File Path: MiniF2F/Test.lean
  Full Name: imo_1969_p2

Status: Status.OPEN

Proof: None

Search Statistics:
  Planner Time: 240.7503227435518
  Actor Time: 724.2527005965821
  Environment Time: 242.17245731223375
  Total Time: 1207.529512017034
  Total Nodes: 5338
  Searched Nodes: 87
2024-05-23 07:54:42.541 | INFO     | prover_rir.proof_search:search:180 - 
---------------------------------

2024-05-23 07:54:42.552 | INFO     | prover_rir.proof_search:search:119 - Proving Theorem(repo=LeanGitRepo(url='https://github.com/yangky11/miniF2F-lean4', commit='9e445f5435407f014b88b44a98436d50dd7abd00'), file_path=PosixPath('MiniF2F/Test.lean'), full_name='mathd_algebra_246')
2024-05-23 07:54:47.059 | INFO     | prover_rir.proof_search:_best_first_search:213 - Found a proof!
2024-05-23 07:54:53.699 | INFO     | prover_rir.proof_search:search:179 - Search Result:

Theorem:
  Repository: LeanGitRepo(url='https://github.com/yangky11/miniF2F-lean4', commit='9e445f5435407f014b88b44a98436d50dd7abd00')
  File Path: MiniF2F/Test.lean
  Full Name: aime_1990_p4

Status: Status.PROVED

Proof:
  field_simp at h₄
  nlinarith

Search Statistics:
  Planner Time: 6.475740448804572
  Actor Time: 15.430122308433056
  Environment Time: 10.077401341171935
  Total Time: 31.996256921207532
  Total Nodes: 220
  Searched Nodes: 4
2024-05-23 07:54:53.700 | INFO     | prover_rir.proof_search:search:180 - 
---------------------------------

2024-05-23 07:54:53.706 | INFO     | prover_rir.proof_search:search:119 - Proving Theorem(repo=LeanGitRepo(url='https://github.com/yangky11/miniF2F-lean4', commit='9e445f5435407f014b88b44a98436d50dd7abd00'), file_path=PosixPath('MiniF2F/Test.lean'), full_name='mathd_numbertheory_430')
2024-05-23 07:54:58.201 | INFO     | prover_rir.proof_search:_best_first_search:205 - Search timed out.
2024-05-23 07:55:04.677 | INFO     | prover_rir.proof_search:search:179 - Search Result:

Theorem:
  Repository: LeanGitRepo(url='https://github.com/yangky11/miniF2F-lean4', commit='9e445f5435407f014b88b44a98436d50dd7abd00')
  File Path: MiniF2F/Test.lean
  Full Name: algebra_others_exirrpowirrrat

Status: Status.OPEN

Proof: None

Search Statistics:
  Planner Time: 127.30149912741035
  Actor Time: 629.6168232704513
  Environment Time: 449.8920884365216
  Total Time: 1206.9946891670115
  Total Nodes: 2862
  Searched Nodes: 69
2024-05-23 07:55:04.678 | INFO     | prover_rir.proof_search:search:180 - 
---------------------------------

2024-05-23 07:55:04.685 | INFO     | prover_rir.proof_search:search:119 - Proving Theorem(repo=LeanGitRepo(url='https://github.com/yangky11/miniF2F-lean4', commit='9e445f5435407f014b88b44a98436d50dd7abd00'), file_path=PosixPath('MiniF2F/Test.lean'), full_name='mathd_algebra_756')
2024-05-23 07:55:42.142 | INFO     | prover_rir.proof_search:_best_first_search:192 - Ran out of nodes to search.
2024-05-23 07:55:48.916 | INFO     | prover_rir.proof_search:search:179 - Search Result:

Theorem:
  Repository: LeanGitRepo(url='https://github.com/yangky11/miniF2F-lean4', commit='9e445f5435407f014b88b44a98436d50dd7abd00')
  File Path: MiniF2F/Test.lean
  Full Name: mathd_algebra_756

Status: Status.OPEN

Proof: None

Search Statistics:
  Planner Time: 0.4271292770281434
  Actor Time: 8.229671041946858
  Environment Time: 0.6047657027374953
  Total Time: 9.264435173943639
  Total Nodes: 53
  Searched Nodes: 1
2024-05-23 07:55:48.917 | INFO     | prover_rir.proof_search:search:180 - 
---------------------------------

2024-05-23 07:55:48.925 | INFO     | prover_rir.proof_search:search:119 - Proving Theorem(repo=LeanGitRepo(url='https://github.com/yangky11/miniF2F-lean4', commit='9e445f5435407f014b88b44a98436d50dd7abd00'), file_path=PosixPath('MiniF2F/Test.lean'), full_name='mathd_numbertheory_345')
2024-05-23 07:56:19.708 | INFO     | prover_rir.proof_search:_best_first_search:213 - Found a proof!
2024-05-23 07:56:26.333 | INFO     | prover_rir.proof_search:search:179 - Search Result:

Theorem:
  Repository: LeanGitRepo(url='https://github.com/yangky11/miniF2F-lean4', commit='9e445f5435407f014b88b44a98436d50dd7abd00')
  File Path: MiniF2F/Test.lean
  Full Name: mathd_numbertheory_345

Status: Status.PROVED

Proof:
  rfl

Search Statistics:
  Planner Time: 0.751317166024819
  Actor Time: 3.501733043929562
  Environment Time: 0.012786648003384471
  Total Time: 4.266159991035238
  Total Nodes: 2
  Searched Nodes: 1
2024-05-23 07:56:26.334 | INFO     | prover_rir.proof_search:search:180 - 
---------------------------------

2024-05-23 07:56:26.342 | INFO     | prover_rir.proof_search:search:119 - Proving Theorem(repo=LeanGitRepo(url='https://github.com/yangky11/miniF2F-lean4', commit='9e445f5435407f014b88b44a98436d50dd7abd00'), file_path=PosixPath('MiniF2F/Test.lean'), full_name='mathd_numbertheory_99')
2024-05-23 07:56:59.584 | INFO     | prover_rir.proof_search:_best_first_search:213 - Found a proof!
2024-05-23 07:57:06.048 | INFO     | prover_rir.proof_search:search:179 - Search Result:

Theorem:
  Repository: LeanGitRepo(url='https://github.com/yangky11/miniF2F-lean4', commit='9e445f5435407f014b88b44a98436d50dd7abd00')
  File Path: MiniF2F/Test.lean
  Full Name: mathd_numbertheory_99

Status: Status.PROVED

Proof:
  omega

Search Statistics:
  Planner Time: 0.5923110689036548
  Actor Time: 4.780537643004209
  Environment Time: 1.6196078329812735
  Total Time: 6.9926879841368645
  Total Nodes: 2
  Searched Nodes: 1
2024-05-23 07:57:06.049 | INFO     | prover_rir.proof_search:search:180 - 
---------------------------------

2024-05-23 07:57:06.057 | INFO     | prover_rir.proof_search:search:119 - Proving Theorem(repo=LeanGitRepo(url='https://github.com/yangky11/miniF2F-lean4', commit='9e445f5435407f014b88b44a98436d50dd7abd00'), file_path=PosixPath('MiniF2F/Test.lean'), full_name='amc12b_2020_p6')
2024-05-23 07:59:46.143 | INFO     | prover_rir.proof_search:_best_first_search:213 - Found a proof!
2024-05-23 07:59:50.991 | INFO     | prover_rir.proof_search:search:179 - Search Result:

Theorem:
  Repository: LeanGitRepo(url='https://github.com/yangky11/miniF2F-lean4', commit='9e445f5435407f014b88b44a98436d50dd7abd00')
  File Path: MiniF2F/Test.lean
  Full Name: mathd_algebra_246

Status: Status.PROVED

Proof:
  field_simp [h₀, h₂]
  rw [h₀] at h₂
  linarith

Search Statistics:
  Planner Time: 40.42213904345408
  Actor Time: 136.4698651600629
  Environment Time: 96.66352150822058
  Total Time: 273.69431505794637
  Total Nodes: 1426
  Searched Nodes: 33
2024-05-23 07:59:50.992 | INFO     | prover_rir.proof_search:search:180 - 
---------------------------------

2024-05-23 07:59:51.000 | INFO     | prover_rir.proof_search:search:119 - Proving Theorem(repo=LeanGitRepo(url='https://github.com/yangky11/miniF2F-lean4', commit='9e445f5435407f014b88b44a98436d50dd7abd00'), file_path=PosixPath('MiniF2F/Test.lean'), full_name='imo_2019_p1')
2024-05-23 08:06:19.348 | INFO     | prover_rir.proof_search:_best_first_search:205 - Search timed out.
2024-05-23 08:06:25.846 | INFO     | prover_rir.proof_search:search:179 - Search Result:

Theorem:
  Repository: LeanGitRepo(url='https://github.com/yangky11/miniF2F-lean4', commit='9e445f5435407f014b88b44a98436d50dd7abd00')
  File Path: MiniF2F/Test.lean
  Full Name: amc12a_2021_p22

Status: Status.OPEN

Proof: None

Search Statistics:
  Planner Time: 314.032135927584
  Actor Time: 500.617408369435
  Environment Time: 306.6906446670182
  Total Time: 1259.9912109340075
  Total Nodes: 4266
  Searched Nodes: 92
2024-05-23 08:06:25.847 | INFO     | prover_rir.proof_search:search:180 - 
---------------------------------

2024-05-23 08:06:25.855 | INFO     | prover_rir.proof_search:search:119 - Proving Theorem(repo=LeanGitRepo(url='https://github.com/yangky11/miniF2F-lean4', commit='9e445f5435407f014b88b44a98436d50dd7abd00'), file_path=PosixPath('MiniF2F/Test.lean'), full_name='algebra_sqineq_unitcircatbpabsamblt1')
2024-05-23 08:15:32.867 | WARNING  | prover_rir.proof_search:search:158 - Dojo crashed with Unexpected EOF when proving Theorem(repo=LeanGitRepo(url='https://github.com/yangky11/miniF2F-lean4', commit='9e445f5435407f014b88b44a98436d50dd7abd00'), file_path=PosixPath('MiniF2F/Test.lean'), full_name='algebra_sqineq_unitcircatbpabsamblt1')
2024-05-23 08:15:39.129 | INFO     | prover_rir.proof_search:search:179 - Search Result:

Theorem:
  Repository: LeanGitRepo(url='https://github.com/yangky11/miniF2F-lean4', commit='9e445f5435407f014b88b44a98436d50dd7abd00')
  File Path: MiniF2F/Test.lean
  Full Name: algebra_sqineq_unitcircatbpabsamblt1

Status: Status.OPEN

Proof: None

Search Statistics:
  Planner Time: 51.9844454403501
  Actor Time: 159.69249396864325
  Environment Time: 307.0285247510765
  Total Time: 514.11365307495
  Total Nodes: 2361
  Searched Nodes: 39
2024-05-23 08:15:39.130 | INFO     | prover_rir.proof_search:search:180 - 
---------------------------------

2024-05-23 08:15:39.137 | INFO     | prover_rir.proof_search:search:119 - Proving Theorem(repo=LeanGitRepo(url='https://github.com/yangky11/miniF2F-lean4', commit='9e445f5435407f014b88b44a98436d50dd7abd00'), file_path=PosixPath('MiniF2F/Test.lean'), full_name='mathd_algebra_432')
2024-05-23 08:16:06.547 | INFO     | prover_rir.proof_search:_best_first_search:213 - Found a proof!
2024-05-23 08:16:12.681 | INFO     | prover_rir.proof_search:search:179 - Search Result:

Theorem:
  Repository: LeanGitRepo(url='https://github.com/yangky11/miniF2F-lean4', commit='9e445f5435407f014b88b44a98436d50dd7abd00')
  File Path: MiniF2F/Test.lean
  Full Name: mathd_algebra_432

Status: Status.PROVED

Proof:
  ring

Search Statistics:
  Planner Time: 0.3920664449688047
  Actor Time: 1.3057017370592803
  Environment Time: 0.10970996995456517
  Total Time: 1.8079000189900398
  Total Nodes: 2
  Searched Nodes: 1
2024-05-23 08:16:12.682 | INFO     | prover_rir.proof_search:search:180 - 
---------------------------------

2024-05-23 08:16:12.687 | INFO     | prover_rir.proof_search:search:119 - Proving Theorem(repo=LeanGitRepo(url='https://github.com/yangky11/miniF2F-lean4', commit='9e445f5435407f014b88b44a98436d50dd7abd00'), file_path=PosixPath('MiniF2F/Test.lean'), full_name='imo_1960_p2')
2024-05-23 08:16:21.480 | INFO     | prover_rir.proof_search:_best_first_search:205 - Search timed out.
2024-05-23 08:16:27.413 | INFO     | prover_rir.proof_search:search:179 - Search Result:

Theorem:
  Repository: LeanGitRepo(url='https://github.com/yangky11/miniF2F-lean4', commit='9e445f5435407f014b88b44a98436d50dd7abd00')
  File Path: MiniF2F/Test.lean
  Full Name: mathd_numbertheory_430

Status: Status.OPEN

Proof: None

Search Statistics:
  Planner Time: 2.0410280951764435
  Actor Time: 3.9167910099495202
  Environment Time: 1.181078645400703
  Total Time: 1259.9852730499115
  Total Nodes: 22
  Searched Nodes: 0
2024-05-23 08:16:27.414 | INFO     | prover_rir.proof_search:search:180 - 
---------------------------------

2024-05-23 08:16:27.420 | INFO     | prover_rir.proof_search:search:119 - Proving Theorem(repo=LeanGitRepo(url='https://github.com/yangky11/miniF2F-lean4', commit='9e445f5435407f014b88b44a98436d50dd7abd00'), file_path=PosixPath('MiniF2F/Test.lean'), full_name='amc12a_2020_p10')
2024-05-23 08:18:32.453 | INFO     | prover_rir.proof_search:_best_first_search:205 - Search timed out.
2024-05-23 08:18:38.987 | INFO     | prover_rir.proof_search:search:179 - Search Result:

Theorem:
  Repository: LeanGitRepo(url='https://github.com/yangky11/miniF2F-lean4', commit='9e445f5435407f014b88b44a98436d50dd7abd00')
  File Path: MiniF2F/Test.lean
  Full Name: amc12b_2020_p6

Status: Status.OPEN

Proof: None

Search Statistics:
  Planner Time: 1.7463847489561886
  Actor Time: 7.182874024612829
  Environment Time: 2.9768978075589985
  Total Time: 1259.9927471540868
  Total Nodes: 119
  Searched Nodes: 1
2024-05-23 08:18:38.988 | INFO     | prover_rir.proof_search:search:180 - 
---------------------------------

2024-05-23 08:18:38.997 | INFO     | prover_rir.proof_search:search:119 - Proving Theorem(repo=LeanGitRepo(url='https://github.com/yangky11/miniF2F-lean4', commit='9e445f5435407f014b88b44a98436d50dd7abd00'), file_path=PosixPath('MiniF2F/Test.lean'), full_name='amc12a_2021_p8')
2024-05-23 08:20:55.457 | INFO     | prover_rir.proof_search:_best_first_search:205 - Search timed out.
2024-05-23 08:20:59.895 | INFO     | prover_rir.proof_search:search:179 - Search Result:

Theorem:
  Repository: LeanGitRepo(url='https://github.com/yangky11/miniF2F-lean4', commit='9e445f5435407f014b88b44a98436d50dd7abd00')
  File Path: MiniF2F/Test.lean
  Full Name: imo_2019_p1

Status: Status.OPEN

Proof: None

Search Statistics:
  Planner Time: 97.3914643318858
  Actor Time: 272.6028213335667
  Environment Time: 865.6974606672302
  Total Time: 1235.9682141749654
  Total Nodes: 4312
  Searched Nodes: 69
2024-05-23 08:20:59.896 | INFO     | prover_rir.proof_search:search:180 - 
---------------------------------

2024-05-23 08:20:59.904 | INFO     | prover_rir.proof_search:search:119 - Proving Theorem(repo=LeanGitRepo(url='https://github.com/yangky11/miniF2F-lean4', commit='9e445f5435407f014b88b44a98436d50dd7abd00'), file_path=PosixPath('MiniF2F/Test.lean'), full_name='numbertheory_aoddbdiv4asqpbsqmod8eq1')
