2024-05-21 04:46:36.085 | INFO     | prover.proof_search:__init__:107 - Using gen_type: default.
2024-05-21 04:46:36.094 | INFO     | prover.proof_search:__init__:107 - Using gen_type: default.
2024-05-21 04:46:36.095 | INFO     | prover.proof_search:__init__:107 - Using gen_type: default.
2024-05-21 04:46:36.097 | INFO     | prover.proof_search:__init__:107 - Using gen_type: default.
2024-05-21 04:46:36.104 | INFO     | prover.proof_search:search:113 - Proving Theorem(repo=LeanGitRepo(url='https://github.com/leanprover-community/mathlib4', commit='fe4454af900584467d21f4fd4fe951d29d9332a7'), file_path=PosixPath('Mathlib/MeasureTheory/MeasurableSpace/Defs.lean'), full_name='Set.Finite.measurableSet_biInter')
2024-05-21 04:46:36.106 | INFO     | prover.proof_search:search:113 - Proving Theorem(repo=LeanGitRepo(url='https://github.com/leanprover-community/mathlib4', commit='fe4454af900584467d21f4fd4fe951d29d9332a7'), file_path=PosixPath('Mathlib/Data/Set/Function.lean'), full_name="Set.bijOn_of_subsingleton'")
2024-05-21 04:46:36.109 | INFO     | prover.proof_search:search:113 - Proving Theorem(repo=LeanGitRepo(url='https://github.com/leanprover-community/mathlib4', commit='fe4454af900584467d21f4fd4fe951d29d9332a7'), file_path=PosixPath('Mathlib/LinearAlgebra/QuadraticForm/Prod.lean'), full_name='QuadraticForm.Isometry.snd_comp_inl')
2024-05-21 04:46:36.110 | INFO     | prover.proof_search:search:113 - Proving Theorem(repo=LeanGitRepo(url='https://github.com/leanprover-community/mathlib4', commit='fe4454af900584467d21f4fd4fe951d29d9332a7'), file_path=PosixPath('Mathlib/MeasureTheory/Integral/Bochner.lean'), full_name='MeasureTheory.integral_map_equiv')
2024-05-21 04:47:48.685 | INFO     | prover.proof_search:_best_first_search:204 - Found a proof!
2024-05-21 04:48:00.781 | INFO     | prover.proof_search:search:170 - Search Result:

Theorem:
  Repository: LeanGitRepo(url='https://github.com/leanprover-community/mathlib4', commit='fe4454af900584467d21f4fd4fe951d29d9332a7')
  File Path: Mathlib/LinearAlgebra/QuadraticForm/Prod.lean
  Full Name: QuadraticForm.Isometry.snd_comp_inl

Status: Status.PROVED

Proof:
  ext <;> rfl

Search Statistics:
  Actor Time: 15.198581913020462
  Environment Time: 0.21108930697664618
  Total Time: 15.410904551041313
  Total Nodes: 16
  Searched Nodes: 1
2024-05-21 04:48:00.783 | INFO     | prover.proof_search:search:171 - 
---------------------------------

2024-05-21 04:48:00.793 | INFO     | prover.proof_search:search:113 - Proving Theorem(repo=LeanGitRepo(url='https://github.com/leanprover-community/mathlib4', commit='fe4454af900584467d21f4fd4fe951d29d9332a7'), file_path=PosixPath('Mathlib/MeasureTheory/Measure/Restrict.lean'), full_name='MeasureTheory.NullMeasurable.measure_preimage_eq_measure_restrict_preimage_of_ae_compl_eq_const')
