2024-05-21 06:30:07.532 | INFO     | prover.proof_search:__init__:107 - Using gen_type: default.
2024-05-21 06:30:07.540 | INFO     | prover.proof_search:search:113 - Proving Theorem(repo=LeanGitRepo(url='https://github.com/leanprover-community/mathlib4', commit='fe4454af900584467d21f4fd4fe951d29d9332a7'), file_path=PosixPath('Mathlib/Analysis/SpecialFunctions/Stirling.lean'), full_name='Stirling.log_stirlingSeq_bounded_by_constant')
2024-05-21 06:30:07.643 | INFO     | prover.proof_search:__init__:107 - Using gen_type: default.
2024-05-21 06:30:07.651 | INFO     | prover.proof_search:search:113 - Proving Theorem(repo=LeanGitRepo(url='https://github.com/leanprover-community/mathlib4', commit='fe4454af900584467d21f4fd4fe951d29d9332a7'), file_path=PosixPath('Mathlib/Order/SuccPred/LinearLocallyFinite.lean'), full_name='toZ_of_ge')
2024-05-21 06:30:07.712 | INFO     | prover.proof_search:__init__:107 - Using gen_type: default.
2024-05-21 06:30:07.721 | INFO     | prover.proof_search:search:113 - Proving Theorem(repo=LeanGitRepo(url='https://github.com/leanprover-community/mathlib4', commit='fe4454af900584467d21f4fd4fe951d29d9332a7'), file_path=PosixPath('Mathlib/Data/Finsupp/Defs.lean'), full_name='Finsupp.update_self')
2024-05-21 06:30:07.748 | INFO     | prover.proof_search:__init__:107 - Using gen_type: default.
2024-05-21 06:30:07.757 | INFO     | prover.proof_search:search:113 - Proving Theorem(repo=LeanGitRepo(url='https://github.com/leanprover-community/mathlib4', commit='fe4454af900584467d21f4fd4fe951d29d9332a7'), file_path=PosixPath('Mathlib/Order/Filter/Pi.lean'), full_name='Filter.pi_mem_pi')
2024-05-21 06:30:07.769 | INFO     | prover.proof_search:__init__:107 - Using gen_type: default.
2024-05-21 06:30:07.776 | INFO     | prover.proof_search:search:113 - Proving Theorem(repo=LeanGitRepo(url='https://github.com/leanprover-community/mathlib4', commit='fe4454af900584467d21f4fd4fe951d29d9332a7'), file_path=PosixPath('Mathlib/CategoryTheory/Sites/Grothendieck.lean'), full_name='CategoryTheory.GrothendieckTopology.Cover.Arrow.from_middle_condition')
2024-05-21 06:30:07.981 | INFO     | prover.proof_search:__init__:107 - Using gen_type: default.
2024-05-21 06:30:07.989 | INFO     | prover.proof_search:search:113 - Proving Theorem(repo=LeanGitRepo(url='https://github.com/leanprover-community/mathlib4', commit='fe4454af900584467d21f4fd4fe951d29d9332a7'), file_path=PosixPath('Mathlib/Data/Real/Hyperreal.lean'), full_name='Hyperreal.IsSt.neg')
2024-05-21 06:32:00.891 | INFO     | prover.proof_search:_best_first_search:183 - Ran out of nodes to search.
2024-05-21 06:32:12.845 | INFO     | prover.proof_search:search:170 - Search Result:

Theorem:
  Repository: LeanGitRepo(url='https://github.com/leanprover-community/mathlib4', commit='fe4454af900584467d21f4fd4fe951d29d9332a7')
  File Path: Mathlib/CategoryTheory/Sites/Grothendieck.lean
  Full Name: CategoryTheory.GrothendieckTopology.Cover.Arrow.from_middle_condition

Status: Status.OPEN

Proof: None

Search Statistics:
  Actor Time: 58.10662012695684
  Environment Time: 1.1040384850930423
  Total Time: 59.21728538998286
  Total Nodes: 291
  Searched Nodes: 8
2024-05-21 06:32:12.846 | INFO     | prover.proof_search:search:171 - 
---------------------------------

2024-05-21 06:32:12.854 | INFO     | prover.proof_search:search:113 - Proving Theorem(repo=LeanGitRepo(url='https://github.com/leanprover-community/mathlib4', commit='fe4454af900584467d21f4fd4fe951d29d9332a7'), file_path=PosixPath('Mathlib/Topology/Order/Basic.lean'), full_name='exists_Ico_subset_of_mem_nhds')
2024-05-21 06:32:32.113 | INFO     | prover.proof_search:_best_first_search:204 - Found a proof!
2024-05-21 06:32:46.219 | INFO     | prover.proof_search:search:170 - Search Result:

Theorem:
  Repository: LeanGitRepo(url='https://github.com/leanprover-community/mathlib4', commit='fe4454af900584467d21f4fd4fe951d29d9332a7')
  File Path: Mathlib/Data/Finsupp/Defs.lean
  Full Name: Finsupp.update_self

Status: Status.PROVED

Proof:
  ext
  simp only [Finsupp.update, ite_true]
  simp

Search Statistics:
  Actor Time: 86.2627047149872
  Environment Time: 4.764042077236809
  Total Time: 91.04207077497267
  Total Nodes: 494
  Searched Nodes: 13
2024-05-21 06:32:46.219 | INFO     | prover.proof_search:search:171 - 
---------------------------------

2024-05-21 06:32:46.226 | INFO     | prover.proof_search:search:113 - Proving Theorem(repo=LeanGitRepo(url='https://github.com/leanprover-community/mathlib4', commit='fe4454af900584467d21f4fd4fe951d29d9332a7'), file_path=PosixPath('Mathlib/LinearAlgebra/AffineSpace/AffineMap.lean'), full_name='AffineMap.coe_snd')
2024-05-21 06:33:34.204 | INFO     | prover.proof_search:_best_first_search:204 - Found a proof!
2024-05-21 06:33:45.020 | INFO     | prover.proof_search:search:170 - Search Result:

Theorem:
  Repository: LeanGitRepo(url='https://github.com/leanprover-community/mathlib4', commit='fe4454af900584467d21f4fd4fe951d29d9332a7')
  File Path: Mathlib/LinearAlgebra/AffineSpace/AffineMap.lean
  Full Name: AffineMap.coe_snd

Status: Status.PROVED

Proof:
  ext <;> rfl

Search Statistics:
  Actor Time: 5.055059025995433
  Environment Time: 0.009542243991745636
  Total Time: 5.0650015019928105
  Total Nodes: 2
  Searched Nodes: 1
2024-05-21 06:33:45.021 | INFO     | prover.proof_search:search:171 - 
---------------------------------

2024-05-21 06:33:45.029 | INFO     | prover.proof_search:search:113 - Proving Theorem(repo=LeanGitRepo(url='https://github.com/leanprover-community/mathlib4', commit='fe4454af900584467d21f4fd4fe951d29d9332a7'), file_path=PosixPath('Mathlib/Algebra/Module/LinearMap/Basic.lean'), full_name='LinearMap.map_smul_inv')
2024-05-21 06:34:17.233 | INFO     | prover.proof_search:_best_first_search:204 - Found a proof!
2024-05-21 06:34:29.442 | INFO     | prover.proof_search:search:170 - Search Result:

Theorem:
  Repository: LeanGitRepo(url='https://github.com/leanprover-community/mathlib4', commit='fe4454af900584467d21f4fd4fe951d29d9332a7')
  File Path: Mathlib/Order/Filter/Pi.lean
  Full Name: Filter.pi_mem_pi

Status: Status.PROVED

Proof:
  rw [Set.pi_def]
  rw [Set.biInter_eq_iInter]
  haveI := hI.fintype
  exact Filter.iInter_mem.2 fun i ↦ Filter.mem_pi_of_mem _ (h i i.prop)

Search Statistics:
  Actor Time: 183.0980532609974
  Environment Time: 16.468971913855057
  Total Time: 199.60318925898173
  Total Nodes: 1267
  Searched Nodes: 31
2024-05-21 06:34:29.443 | INFO     | prover.proof_search:search:171 - 
---------------------------------

2024-05-21 06:34:29.452 | INFO     | prover.proof_search:search:113 - Proving Theorem(repo=LeanGitRepo(url='https://github.com/leanprover-community/mathlib4', commit='fe4454af900584467d21f4fd4fe951d29d9332a7'), file_path=PosixPath('Mathlib/Topology/MetricSpace/Thickening.lean'), full_name='Metric.cthickening_eq_biUnion_closedBall')
2024-05-21 06:34:32.501 | INFO     | prover.proof_search:_best_first_search:204 - Found a proof!
2024-05-21 06:34:44.233 | INFO     | prover.proof_search:search:170 - Search Result:

Theorem:
  Repository: LeanGitRepo(url='https://github.com/leanprover-community/mathlib4', commit='fe4454af900584467d21f4fd4fe951d29d9332a7')
  File Path: Mathlib/Algebra/Module/LinearMap/Basic.lean
  Full Name: LinearMap.map_smul_inv

Status: Status.PROVED

Proof:
  simp [RingHom.id_apply]

Search Statistics:
  Actor Time: 10.15222091198666
  Environment Time: 0.23426113103050739
  Total Time: 10.387087576993508
  Total Nodes: 7
  Searched Nodes: 1
2024-05-21 06:34:44.234 | INFO     | prover.proof_search:search:171 - 
---------------------------------

2024-05-21 06:34:44.241 | INFO     | prover.proof_search:search:113 - Proving Theorem(repo=LeanGitRepo(url='https://github.com/leanprover-community/mathlib4', commit='fe4454af900584467d21f4fd4fe951d29d9332a7'), file_path=PosixPath('Mathlib/Order/CompleteLattice.lean'), full_name='iInf₂_le_of_le')
2024-05-21 06:34:58.755 | INFO     | prover.proof_search:_best_first_search:204 - Found a proof!
2024-05-21 06:35:12.134 | INFO     | prover.proof_search:search:170 - Search Result:

Theorem:
  Repository: LeanGitRepo(url='https://github.com/leanprover-community/mathlib4', commit='fe4454af900584467d21f4fd4fe951d29d9332a7')
  File Path: Mathlib/Order/SuccPred/LinearLocallyFinite.lean
  Full Name: toZ_of_ge

Status: Status.PROVED

Proof:
  rw [le_antisymm_iff]
  dsimp [Nat.find, toZ]
  simp [hi]

Search Statistics:
  Actor Time: 221.94200653396547
  Environment Time: 18.226310383615782
  Total Time: 240.2067089570046
  Total Nodes: 1245
  Searched Nodes: 36
2024-05-21 06:35:12.135 | INFO     | prover.proof_search:search:171 - 
---------------------------------

2024-05-21 06:35:12.145 | INFO     | prover.proof_search:search:113 - Proving Theorem(repo=LeanGitRepo(url='https://github.com/leanprover-community/mathlib4', commit='fe4454af900584467d21f4fd4fe951d29d9332a7'), file_path=PosixPath('Mathlib/Analysis/Asymptotics/Asymptotics.lean'), full_name='Asymptotics.IsLittleO.add_isBigO')
2024-05-21 06:41:04.726 | INFO     | prover.proof_search:_best_first_search:196 - Search timed out.
2024-05-21 06:41:15.502 | INFO     | prover.proof_search:_best_first_search:196 - Search timed out.
2024-05-21 06:41:21.251 | INFO     | prover.proof_search:search:170 - Search Result:

Theorem:
  Repository: LeanGitRepo(url='https://github.com/leanprover-community/mathlib4', commit='fe4454af900584467d21f4fd4fe951d29d9332a7')
  File Path: Mathlib/Data/Real/Hyperreal.lean
  Full Name: Hyperreal.IsSt.neg

Status: Status.OPEN

Proof: None

Search Statistics:
  Actor Time: 550.9675299310184
  Environment Time: 51.98717568287975
  Total Time: 603.0389062339964
  Total Nodes: 2015
  Searched Nodes: 84
2024-05-21 06:41:21.251 | INFO     | prover.proof_search:search:171 - 
---------------------------------

2024-05-21 06:41:21.262 | INFO     | prover.proof_search:search:113 - Proving Theorem(repo=LeanGitRepo(url='https://github.com/leanprover-community/mathlib4', commit='fe4454af900584467d21f4fd4fe951d29d9332a7'), file_path=PosixPath('.lake/packages/std/Std/Data/String/Lemmas.lean'), full_name='String.Pos.ext_iff')
2024-05-21 06:41:37.036 | INFO     | prover.proof_search:search:170 - Search Result:

Theorem:
  Repository: LeanGitRepo(url='https://github.com/leanprover-community/mathlib4', commit='fe4454af900584467d21f4fd4fe951d29d9332a7')
  File Path: Mathlib/Analysis/SpecialFunctions/Stirling.lean
  Full Name: Stirling.log_stirlingSeq_bounded_by_constant

Status: Status.OPEN

Proof: None

Search Statistics:
  Actor Time: 553.3373000388674
  Environment Time: 58.64636778802378
  Total Time: 612.0740026830172
  Total Nodes: 1880
  Searched Nodes: 62
2024-05-21 06:41:37.037 | INFO     | prover.proof_search:search:171 - 
---------------------------------

2024-05-21 06:41:37.047 | INFO     | prover.proof_search:search:113 - Proving Theorem(repo=LeanGitRepo(url='https://github.com/leanprover-community/mathlib4', commit='fe4454af900584467d21f4fd4fe951d29d9332a7'), file_path=PosixPath('Mathlib/Topology/LocallyConstant/Basic.lean'), full_name='LocallyConstant.mulIndicator_of_not_mem')
2024-05-21 06:42:59.418 | INFO     | prover.proof_search:_best_first_search:196 - Search timed out.
2024-05-21 06:43:37.028 | INFO     | prover.proof_search:_best_first_search:204 - Found a proof!
2024-05-21 06:43:41.622 | INFO     | prover.proof_search:_best_first_search:204 - Found a proof!
2024-05-21 06:43:44.464 | INFO     | prover.proof_search:search:170 - Search Result:

Theorem:
  Repository: LeanGitRepo(url='https://github.com/leanprover-community/mathlib4', commit='fe4454af900584467d21f4fd4fe951d29d9332a7')
  File Path: Mathlib/Topology/Order/Basic.lean
  Full Name: exists_Ico_subset_of_mem_nhds

Status: Status.OPEN

Proof: None

Search Statistics:
  Actor Time: 525.3791412900609
  Environment Time: 77.31824601511471
  Total Time: 602.8153810689982
  Total Nodes: 3553
  Searched Nodes: 88
2024-05-21 06:43:44.466 | INFO     | prover.proof_search:search:171 - 
---------------------------------

2024-05-21 06:43:44.474 | INFO     | prover.proof_search:search:113 - Proving Theorem(repo=LeanGitRepo(url='https://github.com/leanprover-community/mathlib4', commit='fe4454af900584467d21f4fd4fe951d29d9332a7'), file_path=PosixPath('Mathlib/LinearAlgebra/Matrix/SesquilinearForm.lean'), full_name='LinearMap.toMatrix₂_symm')
2024-05-21 06:44:07.070 | INFO     | prover.proof_search:search:170 - Search Result:

Theorem:
  Repository: LeanGitRepo(url='https://github.com/leanprover-community/mathlib4', commit='fe4454af900584467d21f4fd4fe951d29d9332a7')
  File Path: Mathlib/Topology/LocallyConstant/Basic.lean
  Full Name: LocallyConstant.mulIndicator_of_not_mem

Status: Status.PROVED

Proof:
  simp [h]

Search Statistics:
  Actor Time: 8.214338209014386
  Environment Time: 0.014912126993294805
  Total Time: 8.229736746987328
  Total Nodes: 2
  Searched Nodes: 1
2024-05-21 06:44:07.071 | INFO     | prover.proof_search:search:171 - 
---------------------------------

2024-05-21 06:44:07.079 | INFO     | prover.proof_search:search:113 - Proving Theorem(repo=LeanGitRepo(url='https://github.com/leanprover-community/mathlib4', commit='fe4454af900584467d21f4fd4fe951d29d9332a7'), file_path=PosixPath('Mathlib/CategoryTheory/Limits/Shapes/BinaryProducts.lean'), full_name='CategoryTheory.Limits.prod.comp_lift')
2024-05-21 06:44:11.126 | INFO     | prover.proof_search:search:170 - Search Result:

Theorem:
  Repository: LeanGitRepo(url='https://github.com/leanprover-community/mathlib4', commit='fe4454af900584467d21f4fd4fe951d29d9332a7')
  File Path: .lake/packages/std/Std/Data/String/Lemmas.lean
  Full Name: String.Pos.ext_iff

Status: Status.PROVED

Proof:
  constructor <;> intro h
  rw [h]
  exact Pos.ext h

Search Statistics:
  Actor Time: 39.58325429004617
  Environment Time: 1.993630663579097
  Total Time: 41.587865924986545
  Total Nodes: 342
  Searched Nodes: 9
2024-05-21 06:44:11.127 | INFO     | prover.proof_search:search:171 - 
---------------------------------

2024-05-21 06:44:11.134 | INFO     | prover.proof_search:search:113 - Proving Theorem(repo=LeanGitRepo(url='https://github.com/leanprover-community/mathlib4', commit='fe4454af900584467d21f4fd4fe951d29d9332a7'), file_path=PosixPath('Mathlib/Algebra/Order/Pointwise.lean'), full_name='LinearOrderedField.smul_Iic')
2024-05-21 06:45:09.542 | INFO     | prover.proof_search:_best_first_search:196 - Search timed out.
2024-05-21 06:45:27.681 | INFO     | prover.proof_search:_best_first_search:196 - Search timed out.
2024-05-21 06:45:30.061 | INFO     | prover.proof_search:_best_first_search:204 - Found a proof!
2024-05-21 06:45:36.518 | INFO     | prover.proof_search:search:170 - Search Result:

Theorem:
  Repository: LeanGitRepo(url='https://github.com/leanprover-community/mathlib4', commit='fe4454af900584467d21f4fd4fe951d29d9332a7')
  File Path: Mathlib/Topology/MetricSpace/Thickening.lean
  Full Name: Metric.cthickening_eq_biUnion_closedBall

Status: Status.OPEN

Proof: None

Search Statistics:
  Actor Time: 451.49328289710684
  Environment Time: 149.3766065875243
  Total Time: 600.9512726709945
  Total Nodes: 1931
  Searched Nodes: 55
2024-05-21 06:45:36.520 | INFO     | prover.proof_search:search:171 - 
---------------------------------

2024-05-21 06:45:36.529 | INFO     | prover.proof_search:search:113 - Proving Theorem(repo=LeanGitRepo(url='https://github.com/leanprover-community/mathlib4', commit='fe4454af900584467d21f4fd4fe951d29d9332a7'), file_path=PosixPath('Mathlib/Data/PFun.lean'), full_name='PFun.fn_apply')
2024-05-21 06:45:49.197 | INFO     | prover.proof_search:_best_first_search:204 - Found a proof!
2024-05-21 06:45:58.266 | INFO     | prover.proof_search:_best_first_search:196 - Search timed out.
2024-05-21 06:46:04.172 | INFO     | prover.proof_search:search:170 - Search Result:

Theorem:
  Repository: LeanGitRepo(url='https://github.com/leanprover-community/mathlib4', commit='fe4454af900584467d21f4fd4fe951d29d9332a7')
  File Path: Mathlib/Order/CompleteLattice.lean
  Full Name: iInf₂_le_of_le

Status: Status.OPEN

Proof: None

Search Statistics:
  Actor Time: 546.0974681289808
  Environment Time: 54.06810573261464
  Total Time: 600.352734065993
  Total Nodes: 4822
  Searched Nodes: 144
2024-05-21 06:46:04.173 | INFO     | prover.proof_search:search:171 - 
---------------------------------

2024-05-21 06:46:04.180 | INFO     | prover.proof_search:search:113 - Proving Theorem(repo=LeanGitRepo(url='https://github.com/leanprover-community/mathlib4', commit='fe4454af900584467d21f4fd4fe951d29d9332a7'), file_path=PosixPath('Mathlib/Analysis/NormedSpace/Pointwise.lean'), full_name='closedBall_add_closedBall')
2024-05-21 06:46:04.576 | INFO     | prover.proof_search:search:170 - Search Result:

Theorem:
  Repository: LeanGitRepo(url='https://github.com/leanprover-community/mathlib4', commit='fe4454af900584467d21f4fd4fe951d29d9332a7')
  File Path: Mathlib/LinearAlgebra/Matrix/SesquilinearForm.lean
  Full Name: LinearMap.toMatrix₂_symm

Status: Status.PROVED

Proof:
  rfl

Search Statistics:
  Actor Time: 1.5240907719999086
  Environment Time: 0.1058260900026653
  Total Time: 1.6306226020096801
  Total Nodes: 4
  Searched Nodes: 1
2024-05-21 06:46:04.577 | INFO     | prover.proof_search:search:171 - 
---------------------------------

2024-05-21 06:46:04.587 | INFO     | prover.proof_search:search:113 - Proving Theorem(repo=LeanGitRepo(url='https://github.com/leanprover-community/mathlib4', commit='fe4454af900584467d21f4fd4fe951d29d9332a7'), file_path=PosixPath('Mathlib/Analysis/Convolution.lean'), full_name='ConvolutionExistsAt.distrib_add')
2024-05-21 06:46:29.702 | INFO     | prover.proof_search:search:170 - Search Result:

Theorem:
  Repository: LeanGitRepo(url='https://github.com/leanprover-community/mathlib4', commit='fe4454af900584467d21f4fd4fe951d29d9332a7')
  File Path: Mathlib/CategoryTheory/Limits/Shapes/BinaryProducts.lean
  Full Name: CategoryTheory.Limits.prod.comp_lift

Status: Status.PROVED

Proof:
  ext <;> simp

Search Statistics:
  Actor Time: 4.616659004997928
  Environment Time: 0.07161108701257035
  Total Time: 4.688847248005914
  Total Nodes: 2
  Searched Nodes: 1
2024-05-21 06:46:29.703 | INFO     | prover.proof_search:search:171 - 
---------------------------------

2024-05-21 06:46:29.712 | INFO     | prover.proof_search:search:113 - Proving Theorem(repo=LeanGitRepo(url='https://github.com/leanprover-community/mathlib4', commit='fe4454af900584467d21f4fd4fe951d29d9332a7'), file_path=PosixPath('Mathlib/MeasureTheory/Measure/ProbabilityMeasure.lean'), full_name='MeasureTheory.ProbabilityMeasure.apply_mono')
2024-05-21 06:46:35.976 | INFO     | prover.proof_search:search:170 - Search Result:

Theorem:
  Repository: LeanGitRepo(url='https://github.com/leanprover-community/mathlib4', commit='fe4454af900584467d21f4fd4fe951d29d9332a7')
  File Path: Mathlib/Analysis/Asymptotics/Asymptotics.lean
  Full Name: Asymptotics.IsLittleO.add_isBigO

Status: Status.OPEN

Proof: None

Search Statistics:
  Actor Time: 489.15665188303683
  Environment Time: 110.73494567043963
  Total Time: 600.0779974859906
  Total Nodes: 3812
  Searched Nodes: 98
2024-05-21 06:46:35.977 | INFO     | prover.proof_search:search:171 - 
---------------------------------

2024-05-21 06:46:35.987 | INFO     | prover.proof_search:search:113 - Proving Theorem(repo=LeanGitRepo(url='https://github.com/leanprover-community/mathlib4', commit='fe4454af900584467d21f4fd4fe951d29d9332a7'), file_path=PosixPath('Mathlib/LinearAlgebra/BilinearForm/Properties.lean'), full_name='BilinForm.isAdjointPair_id')
2024-05-21 06:46:52.775 | INFO     | prover.proof_search:_best_first_search:204 - Found a proof!
2024-05-21 06:47:09.024 | INFO     | prover.proof_search:_best_first_search:204 - Found a proof!
2024-05-21 06:47:30.799 | INFO     | prover.proof_search:search:170 - Search Result:

Theorem:
  Repository: LeanGitRepo(url='https://github.com/leanprover-community/mathlib4', commit='fe4454af900584467d21f4fd4fe951d29d9332a7')
  File Path: Mathlib/Algebra/Order/Pointwise.lean
  Full Name: LinearOrderedField.smul_Iic

Status: Status.PROVED

Proof:
  ext x
  simp only [Set.mem_smul_set_iff_inv_smul_mem₀ hr.ne', Set.mem_Iic, smul_eq_mul, Set.mem_Iic]
  rw [inv_mul_le_iff hr, mul_comm]

Search Statistics:
  Actor Time: 48.634954353095964
  Environment Time: 17.426367072563153
  Total Time: 66.09502519702073
  Total Nodes: 599
  Searched Nodes: 21
2024-05-21 06:47:30.800 | INFO     | prover.proof_search:search:171 - 
---------------------------------

2024-05-21 06:47:30.807 | INFO     | prover.proof_search:search:113 - Proving Theorem(repo=LeanGitRepo(url='https://github.com/leanprover-community/mathlib4', commit='fe4454af900584467d21f4fd4fe951d29d9332a7'), file_path=PosixPath('Mathlib/CategoryTheory/Bicategory/Basic.lean'), full_name='CategoryTheory.Bicategory.leftUnitor_inv_naturality')
2024-05-21 06:47:52.883 | INFO     | prover.proof_search:search:170 - Search Result:

Theorem:
  Repository: LeanGitRepo(url='https://github.com/leanprover-community/mathlib4', commit='fe4454af900584467d21f4fd4fe951d29d9332a7')
  File Path: Mathlib/Data/PFun.lean
  Full Name: PFun.fn_apply

Status: Status.PROVED

Proof:
  rfl

Search Statistics:
  Actor Time: 1.7662566130165942
  Environment Time: 0.0040195070032496005
  Total Time: 1.7709128279821016
  Total Nodes: 2
  Searched Nodes: 1
2024-05-21 06:47:52.884 | INFO     | prover.proof_search:search:171 - 
---------------------------------

2024-05-21 06:47:52.894 | INFO     | prover.proof_search:search:113 - Proving Theorem(repo=LeanGitRepo(url='https://github.com/leanprover-community/mathlib4', commit='fe4454af900584467d21f4fd4fe951d29d9332a7'), file_path=PosixPath('Mathlib/Order/SymmDiff.lean'), full_name='bihimp_le_iff_left')
2024-05-21 06:48:25.232 | INFO     | prover.proof_search:_best_first_search:204 - Found a proof!
2024-05-21 06:48:35.413 | INFO     | prover.proof_search:_best_first_search:204 - Found a proof!
2024-05-21 06:48:58.584 | INFO     | prover.proof_search:_best_first_search:204 - Found a proof!
2024-05-21 06:49:02.035 | INFO     | prover.proof_search:search:170 - Search Result:

Theorem:
  Repository: LeanGitRepo(url='https://github.com/leanprover-community/mathlib4', commit='fe4454af900584467d21f4fd4fe951d29d9332a7')
  File Path: Mathlib/LinearAlgebra/BilinearForm/Properties.lean
  Full Name: BilinForm.isAdjointPair_id

Status: Status.PROVED

Proof:
  simp [BilinForm.IsAdjointPair]

Search Statistics:
  Actor Time: 6.9294778750045225
  Environment Time: 0.09256362600717694
  Total Time: 7.022826127009466
  Total Nodes: 2
  Searched Nodes: 1
2024-05-21 06:49:02.036 | INFO     | prover.proof_search:search:171 - 
---------------------------------

2024-05-21 06:49:02.044 | INFO     | prover.proof_search:search:113 - Proving Theorem(repo=LeanGitRepo(url='https://github.com/leanprover-community/mathlib4', commit='fe4454af900584467d21f4fd4fe951d29d9332a7'), file_path=PosixPath('Mathlib/RingTheory/NonUnitalSubring/Basic.lean'), full_name='NonUnitalSubring.coe_toNonUnitalSubsemiring')
2024-05-21 06:49:09.900 | INFO     | prover.proof_search:search:170 - Search Result:

Theorem:
  Repository: LeanGitRepo(url='https://github.com/leanprover-community/mathlib4', commit='fe4454af900584467d21f4fd4fe951d29d9332a7')
  File Path: Mathlib/Analysis/Convolution.lean
  Full Name: ConvolutionExistsAt.distrib_add

Status: Status.PROVED

Proof:
  simp [convolution_def]
  rw [← MeasureTheory.integral_add hfg hfg']

Search Statistics:
  Actor Time: 21.17328608193202
  Environment Time: 11.847252174746245
  Total Time: 33.02973154198844
  Total Nodes: 116
  Searched Nodes: 4
2024-05-21 06:49:09.901 | INFO     | prover.proof_search:search:171 - 
---------------------------------

2024-05-21 06:49:09.909 | INFO     | prover.proof_search:search:113 - Proving Theorem(repo=LeanGitRepo(url='https://github.com/leanprover-community/mathlib4', commit='fe4454af900584467d21f4fd4fe951d29d9332a7'), file_path=PosixPath('Mathlib/Topology/Order/IntermediateValue.lean'), full_name='IsPreconnected.ordConnected')
2024-05-21 06:49:31.917 | INFO     | prover.proof_search:_best_first_search:204 - Found a proof!
2024-05-21 06:49:39.328 | INFO     | prover.proof_search:search:170 - Search Result:

Theorem:
  Repository: LeanGitRepo(url='https://github.com/leanprover-community/mathlib4', commit='fe4454af900584467d21f4fd4fe951d29d9332a7')
  File Path: Mathlib/MeasureTheory/Measure/ProbabilityMeasure.lean
  Full Name: MeasureTheory.ProbabilityMeasure.apply_mono

Status: Status.PROVED

Proof:
  dsimp only
  rw [ENNReal.toNNReal_le_toNNReal]
  exacts [MeasureTheory.measure_mono h, MeasureTheory.measure_ne_top _ _, MeasureTheory.measure_ne_top _ _]

Search Statistics:
  Actor Time: 47.203903048008215
  Environment Time: 4.66043182296562
  Total Time: 51.88442182401195
  Total Nodes: 290
  Searched Nodes: 9
2024-05-21 06:49:39.330 | INFO     | prover.proof_search:search:171 - 
---------------------------------

2024-05-21 06:49:39.338 | INFO     | prover.proof_search:search:113 - Proving Theorem(repo=LeanGitRepo(url='https://github.com/leanprover-community/mathlib4', commit='fe4454af900584467d21f4fd4fe951d29d9332a7'), file_path=PosixPath('Mathlib/GroupTheory/Order/Min.lean'), full_name='Monoid.minOrder_le_orderOf')
2024-05-21 06:50:16.736 | INFO     | prover.proof_search:search:170 - Search Result:

Theorem:
  Repository: LeanGitRepo(url='https://github.com/leanprover-community/mathlib4', commit='fe4454af900584467d21f4fd4fe951d29d9332a7')
  File Path: Mathlib/CategoryTheory/Bicategory/Basic.lean
  Full Name: CategoryTheory.Bicategory.leftUnitor_inv_naturality

Status: Status.PROVED

Proof:
  simp

Search Statistics:
  Actor Time: 5.635919594002189
  Environment Time: 0.03671055199811235
  Total Time: 5.673119980987394
  Total Nodes: 2
  Searched Nodes: 1
2024-05-21 06:50:16.737 | INFO     | prover.proof_search:search:171 - 
---------------------------------

2024-05-21 06:50:16.746 | INFO     | prover.proof_search:search:113 - Proving Theorem(repo=LeanGitRepo(url='https://github.com/leanprover-community/mathlib4', commit='fe4454af900584467d21f4fd4fe951d29d9332a7'), file_path=PosixPath('Mathlib/Probability/Independence/Kernel.lean'), full_name='ProbabilityTheory.kernel.iIndepFun.indepFun_mul_left')
2024-05-21 06:51:06.614 | INFO     | prover.proof_search:_best_first_search:204 - Found a proof!
2024-05-21 06:51:47.220 | INFO     | prover.proof_search:search:170 - Search Result:

Theorem:
  Repository: LeanGitRepo(url='https://github.com/leanprover-community/mathlib4', commit='fe4454af900584467d21f4fd4fe951d29d9332a7')
  File Path: Mathlib/RingTheory/NonUnitalSubring/Basic.lean
  Full Name: NonUnitalSubring.coe_toNonUnitalSubsemiring

Status: Status.PROVED

Proof:
  rfl

Search Statistics:
  Actor Time: 3.6072796010121237
  Environment Time: 0.003811036003753543
  Total Time: 3.6115721649839543
  Total Nodes: 2
  Searched Nodes: 1
2024-05-21 06:51:47.221 | INFO     | prover.proof_search:search:171 - 
---------------------------------

2024-05-21 06:51:47.467 | INFO     | prover.proof_search:search:113 - Proving Theorem(repo=LeanGitRepo(url='https://github.com/leanprover-community/mathlib4', commit='fe4454af900584467d21f4fd4fe951d29d9332a7'), file_path=PosixPath('Mathlib/Order/Filter/Bases.lean'), full_name='Filter.IsBasis.mem_filter_iff')
2024-05-21 06:53:30.588 | INFO     | prover.proof_search:_best_first_search:204 - Found a proof!
2024-05-21 06:53:31.627 | INFO     | prover.proof_search:_best_first_search:204 - Found a proof!
2024-05-21 06:54:16.640 | INFO     | prover.proof_search:search:170 - Search Result:

Theorem:
  Repository: LeanGitRepo(url='https://github.com/leanprover-community/mathlib4', commit='fe4454af900584467d21f4fd4fe951d29d9332a7')
  File Path: Mathlib/GroupTheory/Order/Min.lean
  Full Name: Monoid.minOrder_le_orderOf

Status: Status.PROVED

Proof:
  rw [Monoid.minOrder]
  refine' iInf_le_of_le a _
  simp [ha, ha']

Search Statistics:
  Actor Time: 102.90892273798818
  Environment Time: 8.96934559365036
  Total Time: 111.90727968499414
  Total Nodes: 673
  Searched Nodes: 17
2024-05-21 06:54:16.641 | INFO     | prover.proof_search:search:171 - 
---------------------------------

2024-05-21 06:54:16.651 | INFO     | prover.proof_search:search:113 - Proving Theorem(repo=LeanGitRepo(url='https://github.com/leanprover-community/mathlib4', commit='fe4454af900584467d21f4fd4fe951d29d9332a7'), file_path=PosixPath('Mathlib/Data/Matrix/Basic.lean'), full_name='Matrix.diag_apply')
2024-05-21 06:54:21.510 | INFO     | prover.proof_search:search:170 - Search Result:

Theorem:
  Repository: LeanGitRepo(url='https://github.com/leanprover-community/mathlib4', commit='fe4454af900584467d21f4fd4fe951d29d9332a7')
  File Path: Mathlib/Topology/Order/IntermediateValue.lean
  Full Name: IsPreconnected.ordConnected

Status: Status.PROVED

Proof:
  constructor
  intro x hx y hy xy
  apply h.Icc_subset hx hy

Search Statistics:
  Actor Time: 128.48383909100085
  Environment Time: 11.740931305655977
  Total Time: 140.2648388009984
  Total Nodes: 1059
  Searched Nodes: 31
2024-05-21 06:54:21.512 | INFO     | prover.proof_search:search:171 - 
---------------------------------

2024-05-21 06:54:21.519 | INFO     | prover.proof_search:search:113 - Proving Theorem(repo=LeanGitRepo(url='https://github.com/leanprover-community/mathlib4', commit='fe4454af900584467d21f4fd4fe951d29d9332a7'), file_path=PosixPath('Mathlib/Analysis/SpecialFunctions/Trigonometric/Basic.lean'), full_name='Complex.tan_sub_nat_mul_pi')
2024-05-21 06:54:41.881 | INFO     | prover.proof_search:_best_first_search:204 - Found a proof!
2024-05-21 06:55:43.062 | INFO     | prover.proof_search:search:170 - Search Result:

Theorem:
  Repository: LeanGitRepo(url='https://github.com/leanprover-community/mathlib4', commit='fe4454af900584467d21f4fd4fe951d29d9332a7')
  File Path: Mathlib/Order/Filter/Bases.lean
  Full Name: Filter.IsBasis.mem_filter_iff

Status: Status.PROVED

Proof:
  simp [IsBasis.filter]
  simp [FilterBasis.mem_filter_iff]
  simp [h.mem_filterBasis_iff]

Search Statistics:
  Actor Time: 72.22880337102106
  Environment Time: 7.052869120932883
  Total Time: 79.30313755600946
  Total Nodes: 519
  Searched Nodes: 16
2024-05-21 06:55:43.198 | INFO     | prover.proof_search:search:171 - 
---------------------------------

2024-05-21 06:55:43.210 | INFO     | prover.proof_search:search:113 - Proving Theorem(repo=LeanGitRepo(url='https://github.com/leanprover-community/mathlib4', commit='fe4454af900584467d21f4fd4fe951d29d9332a7'), file_path=PosixPath('Mathlib/Topology/UniformSpace/Basic.lean'), full_name='UniformSpace.to_nhds_mono')
2024-05-21 06:57:10.203 | INFO     | prover.proof_search:_best_first_search:204 - Found a proof!
2024-05-21 06:57:50.098 | INFO     | prover.proof_search:_best_first_search:196 - Search timed out.
2024-05-21 06:57:59.930 | INFO     | prover.proof_search:search:170 - Search Result:

Theorem:
  Repository: LeanGitRepo(url='https://github.com/leanprover-community/mathlib4', commit='fe4454af900584467d21f4fd4fe951d29d9332a7')
  File Path: Mathlib/Data/Matrix/Basic.lean
  Full Name: Matrix.diag_apply

Status: Status.PROVED

Proof:
  simp [Matrix.diag, eq_comm]

Search Statistics:
  Actor Time: 5.784891062008683
  Environment Time: 0.006404963001841679
  Total Time: 5.791717208019691
  Total Nodes: 2
  Searched Nodes: 1
2024-05-21 06:57:59.956 | INFO     | prover.proof_search:search:171 - 
---------------------------------

2024-05-21 06:57:59.965 | INFO     | prover.proof_search:search:113 - Proving Theorem(repo=LeanGitRepo(url='https://github.com/leanprover-community/mathlib4', commit='fe4454af900584467d21f4fd4fe951d29d9332a7'), file_path=PosixPath('Mathlib/Algebra/Homology/ShortComplex/Exact.lean'), full_name='CategoryTheory.ShortComplex.Exact.map_of_epi_of_preservesCokernel')
2024-05-21 06:58:38.558 | INFO     | prover.proof_search:_best_first_search:204 - Found a proof!
2024-05-21 06:58:47.647 | INFO     | prover.proof_search:search:170 - Search Result:

Theorem:
  Repository: LeanGitRepo(url='https://github.com/leanprover-community/mathlib4', commit='fe4454af900584467d21f4fd4fe951d29d9332a7')
  File Path: Mathlib/Analysis/NormedSpace/Pointwise.lean
  Full Name: closedBall_add_closedBall

Status: Status.OPEN

Proof: None

Search Statistics:
  Actor Time: 507.55301714892266
  Environment Time: 97.35791603912367
  Total Time: 605.0851004919969
  Total Nodes: 2539
  Searched Nodes: 94
2024-05-21 06:58:47.648 | INFO     | prover.proof_search:search:171 - 
---------------------------------

2024-05-21 06:58:47.656 | INFO     | prover.proof_search:search:113 - Proving Theorem(repo=LeanGitRepo(url='https://github.com/leanprover-community/mathlib4', commit='fe4454af900584467d21f4fd4fe951d29d9332a7'), file_path=PosixPath('.lake/packages/std/Std/Data/Rat/Lemmas.lean'), full_name='Rat.neg_divInt')
2024-05-21 06:59:35.631 | INFO     | prover.proof_search:search:170 - Search Result:

Theorem:
  Repository: LeanGitRepo(url='https://github.com/leanprover-community/mathlib4', commit='fe4454af900584467d21f4fd4fe951d29d9332a7')
  File Path: Mathlib/Topology/UniformSpace/Basic.lean
  Full Name: UniformSpace.to_nhds_mono

Status: Status.PROVED

Proof:
  rw [u₁.nhds_eq_comap_uniformity, u₂.nhds_eq_comap_uniformity]
  exact Filter.comap_mono h

Search Statistics:
  Actor Time: 14.7501320670126
  Environment Time: 0.47611565806437284
  Total Time: 15.230176857003244
  Total Nodes: 118
  Searched Nodes: 3
2024-05-21 06:59:35.633 | INFO     | prover.proof_search:search:171 - 
---------------------------------

2024-05-21 06:59:35.647 | INFO     | prover.proof_search:search:113 - Proving Theorem(repo=LeanGitRepo(url='https://github.com/leanprover-community/mathlib4', commit='fe4454af900584467d21f4fd4fe951d29d9332a7'), file_path=PosixPath('Mathlib/Analysis/Calculus/FDeriv/Add.lean'), full_name='DifferentiableWithinAt.add_const')
2024-05-21 06:59:49.640 | INFO     | prover.proof_search:_best_first_search:196 - Search timed out.
2024-05-21 07:00:50.167 | INFO     | prover.proof_search:search:170 - Search Result:

Theorem:
  Repository: LeanGitRepo(url='https://github.com/leanprover-community/mathlib4', commit='fe4454af900584467d21f4fd4fe951d29d9332a7')
  File Path: Mathlib/Order/SymmDiff.lean
  Full Name: bihimp_le_iff_left

Status: Status.OPEN

Proof: None

Search Statistics:
  Actor Time: 499.97508199093863
  Environment Time: 101.96805471842526
  Total Time: 602.1743222819932
  Total Nodes: 6196
  Searched Nodes: 147
2024-05-21 07:00:50.169 | INFO     | prover.proof_search:search:171 - 
---------------------------------

2024-05-21 07:00:50.179 | INFO     | prover.proof_search:search:113 - Proving Theorem(repo=LeanGitRepo(url='https://github.com/leanprover-community/mathlib4', commit='fe4454af900584467d21f4fd4fe951d29d9332a7'), file_path=PosixPath('Mathlib/Topology/Instances/ENNReal.lean'), full_name='ENNReal.continuousOn_sub_left')
2024-05-21 07:02:20.215 | INFO     | prover.proof_search:_best_first_search:196 - Search timed out.
2024-05-21 07:02:23.946 | INFO     | prover.proof_search:_best_first_search:204 - Found a proof!
2024-05-21 07:03:17.844 | INFO     | prover.proof_search:search:170 - Search Result:

Theorem:
  Repository: LeanGitRepo(url='https://github.com/leanprover-community/mathlib4', commit='fe4454af900584467d21f4fd4fe951d29d9332a7')
  File Path: Mathlib/Probability/Independence/Kernel.lean
  Full Name: ProbabilityTheory.kernel.iIndepFun.indepFun_mul_left

Status: Status.OPEN

Proof: None

Search Statistics:
  Actor Time: 539.5192324942036
  Environment Time: 62.71386139612878
  Total Time: 602.3335106279992
  Total Nodes: 1113
  Searched Nodes: 69
2024-05-21 07:03:17.845 | INFO     | prover.proof_search:search:171 - 
---------------------------------

2024-05-21 07:03:17.854 | INFO     | prover.proof_search:search:113 - Proving Theorem(repo=LeanGitRepo(url='https://github.com/leanprover-community/mathlib4', commit='fe4454af900584467d21f4fd4fe951d29d9332a7'), file_path=PosixPath('Mathlib/RingTheory/Nullstellensatz.lean'), full_name='MvPolynomial.vanishingIdeal_pointToPoint')
2024-05-21 07:03:20.992 | INFO     | prover.proof_search:search:170 - Search Result:

Theorem:
  Repository: LeanGitRepo(url='https://github.com/leanprover-community/mathlib4', commit='fe4454af900584467d21f4fd4fe951d29d9332a7')
  File Path: Mathlib/Analysis/Calculus/FDeriv/Add.lean
  Full Name: DifferentiableWithinAt.add_const

Status: Status.PROVED

Proof:
  simpa using hf.add (differentiableWithinAt_const c)

Search Statistics:
  Actor Time: 4.6575816459953785
  Environment Time: 0.2825386170006823
  Total Time: 4.940981829015072
  Total Nodes: 7
  Searched Nodes: 1
2024-05-21 07:03:20.994 | INFO     | prover.proof_search:search:171 - 
---------------------------------

2024-05-21 07:03:21.003 | INFO     | prover.proof_search:search:113 - Proving Theorem(repo=LeanGitRepo(url='https://github.com/leanprover-community/mathlib4', commit='fe4454af900584467d21f4fd4fe951d29d9332a7'), file_path=PosixPath('Mathlib/Data/Set/Intervals/Basic.lean'), full_name='Set.Ioc_def')
2024-05-21 07:05:48.394 | INFO     | prover.proof_search:_best_first_search:204 - Found a proof!
2024-05-21 07:06:15.863 | INFO     | prover.proof_search:search:170 - Search Result:

Theorem:
  Repository: LeanGitRepo(url='https://github.com/leanprover-community/mathlib4', commit='fe4454af900584467d21f4fd4fe951d29d9332a7')
  File Path: Mathlib/Data/Set/Intervals/Basic.lean
  Full Name: Set.Ioc_def

Status: Status.PROVED

Proof:
  rfl

Search Statistics:
  Actor Time: 6.493380983010866
  Environment Time: 0.009957508998923004
  Total Time: 6.5038937969948165
  Total Nodes: 3
  Searched Nodes: 1
2024-05-21 07:06:15.864 | INFO     | prover.proof_search:search:171 - 
---------------------------------

2024-05-21 07:06:15.872 | INFO     | prover.proof_search:search:113 - Proving Theorem(repo=LeanGitRepo(url='https://github.com/leanprover-community/mathlib4', commit='fe4454af900584467d21f4fd4fe951d29d9332a7'), file_path=PosixPath('Mathlib/Topology/Connected/Basic.lean'), full_name='isPreconnected_of_forall_constant')
2024-05-21 07:06:55.031 | WARNING  | prover.proof_search:search:150 - Dojo crashed with Unexpected EOF when proving Theorem(repo=LeanGitRepo(url='https://github.com/leanprover-community/mathlib4', commit='fe4454af900584467d21f4fd4fe951d29d9332a7'), file_path=PosixPath('.lake/packages/std/Std/Data/Rat/Lemmas.lean'), full_name='Rat.neg_divInt')
2024-05-21 07:07:31.298 | INFO     | prover.proof_search:search:170 - Search Result:

Theorem:
  Repository: LeanGitRepo(url='https://github.com/leanprover-community/mathlib4', commit='fe4454af900584467d21f4fd4fe951d29d9332a7')
  File Path: .lake/packages/std/Std/Data/Rat/Lemmas.lean
  Full Name: Rat.neg_divInt

Status: Status.OPEN

Proof: None

Search Statistics:
  Actor Time: 142.46633230507723
  Environment Time: 171.28600766690215
  Total Time: 236.1424587110232
  Total Nodes: 1491
  Searched Nodes: 45
2024-05-21 07:07:31.298 | INFO     | prover.proof_search:search:171 - 
---------------------------------

2024-05-21 07:07:31.305 | INFO     | prover.proof_search:search:113 - Proving Theorem(repo=LeanGitRepo(url='https://github.com/leanprover-community/mathlib4', commit='fe4454af900584467d21f4fd4fe951d29d9332a7'), file_path=PosixPath('Mathlib/Algebra/Order/Support.lean'), full_name='Set.mulIndicator_apply_le_one')
2024-05-21 07:08:26.563 | INFO     | prover.proof_search:_best_first_search:196 - Search timed out.
2024-05-21 07:09:09.316 | INFO     | prover.proof_search:search:170 - Search Result:

Theorem:
  Repository: LeanGitRepo(url='https://github.com/leanprover-community/mathlib4', commit='fe4454af900584467d21f4fd4fe951d29d9332a7')
  File Path: Mathlib/Analysis/SpecialFunctions/Trigonometric/Basic.lean
  Full Name: Complex.tan_sub_nat_mul_pi

Status: Status.OPEN

Proof: None

Search Statistics:
  Actor Time: 108.22319996409351
  Environment Time: 35.46931502115331
  Total Time: 659.984089207981
  Total Nodes: 460
  Searched Nodes: 18
2024-05-21 07:09:09.317 | INFO     | prover.proof_search:search:171 - 
---------------------------------

2024-05-21 07:09:09.325 | INFO     | prover.proof_search:search:113 - Proving Theorem(repo=LeanGitRepo(url='https://github.com/leanprover-community/mathlib4', commit='fe4454af900584467d21f4fd4fe951d29d9332a7'), file_path=PosixPath('Mathlib/Combinatorics/SimpleGraph/Regularity/Bound.lean'), full_name='SzemerediRegularity.one_le_m_coe')
2024-05-21 07:10:59.300 | INFO     | prover.proof_search:_best_first_search:196 - Search timed out.
2024-05-21 07:11:07.885 | INFO     | prover.proof_search:_best_first_search:183 - Ran out of nodes to search.
2024-05-21 07:11:26.782 | INFO     | prover.proof_search:_best_first_search:204 - Found a proof!
2024-05-21 07:11:28.466 | INFO     | prover.proof_search:search:170 - Search Result:

Theorem:
  Repository: LeanGitRepo(url='https://github.com/leanprover-community/mathlib4', commit='fe4454af900584467d21f4fd4fe951d29d9332a7')
  File Path: Mathlib/Algebra/Homology/ShortComplex/Exact.lean
  Full Name: CategoryTheory.ShortComplex.Exact.map_of_epi_of_preservesCokernel

Status: Status.OPEN

Proof: None

Search Statistics:
  Actor Time: 524.4868073529797
  Environment Time: 88.88109301126678
  Total Time: 613.5863892159832
  Total Nodes: 3971
  Searched Nodes: 116
2024-05-21 07:11:28.467 | INFO     | prover.proof_search:search:171 - 
---------------------------------

2024-05-21 07:11:28.477 | INFO     | prover.proof_search:search:113 - Proving Theorem(repo=LeanGitRepo(url='https://github.com/leanprover-community/mathlib4', commit='fe4454af900584467d21f4fd4fe951d29d9332a7'), file_path=PosixPath('Mathlib/Data/Real/EReal.lean'), full_name='EReal.neg_eq_bot_iff')
2024-05-21 07:11:40.066 | INFO     | prover.proof_search:search:170 - Search Result:

Theorem:
  Repository: LeanGitRepo(url='https://github.com/leanprover-community/mathlib4', commit='fe4454af900584467d21f4fd4fe951d29d9332a7')
  File Path: Mathlib/Algebra/Order/Support.lean
  Full Name: Set.mulIndicator_apply_le_one

Status: Status.OPEN

Proof: None

Search Statistics:
  Actor Time: 110.46518982909038
  Environment Time: 6.012163433450041
  Total Time: 116.50717270301539
  Total Nodes: 441
  Searched Nodes: 22
2024-05-21 07:11:40.067 | INFO     | prover.proof_search:search:171 - 
---------------------------------

2024-05-21 07:11:40.076 | INFO     | prover.proof_search:search:113 - Proving Theorem(repo=LeanGitRepo(url='https://github.com/leanprover-community/mathlib4', commit='fe4454af900584467d21f4fd4fe951d29d9332a7'), file_path=PosixPath('Mathlib/Data/Finset/Lattice.lean'), full_name='Finset.card_le_of_interleaved')
2024-05-21 07:12:00.650 | INFO     | prover.proof_search:search:170 - Search Result:

Theorem:
  Repository: LeanGitRepo(url='https://github.com/leanprover-community/mathlib4', commit='fe4454af900584467d21f4fd4fe951d29d9332a7')
  File Path: Mathlib/Combinatorics/SimpleGraph/Regularity/Bound.lean
  Full Name: SzemerediRegularity.one_le_m_coe

Status: Status.PROVED

Proof:
  norm_cast
  rw [Nat.one_le_iff_ne_zero]
  sz_positivity

Search Statistics:
  Actor Time: 47.55404722804087
  Environment Time: 19.57271021217457
  Total Time: 67.14977216999978
  Total Nodes: 284
  Searched Nodes: 9
2024-05-21 07:12:00.652 | INFO     | prover.proof_search:search:171 - 
---------------------------------

2024-05-21 07:12:00.659 | INFO     | prover.proof_search:search:113 - Proving Theorem(repo=LeanGitRepo(url='https://github.com/leanprover-community/mathlib4', commit='fe4454af900584467d21f4fd4fe951d29d9332a7'), file_path=PosixPath('Mathlib/GroupTheory/SpecificGroups/Cyclic.lean'), full_name='IsCyclic.ext')
2024-05-21 07:13:26.230 | INFO     | prover.proof_search:_best_first_search:196 - Search timed out.
2024-05-21 07:13:33.339 | INFO     | prover.proof_search:_best_first_search:204 - Found a proof!
2024-05-21 07:14:10.771 | INFO     | prover.proof_search:search:170 - Search Result:

Theorem:
  Repository: LeanGitRepo(url='https://github.com/leanprover-community/mathlib4', commit='fe4454af900584467d21f4fd4fe951d29d9332a7')
  File Path: Mathlib/Topology/Instances/ENNReal.lean
  Full Name: ENNReal.continuousOn_sub_left

Status: Status.OPEN

Proof: None

Search Statistics:
  Actor Time: 447.97302895993926
  Environment Time: 153.87646398154902
  Total Time: 602.0694339800102
  Total Nodes: 4695
  Searched Nodes: 113
2024-05-21 07:14:10.772 | INFO     | prover.proof_search:search:171 - 
---------------------------------

2024-05-21 07:14:10.781 | INFO     | prover.proof_search:search:113 - Proving Theorem(repo=LeanGitRepo(url='https://github.com/leanprover-community/mathlib4', commit='fe4454af900584467d21f4fd4fe951d29d9332a7'), file_path=PosixPath('Mathlib/Algebra/Category/ModuleCat/Kernels.lean'), full_name='ModuleCat.hasKernels_moduleCat')
2024-05-21 07:14:15.951 | INFO     | prover.proof_search:search:170 - Search Result:

Theorem:
  Repository: LeanGitRepo(url='https://github.com/leanprover-community/mathlib4', commit='fe4454af900584467d21f4fd4fe951d29d9332a7')
  File Path: Mathlib/Data/Real/EReal.lean
  Full Name: EReal.neg_eq_bot_iff

Status: Status.PROVED

Proof:
  rw [neg_eq_iff_eq_neg]
  cases x <;> simp

Search Statistics:
  Actor Time: 19.474078492989065
  Environment Time: 1.7065280238166451
  Total Time: 21.191251677984837
  Total Nodes: 232
  Searched Nodes: 7
2024-05-21 07:14:15.951 | INFO     | prover.proof_search:search:171 - 
---------------------------------

2024-05-21 07:14:15.958 | INFO     | prover.proof_search:search:113 - Proving Theorem(repo=LeanGitRepo(url='https://github.com/leanprover-community/mathlib4', commit='fe4454af900584467d21f4fd4fe951d29d9332a7'), file_path=PosixPath('Mathlib/Topology/Algebra/Module/Basic.lean'), full_name='ContinuousLinearEquiv.comp_continuousOn_iff')
2024-05-21 07:16:36.954 | INFO     | prover.proof_search:_best_first_search:196 - Search timed out.
