2024-05-21 04:49:49.979 | INFO     | prover.proof_search:__init__:107 - Using gen_type: default.
2024-05-21 04:49:49.981 | INFO     | prover.proof_search:__init__:107 - Using gen_type: default.
2024-05-21 04:49:49.986 | INFO     | prover.proof_search:search:113 - Proving Theorem(repo=LeanGitRepo(url='https://github.com/leanprover-community/mathlib4', commit='fe4454af900584467d21f4fd4fe951d29d9332a7'), file_path=PosixPath('Mathlib/LinearAlgebra/QuadraticForm/Prod.lean'), full_name='QuadraticForm.Isometry.snd_comp_inl')
2024-05-21 04:49:49.989 | INFO     | prover.proof_search:search:113 - Proving Theorem(repo=LeanGitRepo(url='https://github.com/leanprover-community/mathlib4', commit='fe4454af900584467d21f4fd4fe951d29d9332a7'), file_path=PosixPath('Mathlib/MeasureTheory/Integral/Bochner.lean'), full_name='MeasureTheory.integral_map_equiv')
2024-05-21 04:49:50.015 | INFO     | prover.proof_search:__init__:107 - Using gen_type: default.
2024-05-21 04:49:50.018 | INFO     | prover.proof_search:__init__:107 - Using gen_type: default.
2024-05-21 04:49:50.024 | INFO     | prover.proof_search:search:113 - Proving Theorem(repo=LeanGitRepo(url='https://github.com/leanprover-community/mathlib4', commit='fe4454af900584467d21f4fd4fe951d29d9332a7'), file_path=PosixPath('Mathlib/Data/Set/Function.lean'), full_name="Set.bijOn_of_subsingleton'")
2024-05-21 04:49:50.025 | INFO     | prover.proof_search:search:113 - Proving Theorem(repo=LeanGitRepo(url='https://github.com/leanprover-community/mathlib4', commit='fe4454af900584467d21f4fd4fe951d29d9332a7'), file_path=PosixPath('Mathlib/MeasureTheory/MeasurableSpace/Defs.lean'), full_name='Set.Finite.measurableSet_biInter')
2024-05-21 04:51:05.326 | INFO     | prover.proof_search:_best_first_search:204 - Found a proof!
2024-05-21 04:51:17.374 | INFO     | prover.proof_search:search:170 - Search Result:

Theorem:
  Repository: LeanGitRepo(url='https://github.com/leanprover-community/mathlib4', commit='fe4454af900584467d21f4fd4fe951d29d9332a7')
  File Path: Mathlib/LinearAlgebra/QuadraticForm/Prod.lean
  Full Name: QuadraticForm.Isometry.snd_comp_inl

Status: Status.PROVED

Proof:
  ext <;> rfl

Search Statistics:
  Actor Time: 18.21887402900029
  Environment Time: 0.1268152577104047
  Total Time: 18.346879648044705
  Total Nodes: 16
  Searched Nodes: 1
2024-05-21 04:51:17.376 | INFO     | prover.proof_search:search:171 - 
---------------------------------

2024-05-21 04:51:17.387 | INFO     | prover.proof_search:search:113 - Proving Theorem(repo=LeanGitRepo(url='https://github.com/leanprover-community/mathlib4', commit='fe4454af900584467d21f4fd4fe951d29d9332a7'), file_path=PosixPath('Mathlib/MeasureTheory/Measure/Restrict.lean'), full_name='MeasureTheory.NullMeasurable.measure_preimage_eq_measure_restrict_preimage_of_ae_compl_eq_const')
2024-05-21 04:51:59.804 | INFO     | prover.proof_search:_best_first_search:204 - Found a proof!
2024-05-21 04:52:11.073 | INFO     | prover.proof_search:search:170 - Search Result:

Theorem:
  Repository: LeanGitRepo(url='https://github.com/leanprover-community/mathlib4', commit='fe4454af900584467d21f4fd4fe951d29d9332a7')
  File Path: Mathlib/MeasureTheory/MeasurableSpace/Defs.lean
  Full Name: Set.Finite.measurableSet_biInter

Status: Status.PROVED

Proof:
  rw [Set.biInter_eq_iInter]
  haveI := hs.fintype
  exact MeasurableSet.iInter (fun i ↦ h i i.prop)

Search Statistics:
  Actor Time: 71.47414747602306
  Environment Time: 1.7305267846677452
  Total Time: 73.21796474792063
  Total Nodes: 111
  Searched Nodes: 5
2024-05-21 04:52:11.074 | INFO     | prover.proof_search:search:171 - 
---------------------------------

2024-05-21 04:52:11.079 | INFO     | prover.proof_search:search:113 - Proving Theorem(repo=LeanGitRepo(url='https://github.com/leanprover-community/mathlib4', commit='fe4454af900584467d21f4fd4fe951d29d9332a7'), file_path=PosixPath('Mathlib/Algebra/Module/Submodule/Basic.lean'), full_name='Submodule.mem_carrier')
2024-05-21 04:53:05.343 | INFO     | prover.proof_search:_best_first_search:204 - Found a proof!
2024-05-21 04:53:15.685 | INFO     | prover.proof_search:search:170 - Search Result:

Theorem:
  Repository: LeanGitRepo(url='https://github.com/leanprover-community/mathlib4', commit='fe4454af900584467d21f4fd4fe951d29d9332a7')
  File Path: Mathlib/Algebra/Module/Submodule/Basic.lean
  Full Name: Submodule.mem_carrier

Status: Status.PROVED

Proof:
  rfl

Search Statistics:
  Actor Time: 20.563058295985684
  Environment Time: 0.002706842962652445
  Total Time: 20.56597010488622
  Total Nodes: 2
  Searched Nodes: 1
2024-05-21 04:53:15.686 | INFO     | prover.proof_search:search:171 - 
---------------------------------

2024-05-21 04:53:15.696 | INFO     | prover.proof_search:search:113 - Proving Theorem(repo=LeanGitRepo(url='https://github.com/leanprover-community/mathlib4', commit='fe4454af900584467d21f4fd4fe951d29d9332a7'), file_path=PosixPath('Mathlib/Data/Polynomial/Reverse.lean'), full_name='Polynomial.coeff_one_reverse')
2024-05-21 05:01:01.631 | INFO     | prover.proof_search:_best_first_search:196 - Search timed out.
2024-05-21 05:01:10.760 | INFO     | prover.proof_search:search:170 - Search Result:

Theorem:
  Repository: LeanGitRepo(url='https://github.com/leanprover-community/mathlib4', commit='fe4454af900584467d21f4fd4fe951d29d9332a7')
  File Path: Mathlib/Data/Set/Function.lean
  Full Name: Set.bijOn_of_subsingleton'

Status: Status.OPEN

Proof: None

Search Statistics:
  Actor Time: 592.9732407669071
  Environment Time: 18.040378684876487
  Total Time: 611.0683549180394
  Total Nodes: 1226
  Searched Nodes: 34
2024-05-21 05:01:10.761 | INFO     | prover.proof_search:search:171 - 
---------------------------------

2024-05-21 05:01:10.770 | INFO     | prover.proof_search:search:113 - Proving Theorem(repo=LeanGitRepo(url='https://github.com/leanprover-community/mathlib4', commit='fe4454af900584467d21f4fd4fe951d29d9332a7'), file_path=PosixPath('Mathlib/LinearAlgebra/QuadraticForm/Basic.lean'), full_name='QuadraticForm.associated_left_inverse')
2024-05-21 05:02:01.259 | INFO     | prover.proof_search:_best_first_search:196 - Search timed out.
2024-05-21 05:02:08.113 | INFO     | prover.proof_search:search:170 - Search Result:

Theorem:
  Repository: LeanGitRepo(url='https://github.com/leanprover-community/mathlib4', commit='fe4454af900584467d21f4fd4fe951d29d9332a7')
  File Path: Mathlib/MeasureTheory/Measure/Restrict.lean
  Full Name: MeasureTheory.NullMeasurable.measure_preimage_eq_measure_restrict_preimage_of_ae_compl_eq_const

Status: Status.OPEN

Proof: None

Search Statistics:
  Actor Time: 595.4346078824019
  Environment Time: 10.003265244537033
  Total Time: 605.4684087049682
  Total Nodes: 749
  Searched Nodes: 18
2024-05-21 05:02:08.114 | INFO     | prover.proof_search:search:171 - 
---------------------------------

2024-05-21 05:02:08.122 | INFO     | prover.proof_search:search:113 - Proving Theorem(repo=LeanGitRepo(url='https://github.com/leanprover-community/mathlib4', commit='fe4454af900584467d21f4fd4fe951d29d9332a7'), file_path=PosixPath('Mathlib/Topology/Algebra/Module/FiniteDimension.lean'), full_name='LinearEquiv.coe_toContinuousLinearEquiv_symm')
2024-05-21 05:02:35.630 | INFO     | prover.proof_search:_best_first_search:196 - Search timed out.
2024-05-21 05:02:45.364 | INFO     | prover.proof_search:search:170 - Search Result:

Theorem:
  Repository: LeanGitRepo(url='https://github.com/leanprover-community/mathlib4', commit='fe4454af900584467d21f4fd4fe951d29d9332a7')
  File Path: Mathlib/MeasureTheory/Integral/Bochner.lean
  Full Name: MeasureTheory.integral_map_equiv

Status: Status.OPEN

Proof: None

Search Statistics:
  Actor Time: 241.68372387916315
  Environment Time: 12.181976615684107
  Total Time: 659.983419099939
  Total Nodes: 397
  Searched Nodes: 9
2024-05-21 05:02:45.365 | INFO     | prover.proof_search:search:171 - 
---------------------------------

2024-05-21 05:02:45.373 | INFO     | prover.proof_search:search:113 - Proving Theorem(repo=LeanGitRepo(url='https://github.com/leanprover-community/mathlib4', commit='fe4454af900584467d21f4fd4fe951d29d9332a7'), file_path=PosixPath('Mathlib/Algebra/BigOperators/Intervals.lean'), full_name='Finset.prod_Ico_reflect')
2024-05-21 05:03:04.742 | INFO     | prover.proof_search:_best_first_search:204 - Found a proof!
2024-05-21 05:03:16.638 | INFO     | prover.proof_search:search:170 - Search Result:

Theorem:
  Repository: LeanGitRepo(url='https://github.com/leanprover-community/mathlib4', commit='fe4454af900584467d21f4fd4fe951d29d9332a7')
  File Path: Mathlib/Topology/Algebra/Module/FiniteDimension.lean
  Full Name: LinearEquiv.coe_toContinuousLinearEquiv_symm

Status: Status.PROVED

Proof:
  rfl

Search Statistics:
  Actor Time: 18.101884058094583
  Environment Time: 0.014134672936052084
  Total Time: 18.116377061931416
  Total Nodes: 2
  Searched Nodes: 1
2024-05-21 05:03:16.639 | INFO     | prover.proof_search:search:171 - 
---------------------------------

2024-05-21 05:03:16.647 | INFO     | prover.proof_search:search:113 - Proving Theorem(repo=LeanGitRepo(url='https://github.com/leanprover-community/mathlib4', commit='fe4454af900584467d21f4fd4fe951d29d9332a7'), file_path=PosixPath('Mathlib/Order/Filter/Basic.lean'), full_name='Filter.Tendsto.neBot')
2024-05-21 05:04:04.601 | INFO     | prover.proof_search:_best_first_search:196 - Search timed out.
2024-05-21 05:04:15.638 | INFO     | prover.proof_search:search:170 - Search Result:

Theorem:
  Repository: LeanGitRepo(url='https://github.com/leanprover-community/mathlib4', commit='fe4454af900584467d21f4fd4fe951d29d9332a7')
  File Path: Mathlib/Data/Polynomial/Reverse.lean
  Full Name: Polynomial.coeff_one_reverse

Status: Status.OPEN

Proof: None

Search Statistics:
  Actor Time: 600.037922493997
  Environment Time: 14.688747461186722
  Total Time: 614.7652924560243
  Total Nodes: 940
  Searched Nodes: 29
2024-05-21 05:04:15.639 | INFO     | prover.proof_search:search:171 - 
---------------------------------

2024-05-21 05:04:15.646 | INFO     | prover.proof_search:search:113 - Proving Theorem(repo=LeanGitRepo(url='https://github.com/leanprover-community/mathlib4', commit='fe4454af900584467d21f4fd4fe951d29d9332a7'), file_path=PosixPath('Mathlib/Data/List/Dedup.lean'), full_name='List.dedup_subset')
2024-05-21 05:05:02.722 | INFO     | prover.proof_search:_best_first_search:204 - Found a proof!
2024-05-21 05:05:12.570 | INFO     | prover.proof_search:search:170 - Search Result:

Theorem:
  Repository: LeanGitRepo(url='https://github.com/leanprover-community/mathlib4', commit='fe4454af900584467d21f4fd4fe951d29d9332a7')
  File Path: Mathlib/Data/List/Dedup.lean
  Full Name: List.dedup_subset

Status: Status.PROVED

Proof:
  simp [List.subset_def]

Search Statistics:
  Actor Time: 17.11679425195325
  Environment Time: 0.1574183072661981
  Total Time: 17.275158907985315
  Total Nodes: 44
  Searched Nodes: 1
2024-05-21 05:05:12.572 | INFO     | prover.proof_search:search:171 - 
---------------------------------

2024-05-21 05:05:12.580 | INFO     | prover.proof_search:search:113 - Proving Theorem(repo=LeanGitRepo(url='https://github.com/leanprover-community/mathlib4', commit='fe4454af900584467d21f4fd4fe951d29d9332a7'), file_path=PosixPath('Mathlib/Algebra/Order/Monovary.lean'), full_name='antivary_iff_forall_mul_nonpos')
2024-05-21 05:12:10.947 | INFO     | prover.proof_search:_best_first_search:196 - Search timed out.
2024-05-21 05:12:20.872 | INFO     | prover.proof_search:search:170 - Search Result:

Theorem:
  Repository: LeanGitRepo(url='https://github.com/leanprover-community/mathlib4', commit='fe4454af900584467d21f4fd4fe951d29d9332a7')
  File Path: Mathlib/LinearAlgebra/QuadraticForm/Basic.lean
  Full Name: QuadraticForm.associated_left_inverse

Status: Status.OPEN

Proof: None

Search Statistics:
  Actor Time: 571.2532016622135
  Environment Time: 43.94463748065755
  Total Time: 615.2342183460714
  Total Nodes: 657
  Searched Nodes: 19
2024-05-21 05:12:20.873 | INFO     | prover.proof_search:search:171 - 
---------------------------------

2024-05-21 05:12:20.880 | INFO     | prover.proof_search:search:113 - Proving Theorem(repo=LeanGitRepo(url='https://github.com/leanprover-community/mathlib4', commit='fe4454af900584467d21f4fd4fe951d29d9332a7'), file_path=PosixPath('Mathlib/Analysis/SpecialFunctions/Trigonometric/Inverse.lean'), full_name='Real.arccos_of_le_neg_one')
2024-05-21 05:13:26.149 | INFO     | prover.proof_search:_best_first_search:196 - Search timed out.
2024-05-21 05:13:35.891 | INFO     | prover.proof_search:search:170 - Search Result:

Theorem:
  Repository: LeanGitRepo(url='https://github.com/leanprover-community/mathlib4', commit='fe4454af900584467d21f4fd4fe951d29d9332a7')
  File Path: Mathlib/Algebra/BigOperators/Intervals.lean
  Full Name: Finset.prod_Ico_reflect

Status: Status.OPEN

Proof: None

Search Statistics:
  Actor Time: 569.2447504661977
  Environment Time: 36.944229364045896
  Total Time: 606.2328451230424
  Total Nodes: 734
  Searched Nodes: 20
2024-05-21 05:13:35.893 | INFO     | prover.proof_search:search:171 - 
---------------------------------

2024-05-21 05:13:35.903 | INFO     | prover.proof_search:search:113 - Proving Theorem(repo=LeanGitRepo(url='https://github.com/leanprover-community/mathlib4', commit='fe4454af900584467d21f4fd4fe951d29d9332a7'), file_path=PosixPath('Mathlib/Data/Finset/Basic.lean'), full_name='Finset.exists_list_nodup_eq')
2024-05-21 05:13:59.259 | INFO     | prover.proof_search:_best_first_search:204 - Found a proof!
2024-05-21 05:14:10.477 | INFO     | prover.proof_search:search:170 - Search Result:

Theorem:
  Repository: LeanGitRepo(url='https://github.com/leanprover-community/mathlib4', commit='fe4454af900584467d21f4fd4fe951d29d9332a7')
  File Path: Mathlib/Order/Filter/Basic.lean
  Full Name: Filter.Tendsto.neBot

Status: Status.PROVED

Proof:
  convert hx
  constructor <;> intro
  exacts [hx, Filter.neBot_of_le h]

Search Statistics:
  Actor Time: 568.8413561388152
  Environment Time: 28.303224459290504
  Total Time: 597.2072556290077
  Total Nodes: 1466
  Searched Nodes: 39
2024-05-21 05:14:10.478 | INFO     | prover.proof_search:search:171 - 
---------------------------------

2024-05-21 05:14:10.487 | INFO     | prover.proof_search:search:113 - Proving Theorem(repo=LeanGitRepo(url='https://github.com/leanprover-community/mathlib4', commit='fe4454af900584467d21f4fd4fe951d29d9332a7'), file_path=PosixPath('Mathlib/Data/Set/Image.lean'), full_name='Set.range_diff_image_subset')
2024-05-21 05:14:30.951 | INFO     | prover.proof_search:_best_first_search:204 - Found a proof!
2024-05-21 05:14:40.953 | INFO     | prover.proof_search:search:170 - Search Result:

Theorem:
  Repository: LeanGitRepo(url='https://github.com/leanprover-community/mathlib4', commit='fe4454af900584467d21f4fd4fe951d29d9332a7')
  File Path: Mathlib/Analysis/SpecialFunctions/Trigonometric/Inverse.lean
  Full Name: Real.arccos_of_le_neg_one

Status: Status.PROVED

Proof:
  rw [← neg_neg x, Real.arccos, Real.arcsin_neg]
  simp [Real.arcsin_of_le_neg_one hx]

Search Statistics:
  Actor Time: 98.11024598393124
  Environment Time: 1.518120430293493
  Total Time: 99.63609025697224
  Total Nodes: 206
  Searched Nodes: 6
2024-05-21 05:14:40.955 | INFO     | prover.proof_search:search:171 - 
---------------------------------

2024-05-21 05:14:40.965 | INFO     | prover.proof_search:search:113 - Proving Theorem(repo=LeanGitRepo(url='https://github.com/leanprover-community/mathlib4', commit='fe4454af900584467d21f4fd4fe951d29d9332a7'), file_path=PosixPath('Mathlib/Algebra/IsPrimePow.lean'), full_name='isPrimePow_nat_iff')
2024-05-21 05:16:00.237 | INFO     | prover.proof_search:_best_first_search:196 - Search timed out.
2024-05-21 05:16:11.248 | INFO     | prover.proof_search:search:170 - Search Result:

Theorem:
  Repository: LeanGitRepo(url='https://github.com/leanprover-community/mathlib4', commit='fe4454af900584467d21f4fd4fe951d29d9332a7')
  File Path: Mathlib/Algebra/Order/Monovary.lean
  Full Name: antivary_iff_forall_mul_nonpos

Status: Status.OPEN

Proof: None

Search Statistics:
  Actor Time: 571.6479622490006
  Environment Time: 41.256861580419354
  Total Time: 612.946029594983
  Total Nodes: 980
  Searched Nodes: 28
2024-05-21 05:16:11.249 | INFO     | prover.proof_search:search:171 - 
---------------------------------

2024-05-21 05:16:11.262 | INFO     | prover.proof_search:search:113 - Proving Theorem(repo=LeanGitRepo(url='https://github.com/leanprover-community/mathlib4', commit='fe4454af900584467d21f4fd4fe951d29d9332a7'), file_path=PosixPath('Mathlib/MeasureTheory/Measure/Restrict.lean'), full_name='MeasureTheory.Measure.restrict_eq_self')
2024-05-21 05:16:32.600 | INFO     | prover.proof_search:_best_first_search:204 - Found a proof!
2024-05-21 05:16:44.474 | INFO     | prover.proof_search:search:170 - Search Result:

Theorem:
  Repository: LeanGitRepo(url='https://github.com/leanprover-community/mathlib4', commit='fe4454af900584467d21f4fd4fe951d29d9332a7')
  File Path: Mathlib/Data/Set/Image.lean
  Full Name: Set.range_diff_image_subset

Status: Status.PROVED

Proof:
  rw [Set.diff_subset_iff]
  rw [Set.range_subset_iff]
  aesop

Search Statistics:
  Actor Time: 101.8942114468664
  Environment Time: 2.1776976520195603
  Total Time: 104.08041374594904
  Total Nodes: 199
  Searched Nodes: 5
2024-05-21 05:16:44.475 | INFO     | prover.proof_search:search:171 - 
---------------------------------

2024-05-21 05:16:44.483 | INFO     | prover.proof_search:search:113 - Proving Theorem(repo=LeanGitRepo(url='https://github.com/leanprover-community/mathlib4', commit='fe4454af900584467d21f4fd4fe951d29d9332a7'), file_path=PosixPath('Mathlib/Algebra/DirectLimit.lean'), full_name='AddCommGroup.DirectLimit.congr_symm_apply_of')
2024-05-21 05:24:42.242 | INFO     | prover.proof_search:_best_first_search:196 - Search timed out.
2024-05-21 05:24:49.653 | INFO     | prover.proof_search:search:170 - Search Result:

Theorem:
  Repository: LeanGitRepo(url='https://github.com/leanprover-community/mathlib4', commit='fe4454af900584467d21f4fd4fe951d29d9332a7')
  File Path: Mathlib/Data/Finset/Basic.lean
  Full Name: Finset.exists_list_nodup_eq

Status: Status.OPEN

Proof: None

Search Statistics:
  Actor Time: 581.5907126201782
  Environment Time: 33.077915130299516
  Total Time: 614.7208251749398
  Total Nodes: 1307
  Searched Nodes: 36
2024-05-21 05:24:49.654 | INFO     | prover.proof_search:search:171 - 
---------------------------------

2024-05-21 05:24:49.662 | INFO     | prover.proof_search:search:113 - Proving Theorem(repo=LeanGitRepo(url='https://github.com/leanprover-community/mathlib4', commit='fe4454af900584467d21f4fd4fe951d29d9332a7'), file_path=PosixPath('Mathlib/Algebra/Order/Ring/WithTop.lean'), full_name="WithTop.distrib'")
2024-05-21 05:25:15.695 | INFO     | prover.proof_search:_best_first_search:196 - Search timed out.
2024-05-21 05:25:25.478 | INFO     | prover.proof_search:search:170 - Search Result:

Theorem:
  Repository: LeanGitRepo(url='https://github.com/leanprover-community/mathlib4', commit='fe4454af900584467d21f4fd4fe951d29d9332a7')
  File Path: Mathlib/Algebra/IsPrimePow.lean
  Full Name: isPrimePow_nat_iff

Status: Status.OPEN

Proof: None

Search Statistics:
  Actor Time: 565.0275544092292
  Environment Time: 36.94570997485425
  Total Time: 602.0396111429436
  Total Nodes: 1181
  Searched Nodes: 35
2024-05-21 05:25:25.480 | INFO     | prover.proof_search:search:171 - 
---------------------------------

2024-05-21 05:25:25.489 | INFO     | prover.proof_search:search:113 - Proving Theorem(repo=LeanGitRepo(url='https://github.com/leanprover-community/mathlib4', commit='fe4454af900584467d21f4fd4fe951d29d9332a7'), file_path=PosixPath('Mathlib/Analysis/SpecialFunctions/Log/Basic.lean'), full_name='Real.continuousAt_log_iff')
2024-05-21 05:27:13.483 | INFO     | prover.proof_search:_best_first_search:196 - Search timed out.
2024-05-21 05:27:21.219 | INFO     | prover.proof_search:search:170 - Search Result:

Theorem:
  Repository: LeanGitRepo(url='https://github.com/leanprover-community/mathlib4', commit='fe4454af900584467d21f4fd4fe951d29d9332a7')
  File Path: Mathlib/MeasureTheory/Measure/Restrict.lean
  Full Name: MeasureTheory.Measure.restrict_eq_self

Status: Status.OPEN

Proof: None

Search Statistics:
  Actor Time: 620.350543106324
  Environment Time: 8.34836661547888
  Total Time: 628.7303547309712
  Total Nodes: 597
  Searched Nodes: 23
2024-05-21 05:27:21.220 | INFO     | prover.proof_search:search:171 - 
---------------------------------

2024-05-21 05:27:21.230 | INFO     | prover.proof_search:search:113 - Proving Theorem(repo=LeanGitRepo(url='https://github.com/leanprover-community/mathlib4', commit='fe4454af900584467d21f4fd4fe951d29d9332a7'), file_path=PosixPath('Mathlib/Analysis/Normed/Group/Basic.lean'), full_name="ContinuousWithinAt.nnnorm'")
2024-05-21 05:27:31.363 | INFO     | prover.proof_search:_best_first_search:196 - Search timed out.
2024-05-21 05:27:40.999 | INFO     | prover.proof_search:search:170 - Search Result:

Theorem:
  Repository: LeanGitRepo(url='https://github.com/leanprover-community/mathlib4', commit='fe4454af900584467d21f4fd4fe951d29d9332a7')
  File Path: Mathlib/Algebra/DirectLimit.lean
  Full Name: AddCommGroup.DirectLimit.congr_symm_apply_of

Status: Status.OPEN

Proof: None

Search Statistics:
  Actor Time: 534.9114006719319
  Environment Time: 65.0984099797206
  Total Time: 600.0856883799424
  Total Nodes: 596
  Searched Nodes: 32
2024-05-21 05:27:41.000 | INFO     | prover.proof_search:search:171 - 
---------------------------------

2024-05-21 05:27:41.008 | INFO     | prover.proof_search:search:113 - Proving Theorem(repo=LeanGitRepo(url='https://github.com/leanprover-community/mathlib4', commit='fe4454af900584467d21f4fd4fe951d29d9332a7'), file_path=PosixPath('Mathlib/Algebra/GradedMonoid.lean'), full_name='GradedMonoid.mk_zero_pow')
2024-05-21 05:35:38.936 | INFO     | prover.proof_search:_best_first_search:196 - Search timed out.
2024-05-21 05:35:49.446 | INFO     | prover.proof_search:search:170 - Search Result:

Theorem:
  Repository: LeanGitRepo(url='https://github.com/leanprover-community/mathlib4', commit='fe4454af900584467d21f4fd4fe951d29d9332a7')
  File Path: Mathlib/Algebra/Order/Ring/WithTop.lean
  Full Name: WithTop.distrib'

Status: Status.OPEN

Proof: None

Search Statistics:
  Actor Time: 574.7696396840038
  Environment Time: 40.354380929260515
  Total Time: 615.1888327399502
  Total Nodes: 816
  Searched Nodes: 32
2024-05-21 05:35:49.447 | INFO     | prover.proof_search:search:171 - 
---------------------------------

2024-05-21 05:35:49.454 | INFO     | prover.proof_search:search:113 - Proving Theorem(repo=LeanGitRepo(url='https://github.com/leanprover-community/mathlib4', commit='fe4454af900584467d21f4fd4fe951d29d9332a7'), file_path=PosixPath('Mathlib/Algebra/Homology/HomotopyCategory/HomComplex.lean'), full_name='CochainComplex.HomComplex.Cochain.comp_assoc_of_first_is_zero_cochain')
2024-05-21 05:35:59.866 | INFO     | prover.proof_search:_best_first_search:196 - Search timed out.
2024-05-21 05:36:11.460 | INFO     | prover.proof_search:search:170 - Search Result:

Theorem:
  Repository: LeanGitRepo(url='https://github.com/leanprover-community/mathlib4', commit='fe4454af900584467d21f4fd4fe951d29d9332a7')
  File Path: Mathlib/Analysis/SpecialFunctions/Log/Basic.lean
  Full Name: Real.continuousAt_log_iff

Status: Status.OPEN

Proof: None

Search Statistics:
  Actor Time: 586.1233897906495
  Environment Time: 14.549053165595978
  Total Time: 600.7326341799926
  Total Nodes: 1460
  Searched Nodes: 37
2024-05-21 05:36:11.461 | INFO     | prover.proof_search:search:171 - 
---------------------------------

2024-05-21 05:36:11.471 | INFO     | prover.proof_search:search:113 - Proving Theorem(repo=LeanGitRepo(url='https://github.com/leanprover-community/mathlib4', commit='fe4454af900584467d21f4fd4fe951d29d9332a7'), file_path=PosixPath('Mathlib/MeasureTheory/Function/SimpleFunc.lean'), full_name='MeasureTheory.SimpleFunc.approx_apply')
2024-05-21 05:37:45.551 | INFO     | prover.proof_search:_best_first_search:204 - Found a proof!
2024-05-21 05:37:54.864 | INFO     | prover.proof_search:search:170 - Search Result:

Theorem:
  Repository: LeanGitRepo(url='https://github.com/leanprover-community/mathlib4', commit='fe4454af900584467d21f4fd4fe951d29d9332a7')
  File Path: Mathlib/Algebra/Homology/HomotopyCategory/HomComplex.lean
  Full Name: CochainComplex.HomComplex.Cochain.comp_assoc_of_first_is_zero_cochain

Status: Status.PROVED

Proof:
  apply CochainComplex.HomComplex.Cochain.comp_assoc
  omega

Search Statistics:
  Actor Time: 80.31301406398416
  Environment Time: 1.1924955655122176
  Total Time: 81.50963072595187
  Total Nodes: 82
  Searched Nodes: 3
2024-05-21 05:37:54.865 | INFO     | prover.proof_search:search:171 - 
---------------------------------

2024-05-21 05:37:54.872 | INFO     | prover.proof_search:search:113 - Proving Theorem(repo=LeanGitRepo(url='https://github.com/leanprover-community/mathlib4', commit='fe4454af900584467d21f4fd4fe951d29d9332a7'), file_path=PosixPath('Mathlib/Topology/PartialHomeomorph.lean'), full_name='PartialHomeomorph.isOpen_image_symm_of_subset_target')
2024-05-21 05:38:15.478 | INFO     | prover.proof_search:_best_first_search:196 - Search timed out.
2024-05-21 05:38:16.303 | INFO     | prover.proof_search:_best_first_search:196 - Search timed out.
2024-05-21 05:38:27.571 | INFO     | prover.proof_search:search:170 - Search Result:

Theorem:
  Repository: LeanGitRepo(url='https://github.com/leanprover-community/mathlib4', commit='fe4454af900584467d21f4fd4fe951d29d9332a7')
  File Path: Mathlib/Algebra/GradedMonoid.lean
  Full Name: GradedMonoid.mk_zero_pow

Status: Status.OPEN

Proof: None

Search Statistics:
  Actor Time: 587.0063868376892
  Environment Time: 13.392521822359413
  Total Time: 600.460039091995
  Total Nodes: 622
  Searched Nodes: 33
2024-05-21 05:38:27.572 | INFO     | prover.proof_search:search:171 - 
---------------------------------

2024-05-21 05:38:27.581 | INFO     | prover.proof_search:search:113 - Proving Theorem(repo=LeanGitRepo(url='https://github.com/leanprover-community/mathlib4', commit='fe4454af900584467d21f4fd4fe951d29d9332a7'), file_path=PosixPath('Mathlib/Computability/TuringMachine.lean'), full_name='Turing.ListBlank.tail_mk')
2024-05-21 05:38:28.493 | INFO     | prover.proof_search:search:170 - Search Result:

Theorem:
  Repository: LeanGitRepo(url='https://github.com/leanprover-community/mathlib4', commit='fe4454af900584467d21f4fd4fe951d29d9332a7')
  File Path: Mathlib/Analysis/Normed/Group/Basic.lean
  Full Name: ContinuousWithinAt.nnnorm'

Status: Status.OPEN

Proof: None

Search Statistics:
  Actor Time: 568.6803116821684
  Environment Time: 43.1275623163674
  Total Time: 611.8861556809861
  Total Nodes: 1613
  Searched Nodes: 34
2024-05-21 05:38:28.494 | INFO     | prover.proof_search:search:171 - 
---------------------------------

2024-05-21 05:38:28.504 | INFO     | prover.proof_search:search:113 - Proving Theorem(repo=LeanGitRepo(url='https://github.com/leanprover-community/mathlib4', commit='fe4454af900584467d21f4fd4fe951d29d9332a7'), file_path=PosixPath('Mathlib/MeasureTheory/Function/L1Space.lean'), full_name='MeasureTheory.L1.dist_def')
2024-05-21 05:39:26.654 | INFO     | prover.proof_search:_best_first_search:204 - Found a proof!
2024-05-21 05:39:37.636 | INFO     | prover.proof_search:search:170 - Search Result:

Theorem:
  Repository: LeanGitRepo(url='https://github.com/leanprover-community/mathlib4', commit='fe4454af900584467d21f4fd4fe951d29d9332a7')
  File Path: Mathlib/Computability/TuringMachine.lean
  Full Name: Turing.ListBlank.tail_mk

Status: Status.PROVED

Proof:
  cases l <;> rfl

Search Statistics:
  Actor Time: 18.310054403962567
  Environment Time: 0.00937123503535986
  Total Time: 18.31974728300702
  Total Nodes: 2
  Searched Nodes: 1
2024-05-21 05:39:37.637 | INFO     | prover.proof_search:search:171 - 
---------------------------------

2024-05-21 05:39:37.645 | INFO     | prover.proof_search:search:113 - Proving Theorem(repo=LeanGitRepo(url='https://github.com/leanprover-community/mathlib4', commit='fe4454af900584467d21f4fd4fe951d29d9332a7'), file_path=PosixPath('Mathlib/Algebra/Order/Field/Basic.lean'), full_name='inv_lt_of_inv_lt')
2024-05-21 05:41:00.035 | INFO     | prover.proof_search:_best_first_search:204 - Found a proof!
2024-05-21 05:41:07.957 | INFO     | prover.proof_search:search:170 - Search Result:

Theorem:
  Repository: LeanGitRepo(url='https://github.com/leanprover-community/mathlib4', commit='fe4454af900584467d21f4fd4fe951d29d9332a7')
  File Path: Mathlib/MeasureTheory/Function/L1Space.lean
  Full Name: MeasureTheory.L1.dist_def

Status: Status.PROVED

Proof:
  rw [MeasureTheory.Lp.dist_def, MeasureTheory.snorm_one_eq_lintegral_nnnorm]
  simp [edist_eq_coe_nnnorm_sub]

Search Statistics:
  Actor Time: 90.29981201700866
  Environment Time: 11.829877599491738
  Total Time: 102.13797019806225
  Total Nodes: 133
  Searched Nodes: 4
2024-05-21 05:41:07.958 | INFO     | prover.proof_search:search:171 - 
---------------------------------

2024-05-21 05:41:07.966 | INFO     | prover.proof_search:search:113 - Proving Theorem(repo=LeanGitRepo(url='https://github.com/leanprover-community/mathlib4', commit='fe4454af900584467d21f4fd4fe951d29d9332a7'), file_path=PosixPath('Mathlib/Topology/Algebra/InfiniteSum/Basic.lean'), full_name='hasSum_extend_zero')
2024-05-21 05:41:11.147 | INFO     | prover.proof_search:_best_first_search:204 - Found a proof!
2024-05-21 05:41:19.449 | INFO     | prover.proof_search:search:170 - Search Result:

Theorem:
  Repository: LeanGitRepo(url='https://github.com/leanprover-community/mathlib4', commit='fe4454af900584467d21f4fd4fe951d29d9332a7')
  File Path: Mathlib/Algebra/Order/Field/Basic.lean
  Full Name: inv_lt_of_inv_lt

Status: Status.PROVED

Proof:
  contrapose! h
  simpa only [inv_inv] using inv_le_inv_of_le ha h

Search Statistics:
  Actor Time: 59.61966236401349
  Environment Time: 1.3108929628506303
  Total Time: 60.93539076799061
  Total Nodes: 130
  Searched Nodes: 3
2024-05-21 05:41:19.450 | INFO     | prover.proof_search:search:171 - 
---------------------------------

2024-05-21 05:41:19.457 | INFO     | prover.proof_search:search:113 - Proving Theorem(repo=LeanGitRepo(url='https://github.com/leanprover-community/mathlib4', commit='fe4454af900584467d21f4fd4fe951d29d9332a7'), file_path=PosixPath('Mathlib/CategoryTheory/MorphismProperty.lean'), full_name='CategoryTheory.MorphismProperty.StableUnderBaseChange.unop')
2024-05-21 05:47:01.341 | INFO     | prover.proof_search:_best_first_search:196 - Search timed out.
2024-05-21 05:47:13.778 | INFO     | prover.proof_search:search:170 - Search Result:

Theorem:
  Repository: LeanGitRepo(url='https://github.com/leanprover-community/mathlib4', commit='fe4454af900584467d21f4fd4fe951d29d9332a7')
  File Path: Mathlib/MeasureTheory/Function/SimpleFunc.lean
  Full Name: MeasureTheory.SimpleFunc.approx_apply

Status: Status.OPEN

Proof: None

Search Statistics:
  Actor Time: 590.3274092811625
  Environment Time: 18.827198419137858
  Total Time: 609.2033236470306
  Total Nodes: 597
  Searched Nodes: 24
2024-05-21 05:47:13.779 | INFO     | prover.proof_search:search:171 - 
---------------------------------

2024-05-21 05:47:13.786 | INFO     | prover.proof_search:search:113 - Proving Theorem(repo=LeanGitRepo(url='https://github.com/leanprover-community/mathlib4', commit='fe4454af900584467d21f4fd4fe951d29d9332a7'), file_path=PosixPath('Mathlib/Order/SymmDiff.lean'), full_name='symmDiff_left_comm')
2024-05-21 05:47:58.905 | INFO     | prover.proof_search:_best_first_search:204 - Found a proof!
2024-05-21 05:48:09.958 | INFO     | prover.proof_search:search:170 - Search Result:

Theorem:
  Repository: LeanGitRepo(url='https://github.com/leanprover-community/mathlib4', commit='fe4454af900584467d21f4fd4fe951d29d9332a7')
  File Path: Mathlib/Order/SymmDiff.lean
  Full Name: symmDiff_left_comm

Status: Status.PROVED

Proof:
  simp_rw [← symmDiff_assoc, symmDiff_comm]

Search Statistics:
  Actor Time: 15.618656745064072
  Environment Time: 0.12703445798251778
  Total Time: 15.746101587894373
  Total Nodes: 4
  Searched Nodes: 1
2024-05-21 05:48:09.960 | INFO     | prover.proof_search:search:171 - 
---------------------------------

2024-05-21 05:48:09.967 | INFO     | prover.proof_search:search:113 - Proving Theorem(repo=LeanGitRepo(url='https://github.com/leanprover-community/mathlib4', commit='fe4454af900584467d21f4fd4fe951d29d9332a7'), file_path=PosixPath('Mathlib/CategoryTheory/Types.lean'), full_name='CategoryTheory.hom_inv_id_apply')
2024-05-21 05:48:32.444 | INFO     | prover.proof_search:_best_first_search:196 - Search timed out.
2024-05-21 05:48:40.307 | INFO     | prover.proof_search:search:170 - Search Result:

Theorem:
  Repository: LeanGitRepo(url='https://github.com/leanprover-community/mathlib4', commit='fe4454af900584467d21f4fd4fe951d29d9332a7')
  File Path: Mathlib/Topology/PartialHomeomorph.lean
  Full Name: PartialHomeomorph.isOpen_image_symm_of_subset_target

Status: Status.OPEN

Proof: None

Search Statistics:
  Actor Time: 587.6769770911196
  Environment Time: 18.26877717114985
  Total Time: 606.0234319249867
  Total Nodes: 1436
  Searched Nodes: 49
2024-05-21 05:48:40.308 | INFO     | prover.proof_search:search:171 - 
---------------------------------

2024-05-21 05:48:40.318 | INFO     | prover.proof_search:search:113 - Proving Theorem(repo=LeanGitRepo(url='https://github.com/leanprover-community/mathlib4', commit='fe4454af900584467d21f4fd4fe951d29d9332a7'), file_path=PosixPath('Mathlib/RingTheory/Polynomial/Basic.lean'), full_name='Polynomial.exists_irreducible_of_natDegree_pos')
2024-05-21 05:52:00.433 | INFO     | prover.proof_search:_best_first_search:196 - Search timed out.
2024-05-21 05:52:07.373 | INFO     | prover.proof_search:search:170 - Search Result:

Theorem:
  Repository: LeanGitRepo(url='https://github.com/leanprover-community/mathlib4', commit='fe4454af900584467d21f4fd4fe951d29d9332a7')
  File Path: Mathlib/CategoryTheory/MorphismProperty.lean
  Full Name: CategoryTheory.MorphismProperty.StableUnderBaseChange.unop

Status: Status.OPEN

Proof: None

Search Statistics:
  Actor Time: 575.009776418563
  Environment Time: 32.134301516460255
  Total Time: 607.2135172670241
  Total Nodes: 2073
  Searched Nodes: 40
2024-05-21 05:52:07.374 | INFO     | prover.proof_search:search:171 - 
---------------------------------

2024-05-21 05:52:07.381 | INFO     | prover.proof_search:search:113 - Proving Theorem(repo=LeanGitRepo(url='https://github.com/leanprover-community/mathlib4', commit='fe4454af900584467d21f4fd4fe951d29d9332a7'), file_path=PosixPath('Mathlib/ModelTheory/Algebra/Ring/Basic.lean'), full_name='FirstOrder.Ring.realize_one')
2024-05-21 05:52:11.039 | INFO     | prover.proof_search:_best_first_search:196 - Search timed out.
2024-05-21 05:52:21.027 | INFO     | prover.proof_search:search:170 - Search Result:

Theorem:
  Repository: LeanGitRepo(url='https://github.com/leanprover-community/mathlib4', commit='fe4454af900584467d21f4fd4fe951d29d9332a7')
  File Path: Mathlib/Topology/Algebra/InfiniteSum/Basic.lean
  Full Name: hasSum_extend_zero

Status: Status.OPEN

Proof: None

Search Statistics:
  Actor Time: 394.04721438279375
  Environment Time: 232.5866764135426
  Total Time: 626.6735242330469
  Total Nodes: 715
  Searched Nodes: 21
2024-05-21 05:52:21.029 | INFO     | prover.proof_search:search:171 - 
---------------------------------

2024-05-21 05:52:21.042 | INFO     | prover.proof_search:search:113 - Proving Theorem(repo=LeanGitRepo(url='https://github.com/leanprover-community/mathlib4', commit='fe4454af900584467d21f4fd4fe951d29d9332a7'), file_path=PosixPath('Mathlib/Combinatorics/Schnirelmann.lean'), full_name='exists_of_schnirelmannDensity_eq_zero')
2024-05-21 05:52:55.774 | INFO     | prover.proof_search:_best_first_search:204 - Found a proof!
2024-05-21 05:53:04.598 | INFO     | prover.proof_search:search:170 - Search Result:

Theorem:
  Repository: LeanGitRepo(url='https://github.com/leanprover-community/mathlib4', commit='fe4454af900584467d21f4fd4fe951d29d9332a7')
  File Path: Mathlib/ModelTheory/Algebra/Ring/Basic.lean
  Full Name: FirstOrder.Ring.realize_one

Status: Status.PROVED

Proof:
  simp [FirstOrder.Ring.one_def, FirstOrder.Language.constantMap]

Search Statistics:
  Actor Time: 21.917643430060707
  Environment Time: 0.16100501106120646
  Total Time: 22.079188383067958
  Total Nodes: 10
  Searched Nodes: 1
2024-05-21 05:53:04.599 | INFO     | prover.proof_search:search:171 - 
---------------------------------

2024-05-21 05:53:04.612 | INFO     | prover.proof_search:search:113 - Proving Theorem(repo=LeanGitRepo(url='https://github.com/leanprover-community/mathlib4', commit='fe4454af900584467d21f4fd4fe951d29d9332a7'), file_path=PosixPath('Mathlib/Algebra/Order/Sub/Defs.lean'), full_name='AddLECancellable.tsub_eq_of_eq_add_rev')
2024-05-21 05:57:28.348 | INFO     | prover.proof_search:_best_first_search:204 - Found a proof!
2024-05-21 05:57:35.600 | INFO     | prover.proof_search:search:170 - Search Result:

Theorem:
  Repository: LeanGitRepo(url='https://github.com/leanprover-community/mathlib4', commit='fe4454af900584467d21f4fd4fe951d29d9332a7')
  File Path: Mathlib/Algebra/Order/Sub/Defs.lean
  Full Name: AddLECancellable.tsub_eq_of_eq_add_rev

Status: Status.PROVED

Proof:
  rw [h, add_comm]
  apply le_antisymm
  swap
  rw [add_comm]
  exact hb.le_add_tsub_swap
  rw [tsub_le_iff_right]

Search Statistics:
  Actor Time: 227.6731217688648
  Environment Time: 4.295982512179762
  Total Time: 231.99383585900068
  Total Nodes: 790
  Searched Nodes: 16
2024-05-21 05:57:35.601 | INFO     | prover.proof_search:search:171 - 
---------------------------------

2024-05-21 05:57:35.611 | INFO     | prover.proof_search:search:113 - Proving Theorem(repo=LeanGitRepo(url='https://github.com/leanprover-community/mathlib4', commit='fe4454af900584467d21f4fd4fe951d29d9332a7'), file_path=PosixPath('Mathlib/Algebra/AddTorsor.lean'), full_name='vadd_right_cancel_iff')
2024-05-21 05:58:49.176 | INFO     | prover.proof_search:_best_first_search:196 - Search timed out.
2024-05-21 05:58:59.170 | INFO     | prover.proof_search:search:170 - Search Result:

Theorem:
  Repository: LeanGitRepo(url='https://github.com/leanprover-community/mathlib4', commit='fe4454af900584467d21f4fd4fe951d29d9332a7')
  File Path: Mathlib/CategoryTheory/Types.lean
  Full Name: CategoryTheory.hom_inv_id_apply

Status: Status.OPEN

Proof: None

Search Statistics:
  Actor Time: 592.9207685475703
  Environment Time: 13.463738336227834
  Total Time: 606.4426356219919
  Total Nodes: 1126
  Searched Nodes: 34
2024-05-21 05:58:59.171 | INFO     | prover.proof_search:search:171 - 
---------------------------------

2024-05-21 05:58:59.177 | INFO     | prover.proof_search:search:113 - Proving Theorem(repo=LeanGitRepo(url='https://github.com/leanprover-community/mathlib4', commit='fe4454af900584467d21f4fd4fe951d29d9332a7'), file_path=PosixPath('Mathlib/Data/Finset/Image.lean'), full_name='Finset.map_perm')
2024-05-21 05:59:25.453 | INFO     | prover.proof_search:_best_first_search:196 - Search timed out.
2024-05-21 05:59:36.566 | INFO     | prover.proof_search:search:170 - Search Result:

Theorem:
  Repository: LeanGitRepo(url='https://github.com/leanprover-community/mathlib4', commit='fe4454af900584467d21f4fd4fe951d29d9332a7')
  File Path: Mathlib/RingTheory/Polynomial/Basic.lean
  Full Name: Polynomial.exists_irreducible_of_natDegree_pos

Status: Status.OPEN

Proof: None

Search Statistics:
  Actor Time: 593.7400631944183
  Environment Time: 15.639960849308409
  Total Time: 609.4346852470189
  Total Nodes: 1471
  Searched Nodes: 35
2024-05-21 05:59:36.567 | INFO     | prover.proof_search:search:171 - 
---------------------------------

2024-05-21 05:59:36.573 | INFO     | prover.proof_search:search:113 - Proving Theorem(repo=LeanGitRepo(url='https://github.com/leanprover-community/mathlib4', commit='fe4454af900584467d21f4fd4fe951d29d9332a7'), file_path=PosixPath('Mathlib/GroupTheory/SpecificGroups/Coxeter.lean'), full_name='CoxeterGroup.of_apply')
2024-05-21 06:00:16.740 | INFO     | prover.proof_search:_best_first_search:204 - Found a proof!
2024-05-21 06:00:27.632 | INFO     | prover.proof_search:search:170 - Search Result:

Theorem:
  Repository: LeanGitRepo(url='https://github.com/leanprover-community/mathlib4', commit='fe4454af900584467d21f4fd4fe951d29d9332a7')
  File Path: Mathlib/Algebra/AddTorsor.lean
  Full Name: vadd_right_cancel_iff

Status: Status.PROVED

Proof:
  constructor
  repeat' intro h; rw [h]
  apply vadd_right_cancel

Search Statistics:
  Actor Time: 133.37858316407073
  Environment Time: 1.5827967018121853
  Total Time: 134.97258538205642
  Total Nodes: 308
  Searched Nodes: 8
2024-05-21 06:00:27.633 | INFO     | prover.proof_search:search:171 - 
---------------------------------

2024-05-21 06:00:27.645 | INFO     | prover.proof_search:search:113 - Proving Theorem(repo=LeanGitRepo(url='https://github.com/leanprover-community/mathlib4', commit='fe4454af900584467d21f4fd4fe951d29d9332a7'), file_path=PosixPath('Mathlib/SetTheory/ZFC/Basic.lean'), full_name='PSet.Resp.Equiv.euc')
2024-05-21 06:00:27.853 | INFO     | prover.proof_search:_best_first_search:204 - Found a proof!
2024-05-21 06:00:39.363 | INFO     | prover.proof_search:search:170 - Search Result:

Theorem:
  Repository: LeanGitRepo(url='https://github.com/leanprover-community/mathlib4', commit='fe4454af900584467d21f4fd4fe951d29d9332a7')
  File Path: Mathlib/GroupTheory/SpecificGroups/Coxeter.lean
  Full Name: CoxeterGroup.of_apply

Status: Status.PROVED

Proof:
  rfl

Search Statistics:
  Actor Time: 21.00833176006563
  Environment Time: 0.016488490044139326
  Total Time: 21.025100762024522
  Total Nodes: 5
  Searched Nodes: 1
2024-05-21 06:00:39.365 | INFO     | prover.proof_search:search:171 - 
---------------------------------

2024-05-21 06:00:39.378 | INFO     | prover.proof_search:search:113 - Proving Theorem(repo=LeanGitRepo(url='https://github.com/leanprover-community/mathlib4', commit='fe4454af900584467d21f4fd4fe951d29d9332a7'), file_path=PosixPath('Mathlib/AlgebraicTopology/DoldKan/Projections.lean'), full_name='AlgebraicTopology.DoldKan.Q_idem')
2024-05-21 06:01:14.768 | WARNING  | prover.proof_search:search:175 - EOF
2024-05-21 06:01:14.786 | INFO     | prover.proof_search:search:113 - Proving Theorem(repo=LeanGitRepo(url='https://github.com/leanprover-community/mathlib4', commit='fe4454af900584467d21f4fd4fe951d29d9332a7'), file_path=PosixPath('Mathlib/Topology/Separation.lean'), full_name='compl_singleton_mem_nhdsSet_iff')
2024-05-21 06:01:44.199 | INFO     | prover.proof_search:_best_first_search:204 - Found a proof!
2024-05-21 06:01:53.100 | INFO     | prover.proof_search:search:170 - Search Result:

Theorem:
  Repository: LeanGitRepo(url='https://github.com/leanprover-community/mathlib4', commit='fe4454af900584467d21f4fd4fe951d29d9332a7')
  File Path: Mathlib/AlgebraicTopology/DoldKan/Projections.lean
  Full Name: AlgebraicTopology.DoldKan.Q_idem

Status: Status.PROVED

Proof:
  induction' q with q hq
  all_goals dsimp [AlgebraicTopology.DoldKan.Q]; simp

Search Statistics:
  Actor Time: 27.609328033053316
  Environment Time: 1.5759871857007965
  Total Time: 29.18960188794881
  Total Nodes: 80
  Searched Nodes: 2
2024-05-21 06:01:53.101 | INFO     | prover.proof_search:search:171 - 
---------------------------------

2024-05-21 06:01:53.108 | INFO     | prover.proof_search:search:113 - Proving Theorem(repo=LeanGitRepo(url='https://github.com/leanprover-community/mathlib4', commit='fe4454af900584467d21f4fd4fe951d29d9332a7'), file_path=PosixPath('Mathlib/Data/Multiset/Basic.lean'), full_name='Multiset.map_le_map')
2024-05-21 06:02:26.550 | INFO     | prover.proof_search:_best_first_search:204 - Found a proof!
2024-05-21 06:02:37.560 | INFO     | prover.proof_search:search:170 - Search Result:

Theorem:
  Repository: LeanGitRepo(url='https://github.com/leanprover-community/mathlib4', commit='fe4454af900584467d21f4fd4fe951d29d9332a7')
  File Path: Mathlib/Topology/Separation.lean
  Full Name: compl_singleton_mem_nhdsSet_iff

Status: Status.PROVED

Proof:
  rw [mem_nhdsSet_iff_forall]
  aesop

Search Statistics:
  Actor Time: 31.60892392799724
  Environment Time: 1.0938031759578735
  Total Time: 32.705536019057035
  Total Nodes: 84
  Searched Nodes: 2
2024-05-21 06:02:37.561 | INFO     | prover.proof_search:search:171 - 
---------------------------------

2024-05-21 06:02:37.570 | INFO     | prover.proof_search:search:113 - Proving Theorem(repo=LeanGitRepo(url='https://github.com/leanprover-community/mathlib4', commit='fe4454af900584467d21f4fd4fe951d29d9332a7'), file_path=PosixPath('Mathlib/Data/Fin/Tuple/Curry.lean'), full_name='Function.FromTypes.uncurry_two_eq_uncurry')
2024-05-21 06:03:04.758 | INFO     | prover.proof_search:_best_first_search:196 - Search timed out.
2024-05-21 06:03:13.498 | INFO     | prover.proof_search:search:170 - Search Result:

Theorem:
  Repository: LeanGitRepo(url='https://github.com/leanprover-community/mathlib4', commit='fe4454af900584467d21f4fd4fe951d29d9332a7')
  File Path: Mathlib/Combinatorics/Schnirelmann.lean
  Full Name: exists_of_schnirelmannDensity_eq_zero

Status: Status.OPEN

Proof: None

Search Statistics:
  Actor Time: 522.860462554032
  Environment Time: 83.61178215127438
  Total Time: 606.5423638649518
  Total Nodes: 1078
  Searched Nodes: 31
2024-05-21 06:03:13.499 | INFO     | prover.proof_search:search:171 - 
---------------------------------

2024-05-21 06:03:13.509 | INFO     | prover.proof_search:search:113 - Proving Theorem(repo=LeanGitRepo(url='https://github.com/leanprover-community/mathlib4', commit='fe4454af900584467d21f4fd4fe951d29d9332a7'), file_path=PosixPath('Mathlib/NumberTheory/LSeries/Convergence.lean'), full_name="LSeries.abscissaOfAbsConv_le_of_forall_lt_LSeriesSummable'")
2024-05-21 06:03:18.820 | INFO     | prover.proof_search:_best_first_search:204 - Found a proof!
2024-05-21 06:03:27.965 | INFO     | prover.proof_search:search:170 - Search Result:

Theorem:
  Repository: LeanGitRepo(url='https://github.com/leanprover-community/mathlib4', commit='fe4454af900584467d21f4fd4fe951d29d9332a7')
  File Path: Mathlib/Data/Fin/Tuple/Curry.lean
  Full Name: Function.FromTypes.uncurry_two_eq_uncurry

Status: Status.PROVED

Proof:
  rfl

Search Statistics:
  Actor Time: 6.56652481702622
  Environment Time: 0.04330653022043407
  Total Time: 6.610234985942952
  Total Nodes: 9
  Searched Nodes: 1
2024-05-21 06:03:27.966 | INFO     | prover.proof_search:search:171 - 
---------------------------------

2024-05-21 06:03:27.976 | INFO     | prover.proof_search:search:113 - Proving Theorem(repo=LeanGitRepo(url='https://github.com/leanprover-community/mathlib4', commit='fe4454af900584467d21f4fd4fe951d29d9332a7'), file_path=PosixPath('Mathlib/Topology/LocallyConstant/Basic.lean'), full_name='LocallyConstant.coe_continuousMap')
2024-05-21 06:04:18.021 | INFO     | prover.proof_search:_best_first_search:204 - Found a proof!
2024-05-21 06:04:26.658 | INFO     | prover.proof_search:search:170 - Search Result:

Theorem:
  Repository: LeanGitRepo(url='https://github.com/leanprover-community/mathlib4', commit='fe4454af900584467d21f4fd4fe951d29d9332a7')
  File Path: Mathlib/Topology/LocallyConstant/Basic.lean
  Full Name: LocallyConstant.coe_continuousMap

Status: Status.PROVED

Proof:
  rfl

Search Statistics:
  Actor Time: 17.132605685968883
  Environment Time: 0.002606149995699525
  Total Time: 17.135410011047497
  Total Nodes: 2
  Searched Nodes: 1
2024-05-21 06:04:26.659 | INFO     | prover.proof_search:search:171 - 
---------------------------------

2024-05-21 06:04:26.666 | INFO     | prover.proof_search:search:113 - Proving Theorem(repo=LeanGitRepo(url='https://github.com/leanprover-community/mathlib4', commit='fe4454af900584467d21f4fd4fe951d29d9332a7'), file_path=PosixPath('Mathlib/RingTheory/Finiteness.lean'), full_name='Submodule.fg_unit')
2024-05-21 06:09:45.996 | INFO     | prover.proof_search:_best_first_search:194 - Found a proof but timed out.
2024-05-21 06:09:45.998 | INFO     | prover.proof_search:_best_first_search:196 - Search timed out.
2024-05-21 06:09:53.306 | INFO     | prover.proof_search:search:170 - Search Result:

Theorem:
  Repository: LeanGitRepo(url='https://github.com/leanprover-community/mathlib4', commit='fe4454af900584467d21f4fd4fe951d29d9332a7')
  File Path: Mathlib/Data/Finset/Image.lean
  Full Name: Finset.map_perm

Status: Status.OPEN

Proof: None

Search Statistics:
  Actor Time: 592.9063273360953
  Environment Time: 20.837569269933738
  Total Time: 613.8025001710048
  Total Nodes: 1210
  Searched Nodes: 38
2024-05-21 06:09:53.307 | INFO     | prover.proof_search:search:171 - 
---------------------------------

2024-05-21 06:09:53.315 | INFO     | prover.proof_search:search:113 - Proving Theorem(repo=LeanGitRepo(url='https://github.com/leanprover-community/mathlib4', commit='fe4454af900584467d21f4fd4fe951d29d9332a7'), file_path=PosixPath('Mathlib/Data/Sym/Basic.lean'), full_name='Sym.cons_equiv_eq_equiv_cons')
2024-05-21 06:12:39.427 | INFO     | prover.proof_search:_best_first_search:196 - Search timed out.
2024-05-21 06:12:46.955 | INFO     | prover.proof_search:search:170 - Search Result:

Theorem:
  Repository: LeanGitRepo(url='https://github.com/leanprover-community/mathlib4', commit='fe4454af900584467d21f4fd4fe951d29d9332a7')
  File Path: Mathlib/Data/Multiset/Basic.lean
  Full Name: Multiset.map_le_map

Status: Status.OPEN

Proof: None

Search Statistics:
  Actor Time: 589.8613978546346
  Environment Time: 20.671746104722843
  Total Time: 610.592853614944
  Total Nodes: 1243
  Searched Nodes: 35
2024-05-21 06:12:46.956 | INFO     | prover.proof_search:search:171 - 
---------------------------------

2024-05-21 06:12:46.964 | INFO     | prover.proof_search:search:113 - Proving Theorem(repo=LeanGitRepo(url='https://github.com/leanprover-community/mathlib4', commit='fe4454af900584467d21f4fd4fe951d29d9332a7'), file_path=PosixPath('Mathlib/Topology/Homotopy/Path.lean'), full_name='Path.Homotopy.symm_trans')
2024-05-21 06:13:58.279 | INFO     | prover.proof_search:_best_first_search:196 - Search timed out.
2024-05-21 06:14:05.852 | INFO     | prover.proof_search:search:170 - Search Result:

Theorem:
  Repository: LeanGitRepo(url='https://github.com/leanprover-community/mathlib4', commit='fe4454af900584467d21f4fd4fe951d29d9332a7')
  File Path: Mathlib/NumberTheory/LSeries/Convergence.lean
  Full Name: LSeries.abscissaOfAbsConv_le_of_forall_lt_LSeriesSummable'

Status: Status.OPEN

Proof: None

Search Statistics:
  Actor Time: 595.6334308220539
  Environment Time: 14.535603870172054
  Total Time: 610.2157637280179
  Total Nodes: 1432
  Searched Nodes: 32
2024-05-21 06:14:05.853 | INFO     | prover.proof_search:search:171 - 
---------------------------------

2024-05-21 06:14:05.862 | INFO     | prover.proof_search:search:113 - Proving Theorem(repo=LeanGitRepo(url='https://github.com/leanprover-community/mathlib4', commit='fe4454af900584467d21f4fd4fe951d29d9332a7'), file_path=PosixPath('Mathlib/Analysis/Normed/Group/Seminorm.lean'), full_name='GroupSeminorm.add_apply')
2024-05-21 06:14:42.522 | INFO     | prover.proof_search:_best_first_search:204 - Found a proof!
2024-05-21 06:14:51.157 | INFO     | prover.proof_search:search:170 - Search Result:

Theorem:
  Repository: LeanGitRepo(url='https://github.com/leanprover-community/mathlib4', commit='fe4454af900584467d21f4fd4fe951d29d9332a7')
  File Path: Mathlib/Analysis/Normed/Group/Seminorm.lean
  Full Name: GroupSeminorm.add_apply

Status: Status.PROVED

Proof:
  simp

Search Statistics:
  Actor Time: 6.586107951938175
  Environment Time: 0.017641373095102608
  Total Time: 6.6040090679889545
  Total Nodes: 2
  Searched Nodes: 1
2024-05-21 06:14:51.157 | INFO     | prover.proof_search:search:171 - 
---------------------------------

2024-05-21 06:14:51.169 | INFO     | prover.proof_search:search:113 - Proving Theorem(repo=LeanGitRepo(url='https://github.com/leanprover-community/mathlib4', commit='fe4454af900584467d21f4fd4fe951d29d9332a7'), file_path=PosixPath('Mathlib/Topology/Bornology/Basic.lean'), full_name='Bornology.isCobounded_iInter')
2024-05-21 06:15:42.782 | INFO     | prover.proof_search:_best_first_search:204 - Found a proof!
2024-05-21 06:15:52.268 | INFO     | prover.proof_search:search:170 - Search Result:

Theorem:
  Repository: LeanGitRepo(url='https://github.com/leanprover-community/mathlib4', commit='fe4454af900584467d21f4fd4fe951d29d9332a7')
  File Path: Mathlib/Topology/Bornology/Basic.lean
  Full Name: Bornology.isCobounded_iInter

Status: Status.PROVED

Proof:
  simp [Bornology.isCobounded_def]

Search Statistics:
  Actor Time: 25.30361056793481
  Environment Time: 0.23361969541292638
  Total Time: 25.538059768965468
  Total Nodes: 14
  Searched Nodes: 1
2024-05-21 06:15:52.269 | INFO     | prover.proof_search:search:171 - 
---------------------------------

2024-05-21 06:15:52.277 | INFO     | prover.proof_search:search:113 - Proving Theorem(repo=LeanGitRepo(url='https://github.com/leanprover-community/mathlib4', commit='fe4454af900584467d21f4fd4fe951d29d9332a7'), file_path=PosixPath('Mathlib/MeasureTheory/Integral/IntegrableOn.lean'), full_name='MeasurableEmbedding.integrableAtFilter_map_iff')
2024-05-21 06:15:56.949 | INFO     | prover.proof_search:_best_first_search:196 - Search timed out.
2024-05-21 06:16:07.749 | INFO     | prover.proof_search:search:170 - Search Result:

Theorem:
  Repository: LeanGitRepo(url='https://github.com/leanprover-community/mathlib4', commit='fe4454af900584467d21f4fd4fe951d29d9332a7')
  File Path: Mathlib/RingTheory/Finiteness.lean
  Full Name: Submodule.fg_unit

Status: Status.OPEN

Proof: None

Search Statistics:
  Actor Time: 475.89707482629456
  Environment Time: 161.24037555232644
  Total Time: 659.9946222379804
  Total Nodes: 916
  Searched Nodes: 28
2024-05-21 06:16:07.750 | INFO     | prover.proof_search:search:171 - 
---------------------------------

2024-05-21 06:16:07.759 | INFO     | prover.proof_search:search:113 - Proving Theorem(repo=LeanGitRepo(url='https://github.com/leanprover-community/mathlib4', commit='fe4454af900584467d21f4fd4fe951d29d9332a7'), file_path=PosixPath('Mathlib/Analysis/SpecialFunctions/Trigonometric/Basic.lean'), full_name='Real.tan_nat_mul_pi_sub')
2024-05-21 06:20:43.185 | INFO     | prover.proof_search:_best_first_search:196 - Search timed out.
2024-05-21 06:20:53.938 | INFO     | prover.proof_search:search:170 - Search Result:

Theorem:
  Repository: LeanGitRepo(url='https://github.com/leanprover-community/mathlib4', commit='fe4454af900584467d21f4fd4fe951d29d9332a7')
  File Path: Mathlib/Data/Sym/Basic.lean
  Full Name: Sym.cons_equiv_eq_equiv_cons

Status: Status.OPEN

Proof: None

Search Statistics:
  Actor Time: 563.8687350002583
  Environment Time: 55.80374947958626
  Total Time: 619.7390340249985
  Total Nodes: 963
  Searched Nodes: 40
2024-05-21 06:20:53.940 | INFO     | prover.proof_search:search:171 - 
---------------------------------

2024-05-21 06:20:53.948 | INFO     | prover.proof_search:search:113 - Proving Theorem(repo=LeanGitRepo(url='https://github.com/leanprover-community/mathlib4', commit='fe4454af900584467d21f4fd4fe951d29d9332a7'), file_path=PosixPath('Mathlib/Computability/Reduce.lean'), full_name='ComputablePred.computable_of_manyOneReducible')
2024-05-21 06:23:32.651 | INFO     | prover.proof_search:_best_first_search:196 - Search timed out.
2024-05-21 06:23:39.962 | INFO     | prover.proof_search:search:170 - Search Result:

Theorem:
  Repository: LeanGitRepo(url='https://github.com/leanprover-community/mathlib4', commit='fe4454af900584467d21f4fd4fe951d29d9332a7')
  File Path: Mathlib/Topology/Homotopy/Path.lean
  Full Name: Path.Homotopy.symm_trans

Status: Status.OPEN

Proof: None

Search Statistics:
  Actor Time: 516.4045122759417
  Environment Time: 93.63935457798652
  Total Time: 610.0971758670639
  Total Nodes: 1082
  Searched Nodes: 26
2024-05-21 06:23:39.963 | INFO     | prover.proof_search:search:171 - 
---------------------------------

2024-05-21 06:23:39.969 | INFO     | prover.proof_search:search:113 - Proving Theorem(repo=LeanGitRepo(url='https://github.com/leanprover-community/mathlib4', commit='fe4454af900584467d21f4fd4fe951d29d9332a7'), file_path=PosixPath('Mathlib/Analysis/PSeries.lean'), full_name='Real.summable_one_div_nat_pow')
2024-05-21 06:26:29.838 | INFO     | prover.proof_search:_best_first_search:196 - Search timed out.
2024-05-21 06:26:38.393 | INFO     | prover.proof_search:search:170 - Search Result:

Theorem:
  Repository: LeanGitRepo(url='https://github.com/leanprover-community/mathlib4', commit='fe4454af900584467d21f4fd4fe951d29d9332a7')
  File Path: Mathlib/MeasureTheory/Integral/IntegrableOn.lean
  Full Name: MeasurableEmbedding.integrableAtFilter_map_iff

Status: Status.OPEN

Proof: None

Search Statistics:
  Actor Time: 587.8758535479428
  Environment Time: 13.682083964697085
  Total Time: 601.6019061810803
  Total Nodes: 547
  Searched Nodes: 30
2024-05-21 06:26:38.394 | INFO     | prover.proof_search:search:171 - 
---------------------------------

2024-05-21 06:26:38.403 | INFO     | prover.proof_search:search:113 - Proving Theorem(repo=LeanGitRepo(url='https://github.com/leanprover-community/mathlib4', commit='fe4454af900584467d21f4fd4fe951d29d9332a7'), file_path=PosixPath('Mathlib/Data/MvPolynomial/Basic.lean'), full_name='MvPolynomial.support_mul')
2024-05-21 06:27:18.740 | INFO     | prover.proof_search:_best_first_search:196 - Search timed out.
2024-05-21 06:27:26.875 | INFO     | prover.proof_search:search:170 - Search Result:

Theorem:
  Repository: LeanGitRepo(url='https://github.com/leanprover-community/mathlib4', commit='fe4454af900584467d21f4fd4fe951d29d9332a7')
  File Path: Mathlib/Analysis/SpecialFunctions/Trigonometric/Basic.lean
  Full Name: Real.tan_nat_mul_pi_sub

Status: Status.OPEN

Proof: None

Search Statistics:
  Actor Time: 608.7416844778927
  Environment Time: 19.338410506257787
  Total Time: 628.1092121729162
  Total Nodes: 466
  Searched Nodes: 20
2024-05-21 06:27:26.876 | INFO     | prover.proof_search:search:171 - 
---------------------------------

2024-05-21 06:27:26.885 | INFO     | prover.proof_search:search:113 - Proving Theorem(repo=LeanGitRepo(url='https://github.com/leanprover-community/mathlib4', commit='fe4454af900584467d21f4fd4fe951d29d9332a7'), file_path=PosixPath('Mathlib/LinearAlgebra/QuadraticForm/Prod.lean'), full_name='QuadraticForm.posDef_prod_iff')
2024-05-21 06:31:30.437 | INFO     | prover.proof_search:_best_first_search:196 - Search timed out.
2024-05-21 06:31:39.963 | INFO     | prover.proof_search:search:170 - Search Result:

Theorem:
  Repository: LeanGitRepo(url='https://github.com/leanprover-community/mathlib4', commit='fe4454af900584467d21f4fd4fe951d29d9332a7')
  File Path: Mathlib/Computability/Reduce.lean
  Full Name: ComputablePred.computable_of_manyOneReducible

Status: Status.OPEN

Proof: None

Search Statistics:
  Actor Time: 585.0722438779194
  Environment Time: 17.375406915904023
  Total Time: 602.5091007750016
  Total Nodes: 1175
  Searched Nodes: 35
2024-05-21 06:31:39.964 | INFO     | prover.proof_search:search:171 - 
---------------------------------

2024-05-21 06:31:39.972 | INFO     | prover.proof_search:search:113 - Proving Theorem(repo=LeanGitRepo(url='https://github.com/leanprover-community/mathlib4', commit='fe4454af900584467d21f4fd4fe951d29d9332a7'), file_path=PosixPath('Mathlib/RingTheory/Ideal/Basic.lean'), full_name='Ideal.IsMaximal.eq_of_le')
2024-05-21 06:35:02.439 | INFO     | prover.proof_search:_best_first_search:196 - Search timed out.
2024-05-21 06:35:12.683 | INFO     | prover.proof_search:search:170 - Search Result:

Theorem:
  Repository: LeanGitRepo(url='https://github.com/leanprover-community/mathlib4', commit='fe4454af900584467d21f4fd4fe951d29d9332a7')
  File Path: Mathlib/Analysis/PSeries.lean
  Full Name: Real.summable_one_div_nat_pow

Status: Status.OPEN

Proof: None

Search Statistics:
  Actor Time: 137.16079673881177
  Environment Time: 511.0898116809549
  Total Time: 648.2646413829643
  Total Nodes: 371
  Searched Nodes: 9
2024-05-21 06:35:12.684 | INFO     | prover.proof_search:search:171 - 
---------------------------------

2024-05-21 06:35:12.692 | INFO     | prover.proof_search:search:113 - Proving Theorem(repo=LeanGitRepo(url='https://github.com/leanprover-community/mathlib4', commit='fe4454af900584467d21f4fd4fe951d29d9332a7'), file_path=PosixPath('Mathlib/MeasureTheory/Integral/DominatedConvergence.lean'), full_name='MeasureTheory.hasSum_integral_of_summable_integral_norm')
2024-05-21 06:37:37.390 | INFO     | prover.proof_search:_best_first_search:196 - Search timed out.
2024-05-21 06:37:48.167 | INFO     | prover.proof_search:search:170 - Search Result:

Theorem:
  Repository: LeanGitRepo(url='https://github.com/leanprover-community/mathlib4', commit='fe4454af900584467d21f4fd4fe951d29d9332a7')
  File Path: Mathlib/Data/MvPolynomial/Basic.lean
  Full Name: MvPolynomial.support_mul

Status: Status.OPEN

Proof: None

Search Statistics:
  Actor Time: 601.2245687419781
  Environment Time: 21.63672158087138
  Total Time: 622.9141771240393
  Total Nodes: 1205
  Searched Nodes: 31
2024-05-21 06:37:48.168 | INFO     | prover.proof_search:search:171 - 
---------------------------------

2024-05-21 06:37:48.177 | INFO     | prover.proof_search:search:113 - Proving Theorem(repo=LeanGitRepo(url='https://github.com/leanprover-community/mathlib4', commit='fe4454af900584467d21f4fd4fe951d29d9332a7'), file_path=PosixPath('Mathlib/Data/List/Basic.lean'), full_name="List.map₂Left_eq_map₂Left'")
2024-05-21 06:37:59.826 | INFO     | prover.proof_search:_best_first_search:196 - Search timed out.
2024-05-21 06:38:10.305 | INFO     | prover.proof_search:search:170 - Search Result:

Theorem:
  Repository: LeanGitRepo(url='https://github.com/leanprover-community/mathlib4', commit='fe4454af900584467d21f4fd4fe951d29d9332a7')
  File Path: Mathlib/LinearAlgebra/QuadraticForm/Prod.lean
  Full Name: QuadraticForm.posDef_prod_iff

Status: Status.OPEN

Proof: None

Search Statistics:
  Actor Time: 582.4009971254272
  Environment Time: 20.775066867819987
  Total Time: 603.2046750700101
  Total Nodes: 814
  Searched Nodes: 24
2024-05-21 06:38:10.307 | INFO     | prover.proof_search:search:171 - 
---------------------------------

2024-05-21 06:38:10.318 | INFO     | prover.proof_search:search:113 - Proving Theorem(repo=LeanGitRepo(url='https://github.com/leanprover-community/mathlib4', commit='fe4454af900584467d21f4fd4fe951d29d9332a7'), file_path=PosixPath('Mathlib/Algebra/Group/Aut.lean'), full_name='MulAut.smul_def')
2024-05-21 06:38:39.930 | WARNING  | prover.proof_search:search:175 - EOF
2024-05-21 06:38:39.963 | INFO     | prover.proof_search:search:113 - Proving Theorem(repo=LeanGitRepo(url='https://github.com/leanprover-community/mathlib4', commit='fe4454af900584467d21f4fd4fe951d29d9332a7'), file_path=PosixPath('Mathlib/CategoryTheory/Comma/Arrow.lean'), full_name='CategoryTheory.Arrow.isIso_of_isIso_left_of_isIso_right')
2024-05-21 06:38:58.875 | INFO     | prover.proof_search:_best_first_search:204 - Found a proof!
2024-05-21 06:39:11.258 | INFO     | prover.proof_search:search:170 - Search Result:

Theorem:
  Repository: LeanGitRepo(url='https://github.com/leanprover-community/mathlib4', commit='fe4454af900584467d21f4fd4fe951d29d9332a7')
  File Path: Mathlib/Algebra/Group/Aut.lean
  Full Name: MulAut.smul_def

Status: Status.PROVED

Proof:
  rfl

Search Statistics:
  Actor Time: 13.686870377045125
  Environment Time: 0.06153546180576086
  Total Time: 13.748993379995227
  Total Nodes: 19
  Searched Nodes: 1
2024-05-21 06:39:11.261 | INFO     | prover.proof_search:search:171 - 
---------------------------------

2024-05-21 06:39:11.275 | INFO     | prover.proof_search:search:113 - Proving Theorem(repo=LeanGitRepo(url='https://github.com/leanprover-community/mathlib4', commit='fe4454af900584467d21f4fd4fe951d29d9332a7'), file_path=PosixPath('Mathlib/RingTheory/DedekindDomain/Ideal.lean'), full_name='irreducible_pow_sup_of_le')
2024-05-21 06:39:19.186 | WARNING  | prover.proof_search:search:175 - EOF
2024-05-21 06:39:19.195 | INFO     | prover.proof_search:search:113 - Proving Theorem(repo=LeanGitRepo(url='https://github.com/leanprover-community/mathlib4', commit='fe4454af900584467d21f4fd4fe951d29d9332a7'), file_path=PosixPath('Mathlib/GroupTheory/Subgroup/Basic.lean'), full_name='Subgroup.zpow_mem')
2024-05-21 06:40:18.111 | INFO     | prover.proof_search:_best_first_search:204 - Found a proof!
2024-05-21 06:40:28.453 | INFO     | prover.proof_search:search:170 - Search Result:

Theorem:
  Repository: LeanGitRepo(url='https://github.com/leanprover-community/mathlib4', commit='fe4454af900584467d21f4fd4fe951d29d9332a7')
  File Path: Mathlib/GroupTheory/Subgroup/Basic.lean
  Full Name: Subgroup.zpow_mem

Status: Status.PROVED

Proof:
  aesop

Search Statistics:
  Actor Time: 13.176930275047198
  Environment Time: 0.14121117815375328
  Total Time: 13.318878134945408
  Total Nodes: 14
  Searched Nodes: 1
2024-05-21 06:40:28.453 | INFO     | prover.proof_search:search:171 - 
---------------------------------

2024-05-21 06:40:28.462 | INFO     | prover.proof_search:search:113 - Proving Theorem(repo=LeanGitRepo(url='https://github.com/leanprover-community/mathlib4', commit='fe4454af900584467d21f4fd4fe951d29d9332a7'), file_path=PosixPath('Mathlib/Analysis/Normed/Group/Basic.lean'), full_name="pi_nnnorm_const'")
2024-05-21 06:41:49.607 | INFO     | prover.proof_search:_best_first_search:204 - Found a proof!
2024-05-21 06:41:58.296 | INFO     | prover.proof_search:search:170 - Search Result:

Theorem:
  Repository: LeanGitRepo(url='https://github.com/leanprover-community/mathlib4', commit='fe4454af900584467d21f4fd4fe951d29d9332a7')
  File Path: Mathlib/Analysis/Normed/Group/Basic.lean
  Full Name: pi_nnnorm_const'

Status: Status.PROVED

Proof:
  ext
  simp

Search Statistics:
  Actor Time: 34.18623800505884
  Environment Time: 0.4657669020816684
  Total Time: 34.65341478900518
  Total Nodes: 34
  Searched Nodes: 2
2024-05-21 06:41:58.298 | INFO     | prover.proof_search:search:171 - 
---------------------------------

2024-05-21 06:41:58.309 | INFO     | prover.proof_search:search:113 - Proving Theorem(repo=LeanGitRepo(url='https://github.com/leanprover-community/mathlib4', commit='fe4454af900584467d21f4fd4fe951d29d9332a7'), file_path=PosixPath('Mathlib/Topology/Gluing.lean'), full_name='TopCat.GlueData.rel_equiv')
2024-05-21 06:42:12.664 | INFO     | prover.proof_search:_best_first_search:196 - Search timed out.
2024-05-21 06:42:24.478 | INFO     | prover.proof_search:search:170 - Search Result:

Theorem:
  Repository: LeanGitRepo(url='https://github.com/leanprover-community/mathlib4', commit='fe4454af900584467d21f4fd4fe951d29d9332a7')
  File Path: Mathlib/RingTheory/Ideal/Basic.lean
  Full Name: Ideal.IsMaximal.eq_of_le

Status: Status.OPEN

Proof: None

Search Statistics:
  Actor Time: 544.279091420467
  Environment Time: 55.91994666447863
  Total Time: 600.2714805010473
  Total Nodes: 2065
  Searched Nodes: 45
2024-05-21 06:42:24.479 | INFO     | prover.proof_search:search:171 - 
---------------------------------

2024-05-21 06:42:24.491 | INFO     | prover.proof_search:search:113 - Proving Theorem(repo=LeanGitRepo(url='https://github.com/leanprover-community/mathlib4', commit='fe4454af900584467d21f4fd4fe951d29d9332a7'), file_path=PosixPath('.lake/packages/std/Std/Data/String/Lemmas.lean'), full_name='Substring.ValidFor.all')
2024-05-21 06:43:09.905 | WARNING  | prover.proof_search:search:175 - EOF
2024-05-21 06:43:09.923 | INFO     | prover.proof_search:search:113 - Proving Theorem(repo=LeanGitRepo(url='https://github.com/leanprover-community/mathlib4', commit='fe4454af900584467d21f4fd4fe951d29d9332a7'), file_path=PosixPath('Mathlib/Data/Set/Sups.lean'), full_name='Set.infs_subset_right')
2024-05-21 06:45:58.767 | INFO     | prover.proof_search:_best_first_search:196 - Search timed out.
2024-05-21 06:46:08.984 | INFO     | prover.proof_search:search:170 - Search Result:

Theorem:
  Repository: LeanGitRepo(url='https://github.com/leanprover-community/mathlib4', commit='fe4454af900584467d21f4fd4fe951d29d9332a7')
  File Path: Mathlib/MeasureTheory/Integral/DominatedConvergence.lean
  Full Name: MeasureTheory.hasSum_integral_of_summable_integral_norm

Status: Status.OPEN

Proof: None

Search Statistics:
  Actor Time: 577.7872660533758
  Environment Time: 35.00907393998932
  Total Time: 612.8342999890447
  Total Nodes: 1016
  Searched Nodes: 27
2024-05-21 06:46:08.985 | INFO     | prover.proof_search:search:171 - 
---------------------------------

2024-05-21 06:46:08.993 | INFO     | prover.proof_search:search:113 - Proving Theorem(repo=LeanGitRepo(url='https://github.com/leanprover-community/mathlib4', commit='fe4454af900584467d21f4fd4fe951d29d9332a7'), file_path=PosixPath('Mathlib/MeasureTheory/MeasurableSpace/Basic.lean'), full_name='MeasurableEquiv.symm_mk')
2024-05-21 06:46:59.617 | INFO     | prover.proof_search:_best_first_search:204 - Found a proof!
2024-05-21 06:47:09.308 | INFO     | prover.proof_search:search:170 - Search Result:

Theorem:
  Repository: LeanGitRepo(url='https://github.com/leanprover-community/mathlib4', commit='fe4454af900584467d21f4fd4fe951d29d9332a7')
  File Path: Mathlib/MeasureTheory/MeasurableSpace/Basic.lean
  Full Name: MeasurableEquiv.symm_mk

Status: Status.PROVED

Proof:
  rfl

Search Statistics:
  Actor Time: 11.232244983897544
  Environment Time: 0.013341893907636404
  Total Time: 11.245839143986814
  Total Nodes: 2
  Searched Nodes: 1
2024-05-21 06:47:09.309 | INFO     | prover.proof_search:search:171 - 
---------------------------------

2024-05-21 06:47:09.318 | INFO     | prover.proof_search:search:113 - Proving Theorem(repo=LeanGitRepo(url='https://github.com/leanprover-community/mathlib4', commit='fe4454af900584467d21f4fd4fe951d29d9332a7'), file_path=PosixPath('Mathlib/LinearAlgebra/Dual.lean'), full_name='Module.forall_dual_apply_eq_zero_iff')
2024-05-21 06:50:53.493 | INFO     | prover.proof_search:_best_first_search:196 - Search timed out.
2024-05-21 06:51:03.158 | INFO     | prover.proof_search:search:170 - Search Result:

Theorem:
  Repository: LeanGitRepo(url='https://github.com/leanprover-community/mathlib4', commit='fe4454af900584467d21f4fd4fe951d29d9332a7')
  File Path: Mathlib/RingTheory/DedekindDomain/Ideal.lean
  Full Name: irreducible_pow_sup_of_le

Status: Status.OPEN

Proof: None

Search Statistics:
  Actor Time: 427.2317602002295
  Environment Time: 169.2989893311169
  Total Time: 659.9848037089687
  Total Nodes: 1196
  Searched Nodes: 30
2024-05-21 06:51:03.158 | INFO     | prover.proof_search:search:171 - 
---------------------------------

2024-05-21 06:51:03.167 | INFO     | prover.proof_search:search:113 - Proving Theorem(repo=LeanGitRepo(url='https://github.com/leanprover-community/mathlib4', commit='fe4454af900584467d21f4fd4fe951d29d9332a7'), file_path=PosixPath('Mathlib/Order/Filter/Basic.lean'), full_name='Filter.EventuallyLE.compl')
2024-05-21 06:52:03.102 | INFO     | prover.proof_search:_best_first_search:204 - Found a proof!
2024-05-21 06:52:13.756 | INFO     | prover.proof_search:search:170 - Search Result:

Theorem:
  Repository: LeanGitRepo(url='https://github.com/leanprover-community/mathlib4', commit='fe4454af900584467d21f4fd4fe951d29d9332a7')
  File Path: Mathlib/Order/Filter/Basic.lean
  Full Name: Filter.EventuallyLE.compl

Status: Status.PROVED

Proof:
  filter_upwards [h] with x hx
  exact compl_le_compl hx

Search Statistics:
  Actor Time: 19.557029327959754
  Environment Time: 0.6159572730539367
  Total Time: 20.175658688065596
  Total Nodes: 47
  Searched Nodes: 2
2024-05-21 06:52:13.757 | INFO     | prover.proof_search:search:171 - 
---------------------------------

2024-05-21 06:52:13.765 | INFO     | prover.proof_search:search:113 - Proving Theorem(repo=LeanGitRepo(url='https://github.com/leanprover-community/mathlib4', commit='fe4454af900584467d21f4fd4fe951d29d9332a7'), file_path=PosixPath('Mathlib/Algebra/Homology/HomotopyCategory/MappingCone.lean'), full_name='CochainComplex.mappingCone.ext_to')
2024-05-21 06:52:35.939 | INFO     | prover.proof_search:_best_first_search:196 - Search timed out.
2024-05-21 06:52:46.064 | INFO     | prover.proof_search:search:170 - Search Result:

Theorem:
  Repository: LeanGitRepo(url='https://github.com/leanprover-community/mathlib4', commit='fe4454af900584467d21f4fd4fe951d29d9332a7')
  File Path: Mathlib/Topology/Gluing.lean
  Full Name: TopCat.GlueData.rel_equiv

Status: Status.OPEN

Proof: None

Search Statistics:
  Actor Time: 560.9740911159897
  Environment Time: 41.349392630392686
  Total Time: 602.3833108610706
  Total Nodes: 1487
  Searched Nodes: 39
2024-05-21 06:52:46.065 | INFO     | prover.proof_search:search:171 - 
---------------------------------

2024-05-21 06:52:46.073 | INFO     | prover.proof_search:search:113 - Proving Theorem(repo=LeanGitRepo(url='https://github.com/leanprover-community/mathlib4', commit='fe4454af900584467d21f4fd4fe951d29d9332a7'), file_path=PosixPath('Mathlib/Topology/MetricSpace/Dilation.lean'), full_name='Dilation.ediam_image')
2024-05-21 06:54:40.536 | INFO     | prover.proof_search:_best_first_search:196 - Search timed out.
2024-05-21 06:54:51.868 | INFO     | prover.proof_search:search:170 - Search Result:

Theorem:
  Repository: LeanGitRepo(url='https://github.com/leanprover-community/mathlib4', commit='fe4454af900584467d21f4fd4fe951d29d9332a7')
  File Path: Mathlib/Data/Set/Sups.lean
  Full Name: Set.infs_subset_right

Status: Status.OPEN

Proof: None

Search Statistics:
  Actor Time: 108.56990672694519
  Environment Time: 10.123672670684755
  Total Time: 659.9982076860033
  Total Nodes: 217
  Searched Nodes: 6
2024-05-21 06:54:51.869 | INFO     | prover.proof_search:search:171 - 
---------------------------------

2024-05-21 06:54:51.878 | INFO     | prover.proof_search:search:113 - Proving Theorem(repo=LeanGitRepo(url='https://github.com/leanprover-community/mathlib4', commit='fe4454af900584467d21f4fd4fe951d29d9332a7'), file_path=PosixPath('Mathlib/Data/Nat/Digits.lean'), full_name='Nat.sum_le_ofDigits')
2024-05-21 06:57:52.705 | INFO     | prover.proof_search:_best_first_search:196 - Search timed out.
2024-05-21 06:58:00.136 | INFO     | prover.proof_search:search:170 - Search Result:

Theorem:
  Repository: LeanGitRepo(url='https://github.com/leanprover-community/mathlib4', commit='fe4454af900584467d21f4fd4fe951d29d9332a7')
  File Path: Mathlib/LinearAlgebra/Dual.lean
  Full Name: Module.forall_dual_apply_eq_zero_iff

Status: Status.OPEN

Proof: None

Search Statistics:
  Actor Time: 572.41419912118
  Environment Time: 35.51756218471564
  Total Time: 608.0161026139976
  Total Nodes: 1677
  Searched Nodes: 48
2024-05-21 06:58:00.137 | INFO     | prover.proof_search:search:171 - 
---------------------------------

2024-05-21 06:58:00.145 | INFO     | prover.proof_search:search:113 - Proving Theorem(repo=LeanGitRepo(url='https://github.com/leanprover-community/mathlib4', commit='fe4454af900584467d21f4fd4fe951d29d9332a7'), file_path=PosixPath('Mathlib/Algebra/ContinuedFractions/Translations.lean'), full_name='GeneralizedContinuedFraction.first_denominator_eq')
2024-05-21 07:02:49.806 | INFO     | prover.proof_search:_best_first_search:196 - Search timed out.
2024-05-21 07:02:57.766 | INFO     | prover.proof_search:search:170 - Search Result:

Theorem:
  Repository: LeanGitRepo(url='https://github.com/leanprover-community/mathlib4', commit='fe4454af900584467d21f4fd4fe951d29d9332a7')
  File Path: Mathlib/Algebra/Homology/HomotopyCategory/MappingCone.lean
  Full Name: CochainComplex.mappingCone.ext_to

Status: Status.OPEN

Proof: None

Search Statistics:
  Actor Time: 563.4131011381978
  Environment Time: 39.275363108492456
  Total Time: 602.7242146800272
  Total Nodes: 794
  Searched Nodes: 21
2024-05-21 07:02:57.767 | INFO     | prover.proof_search:search:171 - 
---------------------------------

2024-05-21 07:02:57.775 | INFO     | prover.proof_search:search:113 - Proving Theorem(repo=LeanGitRepo(url='https://github.com/leanprover-community/mathlib4', commit='fe4454af900584467d21f4fd4fe951d29d9332a7'), file_path=PosixPath('Mathlib/Order/Lattice.lean'), full_name='inf_eq_right')
2024-05-21 07:03:25.827 | INFO     | prover.proof_search:_best_first_search:196 - Search timed out.
2024-05-21 07:03:36.158 | INFO     | prover.proof_search:search:170 - Search Result:

Theorem:
  Repository: LeanGitRepo(url='https://github.com/leanprover-community/mathlib4', commit='fe4454af900584467d21f4fd4fe951d29d9332a7')
  File Path: Mathlib/Topology/MetricSpace/Dilation.lean
  Full Name: Dilation.ediam_image

Status: Status.OPEN

Proof: None

Search Statistics:
  Actor Time: 521.7188980841311
  Environment Time: 84.11113076540641
  Total Time: 605.8777545790654
  Total Nodes: 730
  Searched Nodes: 23
2024-05-21 07:03:36.160 | INFO     | prover.proof_search:search:171 - 
---------------------------------

2024-05-21 07:03:36.168 | INFO     | prover.proof_search:search:113 - Proving Theorem(repo=LeanGitRepo(url='https://github.com/leanprover-community/mathlib4', commit='fe4454af900584467d21f4fd4fe951d29d9332a7'), file_path=PosixPath('Mathlib/Analysis/SpecialFunctions/Trigonometric/Deriv.lean'), full_name='Real.sinh_lt_self_iff')
2024-05-21 07:03:42.429 | INFO     | prover.proof_search:_best_first_search:204 - Found a proof!
2024-05-21 07:03:51.944 | INFO     | prover.proof_search:search:170 - Search Result:

Theorem:
  Repository: LeanGitRepo(url='https://github.com/leanprover-community/mathlib4', commit='fe4454af900584467d21f4fd4fe951d29d9332a7')
  File Path: Mathlib/Order/Lattice.lean
  Full Name: inf_eq_right

Status: Status.PROVED

Proof:
  simp [le_antisymm_iff]

Search Statistics:
  Actor Time: 14.503526058979332
  Environment Time: 0.0837962751975283
  Total Time: 14.587653556955047
  Total Nodes: 14
  Searched Nodes: 1
2024-05-21 07:03:51.945 | INFO     | prover.proof_search:search:171 - 
---------------------------------

2024-05-21 07:03:51.954 | INFO     | prover.proof_search:search:113 - Proving Theorem(repo=LeanGitRepo(url='https://github.com/leanprover-community/mathlib4', commit='fe4454af900584467d21f4fd4fe951d29d9332a7'), file_path=PosixPath('Mathlib/Data/Set/UnionLift.lean'), full_name='Set.iUnionLift_const')
2024-05-21 07:05:30.139 | INFO     | prover.proof_search:_best_first_search:196 - Search timed out.
2024-05-21 07:05:33.710 | INFO     | prover.proof_search:_best_first_search:204 - Found a proof!
2024-05-21 07:05:38.916 | INFO     | prover.proof_search:search:170 - Search Result:

Theorem:
  Repository: LeanGitRepo(url='https://github.com/leanprover-community/mathlib4', commit='fe4454af900584467d21f4fd4fe951d29d9332a7')
  File Path: Mathlib/Data/Nat/Digits.lean
  Full Name: Nat.sum_le_ofDigits

Status: Status.OPEN

Proof: None

Search Statistics:
  Actor Time: 588.743699302082
  Environment Time: 14.984693718142807
  Total Time: 603.791621461045
  Total Nodes: 1090
  Searched Nodes: 40
2024-05-21 07:05:38.917 | INFO     | prover.proof_search:search:171 - 
---------------------------------

2024-05-21 07:05:38.926 | INFO     | prover.proof_search:search:113 - Proving Theorem(repo=LeanGitRepo(url='https://github.com/leanprover-community/mathlib4', commit='fe4454af900584467d21f4fd4fe951d29d9332a7'), file_path=PosixPath('Mathlib/NumberTheory/LucasLehmer.lean'), full_name='LucasLehmer.X.mul_fst')
2024-05-21 07:05:45.929 | INFO     | prover.proof_search:search:170 - Search Result:

Theorem:
  Repository: LeanGitRepo(url='https://github.com/leanprover-community/mathlib4', commit='fe4454af900584467d21f4fd4fe951d29d9332a7')
  File Path: Mathlib/Algebra/ContinuedFractions/Translations.lean
  Full Name: GeneralizedContinuedFraction.first_denominator_eq

Status: Status.PROVED

Proof:
  simp [GeneralizedContinuedFraction.denom_eq_conts_b, zeroth_s_eq]
  simp [GeneralizedContinuedFraction.nth_cont_eq_succ_nth_cont_aux]
  simp [GeneralizedContinuedFraction.continuantsAux, GeneralizedContinuedFraction.nextContinuants, GeneralizedContinuedFraction.nextDenominator, zeroth_s_eq]

Search Statistics:
  Actor Time: 423.036737893126
  Environment Time: 2.0534802209585905
  Total Time: 425.10316596599296
  Total Nodes: 247
  Searched Nodes: 11
2024-05-21 07:05:45.930 | INFO     | prover.proof_search:search:171 - 
---------------------------------

2024-05-21 07:05:45.939 | INFO     | prover.proof_search:search:113 - Proving Theorem(repo=LeanGitRepo(url='https://github.com/leanprover-community/mathlib4', commit='fe4454af900584467d21f4fd4fe951d29d9332a7'), file_path=PosixPath('Mathlib/RingTheory/RingHomProperties.lean'), full_name='RingHom.RespectsIso.cancel_right_isIso')
2024-05-21 07:07:56.376 | INFO     | prover.proof_search:_best_first_search:204 - Found a proof!
2024-05-21 07:08:04.497 | INFO     | prover.proof_search:search:170 - Search Result:

Theorem:
  Repository: LeanGitRepo(url='https://github.com/leanprover-community/mathlib4', commit='fe4454af900584467d21f4fd4fe951d29d9332a7')
  File Path: Mathlib/NumberTheory/LucasLehmer.lean
  Full Name: LucasLehmer.X.mul_fst

Status: Status.PROVED

Proof:
  rw [← sub_eq_zero]
  apply sub_self

Search Statistics:
  Actor Time: 98.20877565594856
  Environment Time: 3.259109122096561
  Total Time: 101.4745024589356
  Total Nodes: 59
  Searched Nodes: 4
2024-05-21 07:08:04.498 | INFO     | prover.proof_search:search:171 - 
---------------------------------

2024-05-21 07:08:04.503 | INFO     | prover.proof_search:search:113 - Proving Theorem(repo=LeanGitRepo(url='https://github.com/leanprover-community/mathlib4', commit='fe4454af900584467d21f4fd4fe951d29d9332a7'), file_path=PosixPath('Mathlib/Dynamics/Ergodic/MeasurePreserving.lean'), full_name='MeasureTheory.MeasurePreserving.restrict_image_emb')
2024-05-21 07:14:35.385 | INFO     | prover.proof_search:_best_first_search:196 - Search timed out.
2024-05-21 07:14:40.017 | INFO     | prover.proof_search:_best_first_search:196 - Search timed out.
2024-05-21 07:14:46.057 | INFO     | prover.proof_search:search:170 - Search Result:

Theorem:
  Repository: LeanGitRepo(url='https://github.com/leanprover-community/mathlib4', commit='fe4454af900584467d21f4fd4fe951d29d9332a7')
  File Path: Mathlib/Analysis/SpecialFunctions/Trigonometric/Deriv.lean
  Full Name: Real.sinh_lt_self_iff

Status: Status.OPEN

Proof: None

Search Statistics:
  Actor Time: 600.0901307585882
  Environment Time: 12.475364008918405
  Total Time: 612.6105114450911
  Total Nodes: 849
  Searched Nodes: 33
2024-05-21 07:14:46.057 | INFO     | prover.proof_search:search:171 - 
---------------------------------

2024-05-21 07:14:46.066 | INFO     | prover.proof_search:search:113 - Proving Theorem(repo=LeanGitRepo(url='https://github.com/leanprover-community/mathlib4', commit='fe4454af900584467d21f4fd4fe951d29d9332a7'), file_path=PosixPath('Mathlib/Topology/Bornology/Basic.lean'), full_name='Bornology.isBounded_insert')
2024-05-21 07:14:51.503 | INFO     | prover.proof_search:search:170 - Search Result:

Theorem:
  Repository: LeanGitRepo(url='https://github.com/leanprover-community/mathlib4', commit='fe4454af900584467d21f4fd4fe951d29d9332a7')
  File Path: Mathlib/Data/Set/UnionLift.lean
  Full Name: Set.iUnionLift_const

Status: Status.OPEN

Proof: None

Search Statistics:
  Actor Time: 591.9004586419323
  Environment Time: 21.45745247893501
  Total Time: 613.4254852839513
  Total Nodes: 1657
  Searched Nodes: 39
2024-05-21 07:14:51.504 | INFO     | prover.proof_search:search:171 - 
---------------------------------

2024-05-21 07:14:51.513 | INFO     | prover.proof_search:search:113 - Proving Theorem(repo=LeanGitRepo(url='https://github.com/leanprover-community/mathlib4', commit='fe4454af900584467d21f4fd4fe951d29d9332a7'), file_path=PosixPath('Mathlib/Analysis/LocallyConvex/WithSeminorms.lean'), full_name='WithSeminorms.hasBasis')
2024-05-21 07:16:21.126 | INFO     | prover.proof_search:_best_first_search:196 - Search timed out.
2024-05-21 07:16:31.225 | INFO     | prover.proof_search:search:170 - Search Result:

Theorem:
  Repository: LeanGitRepo(url='https://github.com/leanprover-community/mathlib4', commit='fe4454af900584467d21f4fd4fe951d29d9332a7')
  File Path: Mathlib/RingTheory/RingHomProperties.lean
  Full Name: RingHom.RespectsIso.cancel_right_isIso

Status: Status.OPEN

Proof: None

Search Statistics:
  Actor Time: 567.8584041302092
  Environment Time: 32.150908592157066
  Total Time: 600.0809666910209
  Total Nodes: 1500
  Searched Nodes: 36
2024-05-21 07:16:31.226 | INFO     | prover.proof_search:search:171 - 
---------------------------------

2024-05-21 07:16:31.238 | INFO     | prover.proof_search:search:113 - Proving Theorem(repo=LeanGitRepo(url='https://github.com/leanprover-community/mathlib4', commit='fe4454af900584467d21f4fd4fe951d29d9332a7'), file_path=PosixPath('Mathlib/NumberTheory/SmoothNumbers.lean'), full_name='Nat.prime_of_mem_primesBelow')
2024-05-21 07:17:25.302 | INFO     | prover.proof_search:_best_first_search:204 - Found a proof!
2024-05-21 07:17:33.602 | INFO     | prover.proof_search:search:170 - Search Result:

Theorem:
  Repository: LeanGitRepo(url='https://github.com/leanprover-community/mathlib4', commit='fe4454af900584467d21f4fd4fe951d29d9332a7')
  File Path: Mathlib/NumberTheory/SmoothNumbers.lean
  Full Name: Nat.prime_of_mem_primesBelow

Status: Status.PROVED

Proof:
  rw [Nat.mem_primesBelow] at h
  exact h.2

Search Statistics:
  Actor Time: 23.82041857286822
  Environment Time: 0.29568894708063453
  Total Time: 24.118209953070618
  Total Nodes: 48
  Searched Nodes: 2
2024-05-21 07:17:33.604 | INFO     | prover.proof_search:search:171 - 
---------------------------------

2024-05-21 07:17:33.612 | INFO     | prover.proof_search:search:113 - Proving Theorem(repo=LeanGitRepo(url='https://github.com/leanprover-community/mathlib4', commit='fe4454af900584467d21f4fd4fe951d29d9332a7'), file_path=PosixPath('Mathlib/MeasureTheory/Measure/Stieltjes.lean'), full_name='StieltjesFunction.measure_Ioc')
2024-05-21 07:17:37.733 | INFO     | prover.proof_search:_best_first_search:204 - Found a proof!
2024-05-21 07:17:46.902 | INFO     | prover.proof_search:search:170 - Search Result:

Theorem:
  Repository: LeanGitRepo(url='https://github.com/leanprover-community/mathlib4', commit='fe4454af900584467d21f4fd4fe951d29d9332a7')
  File Path: Mathlib/Dynamics/Ergodic/MeasurePreserving.lean
  Full Name: MeasureTheory.MeasurePreserving.restrict_image_emb

Status: Status.PROVED

Proof:
  refine' ⟨hf.1, _⟩
  rw [← hf.map_eq, h₂.restrict_map]
  rw [Set.preimage_image_eq _ h₂.injective]

Search Statistics:
  Actor Time: 535.3603684538975
  Environment Time: 6.631939625600353
  Total Time: 542.0212562880479
  Total Nodes: 663
  Searched Nodes: 18
2024-05-21 07:17:46.903 | INFO     | prover.proof_search:search:171 - 
---------------------------------

2024-05-21 07:17:46.916 | INFO     | prover.proof_search:search:113 - Proving Theorem(repo=LeanGitRepo(url='https://github.com/leanprover-community/mathlib4', commit='fe4454af900584467d21f4fd4fe951d29d9332a7'), file_path=PosixPath('Mathlib/MeasureTheory/Group/Prod.lean'), full_name='MeasureTheory.absolutelyContinuous_map_mul_right')
