2024-05-20 22:38:01.210 | INFO     | prover.proof_search:__init__:107 - Using gen_type: joint.
2024-05-20 22:38:01.217 | INFO     | prover.proof_search:search:113 - Proving Theorem(repo=LeanGitRepo(url='https://github.com/leanprover-community/mathlib4', commit='fe4454af900584467d21f4fd4fe951d29d9332a7'), file_path=PosixPath('Mathlib/LinearAlgebra/Reflection.lean'), full_name='Module.preReflection_preReflection')
2024-05-20 22:38:01.362 | INFO     | prover.proof_search:__init__:107 - Using gen_type: joint.
2024-05-20 22:38:01.369 | INFO     | prover.proof_search:search:113 - Proving Theorem(repo=LeanGitRepo(url='https://github.com/leanprover-community/mathlib4', commit='fe4454af900584467d21f4fd4fe951d29d9332a7'), file_path=PosixPath('Mathlib/Order/Bounds/Basic.lean'), full_name='not_bddBelow_iff')
2024-05-20 22:38:01.551 | INFO     | prover.proof_search:__init__:107 - Using gen_type: joint.
2024-05-20 22:38:01.558 | INFO     | prover.proof_search:search:113 - Proving Theorem(repo=LeanGitRepo(url='https://github.com/leanprover-community/mathlib4', commit='fe4454af900584467d21f4fd4fe951d29d9332a7'), file_path=PosixPath('Mathlib/SetTheory/Ordinal/Principal.lean'), full_name='Ordinal.mul_omega')
2024-05-20 22:38:02.930 | INFO     | prover.proof_search:__init__:107 - Using gen_type: joint.
2024-05-20 22:38:02.941 | INFO     | prover.proof_search:search:113 - Proving Theorem(repo=LeanGitRepo(url='https://github.com/leanprover-community/mathlib4', commit='fe4454af900584467d21f4fd4fe951d29d9332a7'), file_path=PosixPath('Mathlib/MeasureTheory/Function/SimpleFuncDenseLp.lean'), full_name='MeasureTheory.Lp.simpleFunc.toLp_add')
2024-05-20 22:39:51.922 | INFO     | prover.proof_search:_best_first_search:204 - Found a proof!
2024-05-20 22:40:03.840 | INFO     | prover.proof_search:search:170 - Search Result:

Theorem:
  Repository: LeanGitRepo(url='https://github.com/leanprover-community/mathlib4', commit='fe4454af900584467d21f4fd4fe951d29d9332a7')
  File Path: Mathlib/MeasureTheory/Function/SimpleFuncDenseLp.lean
  Full Name: MeasureTheory.Lp.simpleFunc.toLp_add

Status: Status.PROVED

Proof:
  rfl

Search Statistics:
  Actor Time: 49.1193918689969
  Environment Time: 0.025930243980837986
  Total Time: 49.14600936701754
  Total Nodes: 2
  Searched Nodes: 1
2024-05-20 22:40:03.841 | INFO     | prover.proof_search:search:171 - 
---------------------------------

2024-05-20 22:42:09.325 | INFO     | prover.proof_search:_best_first_search:204 - Found a proof!
2024-05-20 22:42:21.280 | INFO     | prover.proof_search:search:170 - Search Result:

Theorem:
  Repository: LeanGitRepo(url='https://github.com/leanprover-community/mathlib4', commit='fe4454af900584467d21f4fd4fe951d29d9332a7')
  File Path: Mathlib/Order/Bounds/Basic.lean
  Full Name: not_bddBelow_iff

Status: Status.PROVED

Proof:
  simp [BddBelow]
  simp [Set.Nonempty]
  simp [lowerBounds]

Search Statistics:
  Actor Time: 194.03201259704656
  Environment Time: 3.077783489075955
  Total Time: 197.11553185497178
  Total Nodes: 85
  Searched Nodes: 5
2024-05-20 22:42:21.280 | INFO     | prover.proof_search:search:171 - 
---------------------------------

2024-05-20 22:49:38.245 | INFO     | prover.proof_search:_best_first_search:196 - Search timed out.
2024-05-20 22:49:49.975 | INFO     | prover.proof_search:search:170 - Search Result:

Theorem:
  Repository: LeanGitRepo(url='https://github.com/leanprover-community/mathlib4', commit='fe4454af900584467d21f4fd4fe951d29d9332a7')
  File Path: Mathlib/LinearAlgebra/Reflection.lean
  Full Name: Module.preReflection_preReflection

Status: Status.OPEN

Proof: None

Search Statistics:
  Actor Time: 611.5836468519992
  Environment Time: 36.715281872515334
  Total Time: 648.3189039459976
  Total Nodes: 181
  Searched Nodes: 13
2024-05-20 22:49:49.976 | INFO     | prover.proof_search:search:171 - 
---------------------------------

2024-05-20 22:49:52.243 | INFO     | prover.proof_search:_best_first_search:196 - Search timed out.
2024-05-20 22:50:04.026 | INFO     | prover.proof_search:search:170 - Search Result:

Theorem:
  Repository: LeanGitRepo(url='https://github.com/leanprover-community/mathlib4', commit='fe4454af900584467d21f4fd4fe951d29d9332a7')
  File Path: Mathlib/SetTheory/Ordinal/Principal.lean
  Full Name: Ordinal.mul_omega

Status: Status.OPEN

Proof: None

Search Statistics:
  Actor Time: 48.51886010103044
  Environment Time: 5.336190736183198
  Total Time: 659.9946385919757
  Total Nodes: 51
  Searched Nodes: 2
2024-05-20 22:50:04.027 | INFO     | prover.proof_search:search:171 - 
---------------------------------

